{
"/Users/peychev/projects/liferay-amd-loader/umd/event-emitter.js":{"path":"/Users/peychev/projects/liferay-amd-loader/umd/event-emitter.js","s":{"1":47,"2":47,"3":47,"4":47,"5":47,"6":45,"7":47,"8":1,"9":52,"10":47,"11":164,"12":164,"13":23,"14":23,"15":19,"16":19,"17":18,"18":1,"19":4,"20":119,"21":119,"22":29,"23":29,"24":27,"25":27,"26":90,"27":47},"b":{"1":[47,0],"2":[47,47],"3":[45,2],"4":[47,45],"5":[47,0],"6":[164,56],"7":[19,4],"8":[18,1],"9":[29,90]},"f":{"1":47,"2":47,"3":52,"4":164,"5":23,"6":119},"fnMap":{"1":{"name":"(anonymous_1)","line":1,"loc":{"start":{"line":1,"column":1},"end":{"line":1,"column":28}}},"2":{"name":"(anonymous_2)","line":17,"loc":{"start":{"line":17,"column":76},"end":{"line":17,"column":94}}},"3":{"name":"EventEmitter","line":27,"loc":{"start":{"line":27,"column":0},"end":{"line":27,"column":24}}},"4":{"name":"(anonymous_4)","line":40,"loc":{"start":{"line":40,"column":8},"end":{"line":40,"column":35}}},"5":{"name":"(anonymous_5)","line":52,"loc":{"start":{"line":52,"column":9},"end":{"line":52,"column":36}}},"6":{"name":"(anonymous_6)","line":75,"loc":{"start":{"line":75,"column":10},"end":{"line":75,"column":33}}}},"statementMap":{"1":{"start":{"line":1,"column":0},"end":{"line":97,"column":4}},"2":{"start":{"line":4,"column":4},"end":{"line":4,"column":32}},"3":{"start":{"line":7,"column":4},"end":{"line":9,"column":5}},"4":{"start":{"line":8,"column":8},"end":{"line":8,"column":31}},"5":{"start":{"line":12,"column":4},"end":{"line":14,"column":5},"skip":true},"6":{"start":{"line":13,"column":8},"end":{"line":13,"column":24},"skip":true},"7":{"start":{"line":16,"column":4},"end":{"line":16,"column":32}},"8":{"start":{"line":27,"column":0},"end":{"line":29,"column":1}},"9":{"start":{"line":28,"column":4},"end":{"line":28,"column":22}},"10":{"start":{"line":31,"column":0},"end":{"line":94,"column":2}},"11":{"start":{"line":41,"column":8},"end":{"line":41,"column":72}},"12":{"start":{"line":43,"column":8},"end":{"line":43,"column":33}},"13":{"start":{"line":53,"column":8},"end":{"line":53,"column":44}},"14":{"start":{"line":55,"column":8},"end":{"line":65,"column":9}},"15":{"start":{"line":56,"column":12},"end":{"line":56,"column":60}},"16":{"start":{"line":58,"column":12},"end":{"line":62,"column":13}},"17":{"start":{"line":59,"column":16},"end":{"line":59,"column":51}},"18":{"start":{"line":61,"column":16},"end":{"line":61,"column":86}},"19":{"start":{"line":64,"column":12},"end":{"line":64,"column":76}},"20":{"start":{"line":76,"column":8},"end":{"line":76,"column":44}},"21":{"start":{"line":78,"column":8},"end":{"line":92,"column":9}},"22":{"start":{"line":83,"column":12},"end":{"line":83,"column":43}},"23":{"start":{"line":85,"column":12},"end":{"line":89,"column":13}},"24":{"start":{"line":86,"column":16},"end":{"line":86,"column":44}},"25":{"start":{"line":88,"column":16},"end":{"line":88,"column":46}},"26":{"start":{"line":91,"column":12},"end":{"line":91,"column":61}},"27":{"start":{"line":96,"column":4},"end":{"line":96,"column":24}}},"branchMap":{"1":{"line":7,"type":"if","locations":[{"start":{"line":7,"column":4},"end":{"line":7,"column":4}},{"start":{"line":7,"column":4},"end":{"line":7,"column":4},"skip":true}]},"2":{"line":7,"type":"binary-expr","locations":[{"start":{"line":7,"column":8},"end":{"line":7,"column":34}},{"start":{"line":7,"column":38},"end":{"line":7,"column":44}}]},"3":{"line":12,"type":"if","locations":[{"start":{"line":12,"column":4},"end":{"line":12,"column":4},"skip":true},{"start":{"line":12,"column":4},"end":{"line":12,"column":4},"skip":true}]},"4":{"line":12,"type":"binary-expr","locations":[{"start":{"line":12,"column":8},"end":{"line":12,"column":36},"skip":true},{"start":{"line":12,"column":40},"end":{"line":12,"column":50},"skip":true}]},"5":{"line":17,"type":"cond-expr","locations":[{"start":{"line":17,"column":34},"end":{"line":17,"column":40}},{"start":{"line":17,"column":70},"end":{"line":17,"column":74},"skip":true}]},"6":{"line":41,"type":"binary-expr","locations":[{"start":{"line":41,"column":46},"end":{"line":41,"column":65}},{"start":{"line":41,"column":69},"end":{"line":41,"column":71}}]},"7":{"line":55,"type":"if","locations":[{"start":{"line":55,"column":8},"end":{"line":55,"column":8}},{"start":{"line":55,"column":8},"end":{"line":55,"column":8}}]},"8":{"line":58,"type":"if","locations":[{"start":{"line":58,"column":12},"end":{"line":58,"column":12}},{"start":{"line":58,"column":12},"end":{"line":58,"column":12}}]},"9":{"line":78,"type":"if","locations":[{"start":{"line":78,"column":8},"end":{"line":78,"column":8}},{"start":{"line":78,"column":8},"end":{"line":78,"column":8}}]}},"l":{"1":47,"4":47,"7":47,"8":47,"12":47,"13":45,"16":47,"27":1,"28":52,"31":47,"41":164,"43":164,"53":23,"55":23,"56":19,"58":19,"59":18,"61":1,"64":4,"76":119,"78":119,"83":29,"85":29,"86":27,"88":27,"91":90,"96":47}},
"/Users/peychev/projects/liferay-amd-loader/umd/config-parser.js":{"path":"/Users/peychev/projects/liferay-amd-loader/umd/config-parser.js","s":{"1":47,"2":47,"3":47,"4":47,"5":47,"6":45,"7":47,"8":1,"9":64,"10":64,"11":64,"12":64,"13":47,"14":778,"15":778,"16":51,"17":202,"18":202,"19":727,"20":778,"21":778,"22":183,"23":115,"24":496,"25":186,"26":31,"27":155,"28":155,"29":89,"30":66,"31":155,"32":191,"33":191,"34":191,"35":346,"36":346,"37":16,"38":16,"39":16,"40":16,"41":191,"42":3,"43":155,"44":64,"45":257,"46":257,"47":45,"48":212,"49":64,"50":45,"51":676,"52":676,"53":676,"54":676,"55":45,"56":778,"57":17,"58":17,"59":13,"60":17,"61":47},"b":{"1":[47,0],"2":[47,47],"3":[45,2],"4":[47,45],"5":[47,0],"6":[51,727],"7":[202,0],"8":[31,155],"9":[89,66],"10":[346,0],"11":[16,330],"12":[346,332],"13":[3,188],"14":[191,175],"15":[89,66],"16":[257,0],"17":[45,212],"18":[676,0],"19":[17,761],"20":[13,4]},"f":{"1":47,"2":47,"3":64,"4":778,"5":183,"6":115,"7":496,"8":186,"9":64,"10":45,"11":778},"fnMap":{"1":{"name":"(anonymous_1)","line":1,"loc":{"start":{"line":1,"column":1},"end":{"line":1,"column":28}}},"2":{"name":"(anonymous_2)","line":17,"loc":{"start":{"line":17,"column":76},"end":{"line":17,"column":94}}},"3":{"name":"ConfigParser","line":28,"loc":{"start":{"line":28,"column":0},"end":{"line":28,"column":30}}},"4":{"name":"(anonymous_4)","line":54,"loc":{"start":{"line":54,"column":15},"end":{"line":54,"column":33}}},"5":{"name":"(anonymous_5)","line":81,"loc":{"start":{"line":81,"column":15},"end":{"line":81,"column":27}}},"6":{"name":"(anonymous_6)","line":90,"loc":{"start":{"line":90,"column":27},"end":{"line":90,"column":39}}},"7":{"name":"(anonymous_7)","line":99,"loc":{"start":{"line":99,"column":16},"end":{"line":99,"column":28}}},"8":{"name":"(anonymous_8)","line":118,"loc":{"start":{"line":118,"column":15},"end":{"line":118,"column":32}}},"9":{"name":"(anonymous_9)","line":165,"loc":{"start":{"line":165,"column":18},"end":{"line":165,"column":36}}},"10":{"name":"(anonymous_10)","line":186,"loc":{"start":{"line":186,"column":19},"end":{"line":186,"column":38}}},"11":{"name":"(anonymous_11)","line":206,"loc":{"start":{"line":206,"column":32},"end":{"line":206,"column":50}}}},"statementMap":{"1":{"start":{"line":1,"column":0},"end":{"line":221,"column":4}},"2":{"start":{"line":4,"column":4},"end":{"line":4,"column":32}},"3":{"start":{"line":7,"column":4},"end":{"line":9,"column":5}},"4":{"start":{"line":8,"column":8},"end":{"line":8,"column":31}},"5":{"start":{"line":12,"column":4},"end":{"line":14,"column":5},"skip":true},"6":{"start":{"line":13,"column":8},"end":{"line":13,"column":24},"skip":true},"7":{"start":{"line":16,"column":4},"end":{"line":16,"column":32}},"8":{"start":{"line":28,"column":0},"end":{"line":34,"column":1}},"9":{"start":{"line":29,"column":4},"end":{"line":29,"column":22}},"10":{"start":{"line":30,"column":4},"end":{"line":30,"column":23}},"11":{"start":{"line":31,"column":4},"end":{"line":31,"column":34}},"12":{"start":{"line":33,"column":4},"end":{"line":33,"column":30}},"13":{"start":{"line":36,"column":0},"end":{"line":218,"column":2}},"14":{"start":{"line":59,"column":8},"end":{"line":59,"column":58}},"15":{"start":{"line":61,"column":8},"end":{"line":69,"column":9}},"16":{"start":{"line":62,"column":12},"end":{"line":66,"column":13}},"17":{"start":{"line":63,"column":16},"end":{"line":65,"column":17}},"18":{"start":{"line":64,"column":20},"end":{"line":64,"column":56}},"19":{"start":{"line":68,"column":12},"end":{"line":68,"column":48}},"20":{"start":{"line":71,"column":8},"end":{"line":71,"column":48}},"21":{"start":{"line":73,"column":8},"end":{"line":73,"column":42}},"22":{"start":{"line":82,"column":8},"end":{"line":82,"column":28}},"23":{"start":{"line":91,"column":8},"end":{"line":91,"column":40}},"24":{"start":{"line":100,"column":8},"end":{"line":100,"column":29}},"25":{"start":{"line":119,"column":8},"end":{"line":121,"column":9}},"26":{"start":{"line":120,"column":12},"end":{"line":120,"column":26}},"27":{"start":{"line":123,"column":8},"end":{"line":123,"column":20}},"28":{"start":{"line":125,"column":8},"end":{"line":129,"column":9}},"29":{"start":{"line":126,"column":12},"end":{"line":126,"column":29}},"30":{"start":{"line":128,"column":12},"end":{"line":128,"column":31}},"31":{"start":{"line":131,"column":8},"end":{"line":153,"column":9}},"32":{"start":{"line":132,"column":12},"end":{"line":132,"column":39}},"33":{"start":{"line":134,"column":12},"end":{"line":134,"column":30}},"34":{"start":{"line":136,"column":12},"end":{"line":147,"column":13}},"35":{"start":{"line":138,"column":16},"end":{"line":146,"column":17}},"36":{"start":{"line":139,"column":20},"end":{"line":145,"column":21}},"37":{"start":{"line":140,"column":24},"end":{"line":140,"column":97}},"38":{"start":{"line":141,"column":24},"end":{"line":141,"column":47}},"39":{"start":{"line":143,"column":24},"end":{"line":143,"column":37}},"40":{"start":{"line":144,"column":24},"end":{"line":144,"column":30}},"41":{"start":{"line":150,"column":12},"end":{"line":152,"column":13}},"42":{"start":{"line":151,"column":16},"end":{"line":151,"column":63}},"43":{"start":{"line":155,"column":8},"end":{"line":155,"column":60}},"44":{"start":{"line":166,"column":8},"end":{"line":174,"column":9}},"45":{"start":{"line":167,"column":12},"end":{"line":173,"column":13}},"46":{"start":{"line":168,"column":16},"end":{"line":172,"column":17}},"47":{"start":{"line":169,"column":20},"end":{"line":169,"column":52}},"48":{"start":{"line":171,"column":20},"end":{"line":171,"column":52}},"49":{"start":{"line":176,"column":8},"end":{"line":176,"column":28}},"50":{"start":{"line":187,"column":8},"end":{"line":195,"column":9}},"51":{"start":{"line":188,"column":12},"end":{"line":194,"column":13}},"52":{"start":{"line":189,"column":16},"end":{"line":189,"column":42}},"53":{"start":{"line":191,"column":16},"end":{"line":191,"column":34}},"54":{"start":{"line":193,"column":16},"end":{"line":193,"column":39}},"55":{"start":{"line":197,"column":8},"end":{"line":197,"column":29}},"56":{"start":{"line":208,"column":8},"end":{"line":216,"column":9}},"57":{"start":{"line":209,"column":12},"end":{"line":209,"column":85}},"58":{"start":{"line":211,"column":12},"end":{"line":213,"column":13}},"59":{"start":{"line":212,"column":16},"end":{"line":212,"column":90}},"60":{"start":{"line":215,"column":12},"end":{"line":215,"column":46}},"61":{"start":{"line":220,"column":4},"end":{"line":220,"column":24}}},"branchMap":{"1":{"line":7,"type":"if","locations":[{"start":{"line":7,"column":4},"end":{"line":7,"column":4}},{"start":{"line":7,"column":4},"end":{"line":7,"column":4},"skip":true}]},"2":{"line":7,"type":"binary-expr","locations":[{"start":{"line":7,"column":8},"end":{"line":7,"column":34}},{"start":{"line":7,"column":38},"end":{"line":7,"column":44}}]},"3":{"line":12,"type":"if","locations":[{"start":{"line":12,"column":4},"end":{"line":12,"column":4},"skip":true},{"start":{"line":12,"column":4},"end":{"line":12,"column":4},"skip":true}]},"4":{"line":12,"type":"binary-expr","locations":[{"start":{"line":12,"column":8},"end":{"line":12,"column":36},"skip":true},{"start":{"line":12,"column":40},"end":{"line":12,"column":50},"skip":true}]},"5":{"line":17,"type":"cond-expr","locations":[{"start":{"line":17,"column":34},"end":{"line":17,"column":40}},{"start":{"line":17,"column":70},"end":{"line":17,"column":74},"skip":true}]},"6":{"line":61,"type":"if","locations":[{"start":{"line":61,"column":8},"end":{"line":61,"column":8}},{"start":{"line":61,"column":8},"end":{"line":61,"column":8}}]},"7":{"line":63,"type":"if","locations":[{"start":{"line":63,"column":16},"end":{"line":63,"column":16}},{"start":{"line":63,"column":16},"end":{"line":63,"column":16}}]},"8":{"line":119,"type":"if","locations":[{"start":{"line":119,"column":8},"end":{"line":119,"column":8}},{"start":{"line":119,"column":8},"end":{"line":119,"column":8}}]},"9":{"line":125,"type":"if","locations":[{"start":{"line":125,"column":8},"end":{"line":125,"column":8}},{"start":{"line":125,"column":8},"end":{"line":125,"column":8}}]},"10":{"line":138,"type":"if","locations":[{"start":{"line":138,"column":16},"end":{"line":138,"column":16}},{"start":{"line":138,"column":16},"end":{"line":138,"column":16},"skip":true}]},"11":{"line":139,"type":"if","locations":[{"start":{"line":139,"column":20},"end":{"line":139,"column":20}},{"start":{"line":139,"column":20},"end":{"line":139,"column":20}}]},"12":{"line":139,"type":"binary-expr","locations":[{"start":{"line":139,"column":24},"end":{"line":139,"column":43}},{"start":{"line":139,"column":47},"end":{"line":139,"column":83}}]},"13":{"line":150,"type":"if","locations":[{"start":{"line":150,"column":12},"end":{"line":150,"column":12}},{"start":{"line":150,"column":12},"end":{"line":150,"column":12},"skip":true}]},"14":{"line":150,"type":"binary-expr","locations":[{"start":{"line":150,"column":15},"end":{"line":150,"column":21}},{"start":{"line":150,"column":25},"end":{"line":150,"column":69}}]},"15":{"line":155,"type":"cond-expr","locations":[{"start":{"line":155,"column":39},"end":{"line":155,"column":46}},{"start":{"line":155,"column":49},"end":{"line":155,"column":59}}]},"16":{"line":167,"type":"if","locations":[{"start":{"line":167,"column":12},"end":{"line":167,"column":12}},{"start":{"line":167,"column":12},"end":{"line":167,"column":12},"skip":true}]},"17":{"line":168,"type":"if","locations":[{"start":{"line":168,"column":16},"end":{"line":168,"column":16}},{"start":{"line":168,"column":16},"end":{"line":168,"column":16}}]},"18":{"line":188,"type":"if","locations":[{"start":{"line":188,"column":12},"end":{"line":188,"column":12}},{"start":{"line":188,"column":12},"end":{"line":188,"column":12},"skip":true}]},"19":{"line":208,"type":"if","locations":[{"start":{"line":208,"column":8},"end":{"line":208,"column":8}},{"start":{"line":208,"column":8},"end":{"line":208,"column":8}}]},"20":{"line":211,"type":"if","locations":[{"start":{"line":211,"column":12},"end":{"line":211,"column":12}},{"start":{"line":211,"column":12},"end":{"line":211,"column":12}}]}},"l":{"1":47,"4":47,"7":47,"8":47,"12":47,"13":45,"16":47,"28":1,"29":64,"30":64,"31":64,"33":64,"36":47,"59":778,"61":778,"62":51,"63":202,"64":202,"68":727,"71":778,"73":778,"82":183,"91":115,"100":496,"119":186,"120":31,"123":155,"125":155,"126":89,"128":66,"131":155,"132":191,"134":191,"136":191,"138":346,"139":346,"140":16,"141":16,"143":16,"144":16,"150":191,"151":3,"155":155,"166":64,"167":257,"168":257,"169":45,"171":212,"176":64,"187":45,"188":676,"189":676,"191":676,"193":676,"197":45,"208":778,"209":17,"211":17,"212":13,"215":17,"220":47}},
"/Users/peychev/projects/liferay-amd-loader/umd/dependency-builder.js":{"path":"/Users/peychev/projects/liferay-amd-loader/umd/dependency-builder.js","s":{"1":1,"2":1,"3":1,"4":1,"5":1,"6":0,"7":1,"8":1,"9":1,"10":42,"11":42,"12":42,"13":1,"14":54,"15":54,"16":54,"17":54,"18":51,"19":54,"20":51,"21":54,"22":54,"23":749,"24":749,"25":749,"26":749,"27":749,"28":54,"29":54,"30":113,"31":113,"32":5,"33":5,"34":6,"35":6,"36":4,"37":5,"38":54,"39":54,"40":64,"41":64,"42":19,"43":64,"44":63,"45":6,"46":1,"47":5,"48":116,"49":3,"50":113,"51":113,"52":102,"53":102,"54":102,"55":91,"56":91,"57":38,"58":53,"59":53,"60":53,"61":53,"62":3,"63":53,"64":96,"65":96,"66":96,"67":1},"b":{"1":[1,0],"2":[1,1],"3":[0,1],"4":[1,0],"5":[1,0],"6":[749,0],"7":[5,108],"8":[113,6],"9":[4,2],"10":[6,6],"11":[19,45],"12":[63,1],"13":[1,5],"14":[3,113],"15":[102,11],"16":[38,53],"17":[91,63],"18":[3,50]},"f":{"1":1,"2":1,"3":42,"4":54,"5":54,"6":113,"7":54,"8":6,"9":116},"fnMap":{"1":{"name":"(anonymous_1)","line":1,"loc":{"start":{"line":1,"column":1},"end":{"line":1,"column":28}}},"2":{"name":"(anonymous_2)","line":17,"loc":{"start":{"line":17,"column":76},"end":{"line":17,"column":94}}},"3":{"name":"DependencyBuilder","line":30,"loc":{"start":{"line":30,"column":0},"end":{"line":30,"column":41}}},"4":{"name":"(anonymous_4)","line":46,"loc":{"start":{"line":46,"column":25},"end":{"line":46,"column":44}}},"5":{"name":"(anonymous_5)","line":72,"loc":{"start":{"line":72,"column":14},"end":{"line":72,"column":26}}},"6":{"name":"(anonymous_6)","line":98,"loc":{"start":{"line":98,"column":32},"end":{"line":98,"column":50}}},"7":{"name":"(anonymous_7)","line":127,"loc":{"start":{"line":127,"column":26},"end":{"line":127,"column":38}}},"8":{"name":"(anonymous_8)","line":157,"loc":{"start":{"line":157,"column":28},"end":{"line":157,"column":52}}},"9":{"name":"(anonymous_9)","line":173,"loc":{"start":{"line":173,"column":12},"end":{"line":173,"column":29}}}},"statementMap":{"1":{"start":{"line":1,"column":0},"end":{"line":233,"column":4}},"2":{"start":{"line":4,"column":4},"end":{"line":4,"column":32}},"3":{"start":{"line":7,"column":4},"end":{"line":9,"column":5}},"4":{"start":{"line":8,"column":8},"end":{"line":8,"column":31}},"5":{"start":{"line":12,"column":4},"end":{"line":14,"column":5},"skip":true},"6":{"start":{"line":13,"column":8},"end":{"line":13,"column":24},"skip":true},"7":{"start":{"line":16,"column":4},"end":{"line":16,"column":37}},"8":{"start":{"line":21,"column":0},"end":{"line":21,"column":53}},"9":{"start":{"line":30,"column":0},"end":{"line":35,"column":1}},"10":{"start":{"line":31,"column":4},"end":{"line":31,"column":38}},"11":{"start":{"line":32,"column":4},"end":{"line":32,"column":51}},"12":{"start":{"line":34,"column":4},"end":{"line":34,"column":22}},"13":{"start":{"line":37,"column":0},"end":{"line":230,"column":2}},"14":{"start":{"line":49,"column":8},"end":{"line":49,"column":39}},"15":{"start":{"line":51,"column":8},"end":{"line":51,"column":19}},"16":{"start":{"line":53,"column":8},"end":{"line":62,"column":9}},"17":{"start":{"line":54,"column":12},"end":{"line":54,"column":40}},"18":{"start":{"line":58,"column":12},"end":{"line":58,"column":53}},"19":{"start":{"line":61,"column":12},"end":{"line":61,"column":28}},"20":{"start":{"line":64,"column":8},"end":{"line":64,"column":22}},"21":{"start":{"line":73,"column":8},"end":{"line":73,"column":54}},"22":{"start":{"line":77,"column":8},"end":{"line":85,"column":9}},"23":{"start":{"line":78,"column":12},"end":{"line":84,"column":13}},"24":{"start":{"line":79,"column":16},"end":{"line":79,"column":42}},"25":{"start":{"line":81,"column":16},"end":{"line":81,"column":47}},"26":{"start":{"line":82,"column":16},"end":{"line":82,"column":36}},"27":{"start":{"line":83,"column":16},"end":{"line":83,"column":39}},"28":{"start":{"line":87,"column":8},"end":{"line":87,"column":31}},"29":{"start":{"line":88,"column":8},"end":{"line":88,"column":32}},"30":{"start":{"line":99,"column":8},"end":{"line":99,"column":89}},"31":{"start":{"line":103,"column":8},"end":{"line":116,"column":9}},"32":{"start":{"line":104,"column":12},"end":{"line":104,"column":58}},"33":{"start":{"line":106,"column":12},"end":{"line":113,"column":13}},"34":{"start":{"line":107,"column":16},"end":{"line":107,"column":71}},"35":{"start":{"line":109,"column":16},"end":{"line":112,"column":17}},"36":{"start":{"line":111,"column":20},"end":{"line":111,"column":61}},"37":{"start":{"line":115,"column":12},"end":{"line":115,"column":42}},"38":{"start":{"line":130,"column":8},"end":{"line":130,"column":54}},"39":{"start":{"line":132,"column":8},"end":{"line":147,"column":9}},"40":{"start":{"line":133,"column":12},"end":{"line":133,"column":49}},"41":{"start":{"line":137,"column":12},"end":{"line":142,"column":13}},"42":{"start":{"line":138,"column":16},"end":{"line":141,"column":19}},"43":{"start":{"line":144,"column":12},"end":{"line":146,"column":13}},"44":{"start":{"line":145,"column":16},"end":{"line":145,"column":36}},"45":{"start":{"line":158,"column":8},"end":{"line":162,"column":9}},"46":{"start":{"line":159,"column":12},"end":{"line":159,"column":34}},"47":{"start":{"line":161,"column":12},"end":{"line":161,"column":54}},"48":{"start":{"line":175,"column":8},"end":{"line":177,"column":9}},"49":{"start":{"line":176,"column":12},"end":{"line":176,"column":140}},"50":{"start":{"line":180,"column":8},"end":{"line":180,"column":48}},"51":{"start":{"line":182,"column":8},"end":{"line":217,"column":9}},"52":{"start":{"line":183,"column":12},"end":{"line":183,"column":34}},"53":{"start":{"line":185,"column":12},"end":{"line":185,"column":58}},"54":{"start":{"line":187,"column":12},"end":{"line":210,"column":13}},"55":{"start":{"line":188,"column":16},"end":{"line":188,"column":60}},"56":{"start":{"line":190,"column":16},"end":{"line":192,"column":17}},"57":{"start":{"line":191,"column":20},"end":{"line":191,"column":29}},"58":{"start":{"line":195,"column":16},"end":{"line":195,"column":93}},"59":{"start":{"line":198,"column":16},"end":{"line":198,"column":88}},"60":{"start":{"line":199,"column":16},"end":{"line":199,"column":69}},"61":{"start":{"line":202,"column":16},"end":{"line":207,"column":17}},"62":{"start":{"line":203,"column":20},"end":{"line":206,"column":23}},"63":{"start":{"line":209,"column":16},"end":{"line":209,"column":46}},"64":{"start":{"line":212,"column":12},"end":{"line":212,"column":31}},"65":{"start":{"line":214,"column":12},"end":{"line":214,"column":35}},"66":{"start":{"line":216,"column":12},"end":{"line":216,"column":46}},"67":{"start":{"line":232,"column":4},"end":{"line":232,"column":29}}},"branchMap":{"1":{"line":7,"type":"if","locations":[{"start":{"line":7,"column":4},"end":{"line":7,"column":4}},{"start":{"line":7,"column":4},"end":{"line":7,"column":4},"skip":true}]},"2":{"line":7,"type":"binary-expr","locations":[{"start":{"line":7,"column":8},"end":{"line":7,"column":34}},{"start":{"line":7,"column":38},"end":{"line":7,"column":44}}]},"3":{"line":12,"type":"if","locations":[{"start":{"line":12,"column":4},"end":{"line":12,"column":4},"skip":true},{"start":{"line":12,"column":4},"end":{"line":12,"column":4},"skip":true}]},"4":{"line":12,"type":"binary-expr","locations":[{"start":{"line":12,"column":8},"end":{"line":12,"column":36},"skip":true},{"start":{"line":12,"column":40},"end":{"line":12,"column":50},"skip":true}]},"5":{"line":17,"type":"cond-expr","locations":[{"start":{"line":17,"column":34},"end":{"line":17,"column":40}},{"start":{"line":17,"column":70},"end":{"line":17,"column":74},"skip":true}]},"6":{"line":78,"type":"if","locations":[{"start":{"line":78,"column":12},"end":{"line":78,"column":12}},{"start":{"line":78,"column":12},"end":{"line":78,"column":12},"skip":true}]},"7":{"line":103,"type":"if","locations":[{"start":{"line":103,"column":8},"end":{"line":103,"column":8}},{"start":{"line":103,"column":8},"end":{"line":103,"column":8}}]},"8":{"line":103,"type":"binary-expr","locations":[{"start":{"line":103,"column":12},"end":{"line":103,"column":30}},{"start":{"line":103,"column":34},"end":{"line":103,"column":57}}]},"9":{"line":109,"type":"if","locations":[{"start":{"line":109,"column":16},"end":{"line":109,"column":16}},{"start":{"line":109,"column":16},"end":{"line":109,"column":16}}]},"10":{"line":109,"type":"binary-expr","locations":[{"start":{"line":109,"column":20},"end":{"line":109,"column":70}},{"start":{"line":109,"column":74},"end":{"line":109,"column":135}}]},"11":{"line":137,"type":"if","locations":[{"start":{"line":137,"column":12},"end":{"line":137,"column":12}},{"start":{"line":137,"column":12},"end":{"line":137,"column":12}}]},"12":{"line":144,"type":"if","locations":[{"start":{"line":144,"column":12},"end":{"line":144,"column":12}},{"start":{"line":144,"column":12},"end":{"line":144,"column":12}}]},"13":{"line":158,"type":"if","locations":[{"start":{"line":158,"column":8},"end":{"line":158,"column":8}},{"start":{"line":158,"column":8},"end":{"line":158,"column":8}}]},"14":{"line":175,"type":"if","locations":[{"start":{"line":175,"column":8},"end":{"line":175,"column":8}},{"start":{"line":175,"column":8},"end":{"line":175,"column":8}}]},"15":{"line":182,"type":"if","locations":[{"start":{"line":182,"column":8},"end":{"line":182,"column":8}},{"start":{"line":182,"column":8},"end":{"line":182,"column":8}}]},"16":{"line":190,"type":"if","locations":[{"start":{"line":190,"column":16},"end":{"line":190,"column":16}},{"start":{"line":190,"column":16},"end":{"line":190,"column":16}}]},"17":{"line":190,"type":"binary-expr","locations":[{"start":{"line":190,"column":20},"end":{"line":190,"column":48}},{"start":{"line":190,"column":52},"end":{"line":190,"column":79}}]},"18":{"line":202,"type":"if","locations":[{"start":{"line":202,"column":16},"end":{"line":202,"column":16}},{"start":{"line":202,"column":16},"end":{"line":202,"column":16}}]}},"l":{"1":1,"4":1,"7":1,"8":1,"12":1,"13":1,"16":1,"21":1,"30":1,"31":42,"32":42,"34":42,"37":1,"49":54,"51":54,"53":54,"54":54,"58":51,"61":54,"64":51,"73":54,"77":54,"78":749,"79":749,"81":749,"82":749,"83":749,"87":54,"88":54,"99":113,"103":113,"104":5,"106":5,"107":6,"109":6,"111":4,"115":5,"130":54,"132":54,"133":64,"137":64,"138":19,"144":64,"145":63,"158":6,"159":1,"161":5,"175":116,"176":3,"180":113,"182":113,"183":102,"185":102,"187":102,"188":91,"190":91,"191":38,"195":53,"198":53,"199":53,"202":53,"203":3,"209":53,"212":96,"214":96,"216":96,"232":1}},
"/Users/peychev/projects/liferay-amd-loader/umd/path-resolver.js":{"path":"/Users/peychev/projects/liferay-amd-loader/umd/path-resolver.js","s":{"1":1,"2":1,"3":1,"4":1,"5":1,"6":0,"7":1,"8":1,"9":1,"10":152,"11":128,"12":24,"13":24,"14":24,"15":24,"16":24,"17":39,"18":39,"19":15,"20":24,"21":18,"22":17,"23":1,"24":1,"25":6,"26":24,"27":24,"28":1},"b":{"1":[1,0],"2":[1,1],"3":[0,1],"4":[1,0],"5":[1,0],"6":[128,24],"7":[152,108,89],"8":[89,65],"9":[15,24],"10":[18,6],"11":[17,1]},"f":{"1":1,"2":1,"3":74,"4":152},"fnMap":{"1":{"name":"(anonymous_1)","line":1,"loc":{"start":{"line":1,"column":1},"end":{"line":1,"column":28}}},"2":{"name":"(anonymous_2)","line":17,"loc":{"start":{"line":17,"column":76},"end":{"line":17,"column":94}}},"3":{"name":"PathResolver","line":26,"loc":{"start":{"line":26,"column":0},"end":{"line":26,"column":24}}},"4":{"name":"(anonymous_4)","line":38,"loc":{"start":{"line":38,"column":17},"end":{"line":38,"column":44}}}},"statementMap":{"1":{"start":{"line":1,"column":0},"end":{"line":83,"column":4}},"2":{"start":{"line":4,"column":4},"end":{"line":4,"column":32}},"3":{"start":{"line":7,"column":4},"end":{"line":9,"column":5}},"4":{"start":{"line":8,"column":8},"end":{"line":8,"column":31}},"5":{"start":{"line":12,"column":4},"end":{"line":14,"column":5},"skip":true},"6":{"start":{"line":13,"column":8},"end":{"line":13,"column":24},"skip":true},"7":{"start":{"line":16,"column":4},"end":{"line":16,"column":32}},"8":{"start":{"line":26,"column":0},"end":{"line":26,"column":26}},"9":{"start":{"line":28,"column":0},"end":{"line":80,"column":2}},"10":{"start":{"line":39,"column":8},"end":{"line":43,"column":9}},"11":{"start":{"line":42,"column":12},"end":{"line":42,"column":30}},"12":{"start":{"line":46,"column":8},"end":{"line":46,"column":42}},"13":{"start":{"line":48,"column":8},"end":{"line":48,"column":34}},"14":{"start":{"line":51,"column":8},"end":{"line":51,"column":52}},"15":{"start":{"line":53,"column":8},"end":{"line":53,"column":59}},"16":{"start":{"line":55,"column":8},"end":{"line":74,"column":9}},"17":{"start":{"line":56,"column":12},"end":{"line":56,"column":52}},"18":{"start":{"line":58,"column":12},"end":{"line":73,"column":13}},"19":{"start":{"line":59,"column":16},"end":{"line":59,"column":25}},"20":{"start":{"line":61,"column":19},"end":{"line":73,"column":13}},"21":{"start":{"line":62,"column":16},"end":{"line":69,"column":17}},"22":{"start":{"line":63,"column":20},"end":{"line":63,"column":46}},"23":{"start":{"line":66,"column":20},"end":{"line":66,"column":79}},"24":{"start":{"line":68,"column":20},"end":{"line":68,"column":26}},"25":{"start":{"line":72,"column":16},"end":{"line":72,"column":49}},"26":{"start":{"line":76,"column":8},"end":{"line":76,"column":41}},"27":{"start":{"line":78,"column":8},"end":{"line":78,"column":37}},"28":{"start":{"line":82,"column":4},"end":{"line":82,"column":24}}},"branchMap":{"1":{"line":7,"type":"if","locations":[{"start":{"line":7,"column":4},"end":{"line":7,"column":4}},{"start":{"line":7,"column":4},"end":{"line":7,"column":4},"skip":true}]},"2":{"line":7,"type":"binary-expr","locations":[{"start":{"line":7,"column":8},"end":{"line":7,"column":34}},{"start":{"line":7,"column":38},"end":{"line":7,"column":44}}]},"3":{"line":12,"type":"if","locations":[{"start":{"line":12,"column":4},"end":{"line":12,"column":4},"skip":true},{"start":{"line":12,"column":4},"end":{"line":12,"column":4},"skip":true}]},"4":{"line":12,"type":"binary-expr","locations":[{"start":{"line":12,"column":8},"end":{"line":12,"column":36},"skip":true},{"start":{"line":12,"column":40},"end":{"line":12,"column":50},"skip":true}]},"5":{"line":17,"type":"cond-expr","locations":[{"start":{"line":17,"column":34},"end":{"line":17,"column":40}},{"start":{"line":17,"column":70},"end":{"line":17,"column":74},"skip":true}]},"6":{"line":39,"type":"if","locations":[{"start":{"line":39,"column":8},"end":{"line":39,"column":8}},{"start":{"line":39,"column":8},"end":{"line":39,"column":8}}]},"7":{"line":39,"type":"binary-expr","locations":[{"start":{"line":39,"column":12},"end":{"line":39,"column":36}},{"start":{"line":39,"column":40},"end":{"line":39,"column":63}},{"start":{"line":40,"column":12},"end":{"line":40,"column":78}}]},"8":{"line":40,"type":"binary-expr","locations":[{"start":{"line":40,"column":14},"end":{"line":40,"column":43}},{"start":{"line":40,"column":47},"end":{"line":40,"column":77}}]},"9":{"line":58,"type":"if","locations":[{"start":{"line":58,"column":12},"end":{"line":58,"column":12}},{"start":{"line":58,"column":12},"end":{"line":58,"column":12}}]},"10":{"line":61,"type":"if","locations":[{"start":{"line":61,"column":19},"end":{"line":61,"column":19}},{"start":{"line":61,"column":19},"end":{"line":61,"column":19}}]},"11":{"line":62,"type":"if","locations":[{"start":{"line":62,"column":16},"end":{"line":62,"column":16}},{"start":{"line":62,"column":16},"end":{"line":62,"column":16}}]}},"l":{"1":1,"4":1,"7":1,"8":1,"12":1,"13":1,"16":1,"26":1,"28":1,"39":152,"42":128,"46":24,"48":24,"51":24,"53":24,"55":24,"56":39,"58":39,"59":15,"61":24,"62":18,"63":17,"66":1,"68":1,"72":6,"76":24,"78":24,"82":1}},
"/Users/peychev/projects/liferay-amd-loader/umd/url-builder.js":{"path":"/Users/peychev/projects/liferay-amd-loader/umd/url-builder.js","s":{"1":1,"2":1,"3":1,"4":1,"5":1,"6":0,"7":1,"8":1,"9":1,"10":40,"11":1,"12":48,"13":48,"14":48,"15":48,"16":48,"17":48,"18":48,"19":48,"20":48,"21":45,"22":48,"23":94,"24":94,"25":1,"26":93,"27":93,"28":93,"29":7,"30":86,"31":65,"32":21,"33":8,"34":8,"35":13,"36":13,"37":94,"38":48,"39":5,"40":5,"41":48,"42":3,"43":3,"44":48,"45":8,"46":8,"47":8,"48":8,"49":8,"50":8,"51":13,"52":13,"53":13,"54":10,"55":10,"56":3,"57":3,"58":8,"59":8,"60":93,"61":93,"62":93,"63":93,"64":20,"65":7,"66":93,"67":2,"68":93,"69":54,"70":93,"71":1},"b":{"1":[1,0],"2":[1,1],"3":[0,1],"4":[1,0],"5":[1,0],"6":[48,3],"7":[45,3],"8":[48,45],"9":[1,93],"10":[7,86],"11":[65,21],"12":[86,22],"13":[9,56],"14":[8,13],"15":[5,43],"16":[3,45],"17":[8,4],"18":[8,6],"19":[10,3],"20":[93,49],"21":[93,41],"22":[7,13],"23":[20,14],"24":[2,91],"25":[93,93],"26":[54,39],"27":[93,86]},"f":{"1":1,"2":1,"3":40,"4":48,"5":8,"6":93,"7":20},"fnMap":{"1":{"name":"(anonymous_1)","line":1,"loc":{"start":{"line":1,"column":1},"end":{"line":1,"column":28}}},"2":{"name":"(anonymous_2)","line":17,"loc":{"start":{"line":17,"column":76},"end":{"line":17,"column":94}}},"3":{"name":"URLBuilder","line":32,"loc":{"start":{"line":32,"column":0},"end":{"line":32,"column":34}}},"4":{"name":"(anonymous_4)","line":45,"loc":{"start":{"line":45,"column":11},"end":{"line":45,"column":30}}},"5":{"name":"(anonymous_5)","line":151,"loc":{"start":{"line":151,"column":25},"end":{"line":151,"column":57}}},"6":{"name":"(anonymous_6)","line":192,"loc":{"start":{"line":192,"column":20},"end":{"line":192,"column":38}}},"7":{"name":"(anonymous_7)","line":198,"loc":{"start":{"line":198,"column":35},"end":{"line":198,"column":50}}}},"statementMap":{"1":{"start":{"line":1,"column":0},"end":{"line":219,"column":4}},"2":{"start":{"line":4,"column":4},"end":{"line":4,"column":32}},"3":{"start":{"line":7,"column":4},"end":{"line":9,"column":5}},"4":{"start":{"line":8,"column":8},"end":{"line":8,"column":31}},"5":{"start":{"line":12,"column":4},"end":{"line":14,"column":5},"skip":true},"6":{"start":{"line":13,"column":8},"end":{"line":13,"column":24},"skip":true},"7":{"start":{"line":16,"column":4},"end":{"line":16,"column":30}},"8":{"start":{"line":23,"column":0},"end":{"line":23,"column":57}},"9":{"start":{"line":32,"column":0},"end":{"line":34,"column":1}},"10":{"start":{"line":33,"column":4},"end":{"line":33,"column":38}},"11":{"start":{"line":36,"column":0},"end":{"line":216,"column":2}},"12":{"start":{"line":46,"column":8},"end":{"line":46,"column":35}},"13":{"start":{"line":47,"column":8},"end":{"line":47,"column":35}},"14":{"start":{"line":48,"column":8},"end":{"line":48,"column":36}},"15":{"start":{"line":49,"column":8},"end":{"line":49,"column":36}},"16":{"start":{"line":50,"column":8},"end":{"line":50,"column":24}},"17":{"start":{"line":52,"column":8},"end":{"line":52,"column":52}},"18":{"start":{"line":54,"column":8},"end":{"line":54,"column":45}},"19":{"start":{"line":55,"column":8},"end":{"line":55,"column":64}},"20":{"start":{"line":58,"column":8},"end":{"line":60,"column":9}},"21":{"start":{"line":59,"column":12},"end":{"line":59,"column":28}},"22":{"start":{"line":62,"column":8},"end":{"line":107,"column":9}},"23":{"start":{"line":63,"column":12},"end":{"line":63,"column":55}},"24":{"start":{"line":66,"column":12},"end":{"line":104,"column":13}},"25":{"start":{"line":67,"column":16},"end":{"line":70,"column":19}},"26":{"start":{"line":73,"column":16},"end":{"line":73,"column":55}},"27":{"start":{"line":74,"column":16},"end":{"line":74,"column":59}},"28":{"start":{"line":77,"column":16},"end":{"line":103,"column":17}},"29":{"start":{"line":78,"column":20},"end":{"line":81,"column":23}},"30":{"start":{"line":86,"column":23},"end":{"line":103,"column":17}},"31":{"start":{"line":87,"column":20},"end":{"line":90,"column":23}},"32":{"start":{"line":96,"column":20},"end":{"line":102,"column":21}},"33":{"start":{"line":97,"column":24},"end":{"line":97,"column":53}},"34":{"start":{"line":98,"column":24},"end":{"line":98,"column":61}},"35":{"start":{"line":100,"column":24},"end":{"line":100,"column":53}},"36":{"start":{"line":101,"column":24},"end":{"line":101,"column":61}},"37":{"start":{"line":106,"column":12},"end":{"line":106,"column":36}},"38":{"start":{"line":110,"column":8},"end":{"line":123,"column":9}},"39":{"start":{"line":111,"column":12},"end":{"line":121,"column":14}},"40":{"start":{"line":122,"column":12},"end":{"line":122,"column":41}},"41":{"start":{"line":125,"column":8},"end":{"line":137,"column":9}},"42":{"start":{"line":126,"column":12},"end":{"line":135,"column":14}},"43":{"start":{"line":136,"column":12},"end":{"line":136,"column":41}},"44":{"start":{"line":139,"column":8},"end":{"line":139,"column":22}},"45":{"start":{"line":152,"column":8},"end":{"line":152,"column":14}},"46":{"start":{"line":153,"column":8},"end":{"line":153,"column":45}},"47":{"start":{"line":154,"column":8},"end":{"line":154,"column":24}},"48":{"start":{"line":155,"column":8},"end":{"line":155,"column":55}},"49":{"start":{"line":157,"column":8},"end":{"line":160,"column":10}},"50":{"start":{"line":162,"column":8},"end":{"line":177,"column":9}},"51":{"start":{"line":163,"column":12},"end":{"line":163,"column":36}},"52":{"start":{"line":164,"column":12},"end":{"line":164,"column":31}},"53":{"start":{"line":166,"column":12},"end":{"line":176,"column":13}},"54":{"start":{"line":167,"column":16},"end":{"line":167,"column":47}},"55":{"start":{"line":168,"column":16},"end":{"line":168,"column":55}},"56":{"start":{"line":170,"column":16},"end":{"line":170,"column":39}},"57":{"start":{"line":172,"column":16},"end":{"line":175,"column":18}},"58":{"start":{"line":179,"column":8},"end":{"line":179,"column":31}},"59":{"start":{"line":181,"column":8},"end":{"line":181,"column":22}},"60":{"start":{"line":193,"column":8},"end":{"line":193,"column":46}},"61":{"start":{"line":195,"column":8},"end":{"line":195,"column":63}},"62":{"start":{"line":197,"column":8},"end":{"line":197,"column":26}},"63":{"start":{"line":198,"column":8},"end":{"line":203,"column":11}},"64":{"start":{"line":200,"column":12},"end":{"line":202,"column":13}},"65":{"start":{"line":201,"column":16},"end":{"line":201,"column":65}},"66":{"start":{"line":206,"column":8},"end":{"line":208,"column":9}},"67":{"start":{"line":207,"column":12},"end":{"line":207,"column":36}},"68":{"start":{"line":210,"column":8},"end":{"line":212,"column":9}},"69":{"start":{"line":211,"column":12},"end":{"line":211,"column":26}},"70":{"start":{"line":214,"column":8},"end":{"line":214,"column":20}},"71":{"start":{"line":218,"column":4},"end":{"line":218,"column":22}}},"branchMap":{"1":{"line":7,"type":"if","locations":[{"start":{"line":7,"column":4},"end":{"line":7,"column":4}},{"start":{"line":7,"column":4},"end":{"line":7,"column":4},"skip":true}]},"2":{"line":7,"type":"binary-expr","locations":[{"start":{"line":7,"column":8},"end":{"line":7,"column":34}},{"start":{"line":7,"column":38},"end":{"line":7,"column":44}}]},"3":{"line":12,"type":"if","locations":[{"start":{"line":12,"column":4},"end":{"line":12,"column":4},"skip":true},{"start":{"line":12,"column":4},"end":{"line":12,"column":4},"skip":true}]},"4":{"line":12,"type":"binary-expr","locations":[{"start":{"line":12,"column":8},"end":{"line":12,"column":36},"skip":true},{"start":{"line":12,"column":40},"end":{"line":12,"column":50},"skip":true}]},"5":{"line":17,"type":"cond-expr","locations":[{"start":{"line":17,"column":34},"end":{"line":17,"column":40}},{"start":{"line":17,"column":70},"end":{"line":17,"column":74},"skip":true}]},"6":{"line":54,"type":"binary-expr","locations":[{"start":{"line":54,"column":23},"end":{"line":54,"column":38}},{"start":{"line":54,"column":42},"end":{"line":54,"column":44}}]},"7":{"line":58,"type":"if","locations":[{"start":{"line":58,"column":8},"end":{"line":58,"column":8}},{"start":{"line":58,"column":8},"end":{"line":58,"column":8},"skip":true}]},"8":{"line":58,"type":"binary-expr","locations":[{"start":{"line":58,"column":12},"end":{"line":58,"column":27}},{"start":{"line":58,"column":31},"end":{"line":58,"column":75}}]},"9":{"line":66,"type":"if","locations":[{"start":{"line":66,"column":12},"end":{"line":66,"column":12}},{"start":{"line":66,"column":12},"end":{"line":66,"column":12}}]},"10":{"line":77,"type":"if","locations":[{"start":{"line":77,"column":16},"end":{"line":77,"column":16}},{"start":{"line":77,"column":16},"end":{"line":77,"column":16}}]},"11":{"line":86,"type":"if","locations":[{"start":{"line":86,"column":23},"end":{"line":86,"column":23}},{"start":{"line":86,"column":23},"end":{"line":86,"column":23}}]},"12":{"line":86,"type":"binary-expr","locations":[{"start":{"line":86,"column":27},"end":{"line":86,"column":42}},{"start":{"line":86,"column":46},"end":{"line":86,"column":62}}]},"13":{"line":89,"type":"cond-expr","locations":[{"start":{"line":89,"column":58},"end":{"line":89,"column":60}},{"start":{"line":89,"column":63},"end":{"line":89,"column":71}}]},"14":{"line":96,"type":"if","locations":[{"start":{"line":96,"column":20},"end":{"line":96,"column":20}},{"start":{"line":96,"column":20},"end":{"line":96,"column":20}}]},"15":{"line":110,"type":"if","locations":[{"start":{"line":110,"column":8},"end":{"line":110,"column":8}},{"start":{"line":110,"column":8},"end":{"line":110,"column":8}}]},"16":{"line":125,"type":"if","locations":[{"start":{"line":125,"column":8},"end":{"line":125,"column":8}},{"start":{"line":125,"column":8},"end":{"line":125,"column":8}}]},"17":{"line":153,"type":"binary-expr","locations":[{"start":{"line":153,"column":23},"end":{"line":153,"column":38}},{"start":{"line":153,"column":42},"end":{"line":153,"column":44}}]},"18":{"line":155,"type":"binary-expr","locations":[{"start":{"line":155,"column":27},"end":{"line":155,"column":46}},{"start":{"line":155,"column":50},"end":{"line":155,"column":54}}]},"19":{"line":166,"type":"if","locations":[{"start":{"line":166,"column":12},"end":{"line":166,"column":12}},{"start":{"line":166,"column":12},"end":{"line":166,"column":12}}]},"20":{"line":193,"type":"binary-expr","locations":[{"start":{"line":193,"column":19},"end":{"line":193,"column":30}},{"start":{"line":193,"column":34},"end":{"line":193,"column":45}}]},"21":{"line":195,"type":"binary-expr","locations":[{"start":{"line":195,"column":20},"end":{"line":195,"column":56}},{"start":{"line":195,"column":60},"end":{"line":195,"column":62}}]},"22":{"line":200,"type":"if","locations":[{"start":{"line":200,"column":12},"end":{"line":200,"column":12}},{"start":{"line":200,"column":12},"end":{"line":200,"column":12},"skip":true}]},"23":{"line":200,"type":"binary-expr","locations":[{"start":{"line":200,"column":16},"end":{"line":200,"column":29}},{"start":{"line":200,"column":33},"end":{"line":200,"column":63}}]},"24":{"line":206,"type":"if","locations":[{"start":{"line":206,"column":8},"end":{"line":206,"column":8}},{"start":{"line":206,"column":8},"end":{"line":206,"column":8},"skip":true}]},"25":{"line":206,"type":"binary-expr","locations":[{"start":{"line":206,"column":11},"end":{"line":206,"column":17}},{"start":{"line":206,"column":21},"end":{"line":206,"column":53}}]},"26":{"line":210,"type":"if","locations":[{"start":{"line":210,"column":8},"end":{"line":210,"column":8}},{"start":{"line":210,"column":8},"end":{"line":210,"column":8}}]},"27":{"line":210,"type":"binary-expr","locations":[{"start":{"line":210,"column":12},"end":{"line":210,"column":48}},{"start":{"line":210,"column":52},"end":{"line":210,"column":91}}]}},"l":{"1":1,"4":1,"7":1,"8":1,"12":1,"13":1,"16":1,"23":1,"32":1,"33":40,"36":1,"46":48,"47":48,"48":48,"49":48,"50":48,"52":48,"54":48,"55":48,"58":48,"59":45,"62":48,"63":94,"66":94,"67":1,"73":93,"74":93,"77":93,"78":7,"86":86,"87":65,"96":21,"97":8,"98":8,"100":13,"101":13,"106":94,"110":48,"111":5,"122":5,"125":48,"126":3,"136":3,"139":48,"152":8,"153":8,"154":8,"155":8,"157":8,"162":8,"163":13,"164":13,"166":13,"167":10,"168":10,"170":3,"172":3,"179":8,"181":8,"193":93,"195":93,"197":93,"198":93,"200":20,"201":7,"206":93,"207":2,"210":93,"211":54,"214":93,"218":1}},
"/Users/peychev/projects/liferay-amd-loader/umd/script-loader.js":{"path":"/Users/peychev/projects/liferay-amd-loader/umd/script-loader.js","s":{"1":46,"2":46,"3":46,"4":46,"5":46,"6":45,"7":46,"8":46,"9":46,"10":46,"11":1,"12":46,"13":46,"14":46,"15":46,"16":46,"17":46,"18":46,"19":7,"20":194,"21":194,"22":194,"23":194,"24":194,"25":194,"26":139,"27":139,"28":139,"29":139,"30":55,"31":10,"32":2,"33":2,"34":2,"35":8,"36":8,"37":8,"38":8,"39":194,"40":147,"41":10,"42":10,"43":0,"44":10,"45":10,"46":10,"47":1,"48":9,"49":147,"50":47,"51":1,"52":21,"53":43,"54":43,"55":43,"56":43,"57":43,"58":43,"59":43,"60":36,"61":36,"62":36,"63":7,"64":7,"65":15,"66":8,"67":7,"68":6,"69":6,"70":6,"71":43,"72":43,"73":43,"74":43,"75":43,"76":43,"77":43,"78":42,"79":42,"80":42,"81":11,"82":2,"83":2,"84":2,"85":2,"86":2,"87":2,"88":2,"89":2,"90":2,"91":42,"92":37,"93":37,"94":37,"95":36,"96":36,"97":6,"98":6,"99":6,"100":4,"101":9,"102":9,"103":9,"104":9,"105":9,"106":4,"107":4,"108":2,"109":2,"110":5,"111":2,"112":2,"113":2,"114":2,"115":0,"116":2,"117":5,"118":5,"119":4,"120":4,"121":4,"122":5,"123":56,"124":56,"125":56,"126":56,"127":87,"128":56,"129":56,"130":56,"131":56,"132":56,"133":52,"134":56,"135":438,"136":37,"137":438,"138":43,"139":30,"140":43,"141":10,"142":39,"143":39,"144":39,"145":39,"146":63,"147":63,"148":63,"149":87,"150":87,"151":87,"152":8,"153":39,"154":36,"155":36,"156":36,"157":41,"158":41,"159":36,"160":56,"161":28,"162":56,"163":36,"164":28,"165":36,"166":42,"167":42,"168":0,"169":42,"170":42,"171":42,"172":65,"173":65,"174":65,"175":0,"176":0,"177":65,"178":0,"179":65,"180":123,"181":8,"182":8,"183":65,"184":57,"185":42,"186":42,"187":42,"188":42,"189":42,"190":36,"191":36,"192":36,"193":57,"194":36,"195":36,"196":33,"197":32,"198":3,"199":6,"200":6,"201":0,"202":57,"203":57,"204":57,"205":57,"206":57,"207":54,"208":54,"209":54,"210":54,"211":57,"212":4,"213":4,"214":57,"215":43,"216":43,"217":43,"218":43,"219":42,"220":1,"221":1,"222":1,"223":1,"224":1,"225":0,"226":0,"227":38,"228":38,"229":61,"230":61,"231":7,"232":54,"233":4,"234":4,"235":50,"236":50,"237":50,"238":50,"239":79,"240":79,"241":40,"242":40,"243":39,"244":16,"245":16,"246":23,"247":23,"248":23,"249":50,"250":50,"251":49,"252":1,"253":50,"254":12,"255":38,"256":38,"257":62,"258":62,"259":62,"260":9,"261":9,"262":62,"263":39,"264":39,"265":39,"266":39,"267":62,"268":39,"269":38,"270":38,"271":38,"272":38,"273":61,"274":38,"275":38,"276":38,"277":38,"278":6,"279":6,"280":32,"281":46,"282":1012,"283":46},"b":{"1":[46,0],"2":[46,46],"3":[45,1],"4":[46,45],"5":[46,0],"6":[46,46],"7":[194,194],"8":[139,55],"9":[10,45],"10":[2,8],"11":[147,47],"12":[0,10],"13":[1,9],"14":[10,9],"15":[36,7],"16":[35,1],"17":[35,1],"18":[8,7],"19":[6,1],"20":[5,1],"21":[11,31],"22":[11,9],"23":[36,1],"24":[4,2],"25":[4,5],"26":[2,2],"27":[2,3],"28":[2,0],"29":[4,1],"30":[56,0],"31":[52,4],"32":[37,401],"33":[30,13],"34":[8,79],"35":[87,42,26,18],"36":[41,0],"37":[28,28],"38":[28,8],"39":[0,42],"40":[0,65],"41":[0,65],"42":[65,65],"43":[8,115],"44":[57,8],"45":[36,6],"46":[54,0],"47":[54,0,0],"48":[1,0],"49":[1,0],"50":[0,0],"51":[0,0],"52":[7,54],"53":[4,50],"54":[40,39],"55":[16,23],"56":[49,1],"57":[12,38],"58":[38,0],"59":[38,24],"60":[9,53],"61":[6,32]},"f":{"1":46,"2":46,"3":46,"4":7,"5":194,"6":10,"7":1,"8":21,"9":43,"10":43,"11":42,"12":2,"13":2,"14":37,"15":6,"16":9,"17":9,"18":5,"19":5,"20":56,"21":87,"22":438,"23":43,"24":10,"25":39,"26":36,"27":56,"28":36,"29":42,"30":42,"31":42,"32":33,"33":32,"34":3,"35":6,"36":0,"37":57,"38":57,"39":54,"40":4,"41":43,"42":43,"43":1,"44":38,"45":62,"46":39,"47":39,"48":38,"49":38,"50":1012},"fnMap":{"1":{"name":"(anonymous_1)","line":1,"loc":{"start":{"line":1,"column":1},"end":{"line":1,"column":28}}},"2":{"name":"(anonymous_2)","line":21,"loc":{"start":{"line":21,"column":76},"end":{"line":21,"column":94}}},"3":{"name":"Loader","line":33,"loc":{"start":{"line":33,"column":0},"end":{"line":33,"column":24}}},"4":{"name":"(anonymous_4)","line":53,"loc":{"start":{"line":53,"column":15},"end":{"line":53,"column":32}}},"5":{"name":"(anonymous_5)","line":82,"loc":{"start":{"line":82,"column":12},"end":{"line":82,"column":65}}},"6":{"name":"(anonymous_6)","line":115,"loc":{"start":{"line":115,"column":33},"end":{"line":115,"column":57}}},"7":{"name":"(anonymous_7)","line":145,"loc":{"start":{"line":145,"column":27},"end":{"line":145,"column":38}}},"8":{"name":"(anonymous_8)","line":155,"loc":{"start":{"line":155,"column":16},"end":{"line":155,"column":27}}},"9":{"name":"(anonymous_9)","line":171,"loc":{"start":{"line":171,"column":13},"end":{"line":171,"column":24}}},"10":{"name":"(anonymous_10)","line":217,"loc":{"start":{"line":217,"column":20},"end":{"line":217,"column":46}}},"11":{"name":"(anonymous_11)","line":220,"loc":{"start":{"line":220,"column":58},"end":{"line":220,"column":81}}},"12":{"name":"(anonymous_12)","line":227,"loc":{"start":{"line":227,"column":47},"end":{"line":227,"column":58}}},"13":{"name":"(anonymous_13)","line":233,"loc":{"start":{"line":233,"column":72},"end":{"line":233,"column":86}}},"14":{"name":"(anonymous_14)","line":246,"loc":{"start":{"line":246,"column":16},"end":{"line":246,"column":40}}},"15":{"name":"(anonymous_15)","line":255,"loc":{"start":{"line":255,"column":11},"end":{"line":255,"column":27}}},"16":{"name":"(anonymous_16)","line":274,"loc":{"start":{"line":274,"column":26},"end":{"line":274,"column":47}}},"17":{"name":"(anonymous_17)","line":277,"loc":{"start":{"line":277,"column":27},"end":{"line":277,"column":53}}},"18":{"name":"(anonymous_18)","line":290,"loc":{"start":{"line":290,"column":41},"end":{"line":290,"column":65}}},"19":{"name":"(anonymous_19)","line":307,"loc":{"start":{"line":307,"column":39},"end":{"line":307,"column":70}}},"20":{"name":"(anonymous_20)","line":335,"loc":{"start":{"line":335,"column":13},"end":{"line":335,"column":66}}},"21":{"name":"(anonymous_21)","line":346,"loc":{"start":{"line":346,"column":40},"end":{"line":346,"column":61}}},"22":{"name":"(anonymous_22)","line":370,"loc":{"start":{"line":370,"column":22},"end":{"line":370,"column":33}}},"23":{"name":"(anonymous_23)","line":385,"loc":{"start":{"line":385,"column":27},"end":{"line":385,"column":38}}},"24":{"name":"(anonymous_24)","line":401,"loc":{"start":{"line":401,"column":23},"end":{"line":401,"column":41}}},"25":{"name":"(anonymous_25)","line":414,"loc":{"start":{"line":414,"column":28},"end":{"line":414,"column":50}}},"26":{"name":"(anonymous_26)","line":447,"loc":{"start":{"line":447,"column":31},"end":{"line":447,"column":57}}},"27":{"name":"(anonymous_27)","line":468,"loc":{"start":{"line":468,"column":22},"end":{"line":468,"column":33}}},"28":{"name":"(anonymous_28)","line":483,"loc":{"start":{"line":483,"column":20},"end":{"line":483,"column":31}}},"29":{"name":"(anonymous_29)","line":500,"loc":{"start":{"line":500,"column":30},"end":{"line":500,"column":62}}},"30":{"name":"(anonymous_30)","line":549,"loc":{"start":{"line":549,"column":18},"end":{"line":549,"column":40}}},"31":{"name":"(anonymous_31)","line":552,"loc":{"start":{"line":552,"column":27},"end":{"line":552,"column":53}}},"32":{"name":"(anonymous_32)","line":571,"loc":{"start":{"line":571,"column":49},"end":{"line":571,"column":73}}},"33":{"name":"(anonymous_33)","line":576,"loc":{"start":{"line":576,"column":26},"end":{"line":576,"column":50}}},"34":{"name":"(anonymous_34)","line":581,"loc":{"start":{"line":581,"column":27},"end":{"line":581,"column":43}}},"35":{"name":"(anonymous_35)","line":587,"loc":{"start":{"line":587,"column":55},"end":{"line":587,"column":79}}},"36":{"name":"(anonymous_36)","line":592,"loc":{"start":{"line":592,"column":27},"end":{"line":592,"column":43}}},"37":{"name":"(anonymous_37)","line":609,"loc":{"start":{"line":609,"column":17},"end":{"line":609,"column":38}}},"38":{"name":"(anonymous_38)","line":612,"loc":{"start":{"line":612,"column":27},"end":{"line":612,"column":53}}},"39":{"name":"(anonymous_39)","line":619,"loc":{"start":{"line":619,"column":56},"end":{"line":619,"column":67}}},"40":{"name":"(anonymous_40)","line":631,"loc":{"start":{"line":631,"column":29},"end":{"line":631,"column":40}}},"41":{"name":"(anonymous_41)","line":649,"loc":{"start":{"line":649,"column":26},"end":{"line":649,"column":44}}},"42":{"name":"(anonymous_42)","line":652,"loc":{"start":{"line":652,"column":27},"end":{"line":652,"column":53}}},"43":{"name":"(anonymous_43)","line":672,"loc":{"start":{"line":672,"column":39},"end":{"line":672,"column":53}}},"44":{"name":"(anonymous_44)","line":690,"loc":{"start":{"line":690,"column":30},"end":{"line":690,"column":48}}},"45":{"name":"(anonymous_45)","line":764,"loc":{"start":{"line":764,"column":20},"end":{"line":764,"column":41}}},"46":{"name":"(anonymous_46)","line":789,"loc":{"start":{"line":789,"column":21},"end":{"line":789,"column":43}}},"47":{"name":"(anonymous_47)","line":792,"loc":{"start":{"line":792,"column":27},"end":{"line":792,"column":53}}},"48":{"name":"(anonymous_48)","line":800,"loc":{"start":{"line":800,"column":46},"end":{"line":800,"column":72}}},"49":{"name":"(anonymous_49)","line":807,"loc":{"start":{"line":807,"column":36},"end":{"line":807,"column":47}}},"50":{"name":"(anonymous_50)","line":839,"loc":{"start":{"line":839,"column":40},"end":{"line":839,"column":54}}}},"statementMap":{"1":{"start":{"line":1,"column":0},"end":{"line":845,"column":4}},"2":{"start":{"line":4,"column":4},"end":{"line":4,"column":32}},"3":{"start":{"line":7,"column":4},"end":{"line":9,"column":5}},"4":{"start":{"line":8,"column":8},"end":{"line":8,"column":31}},"5":{"start":{"line":12,"column":4},"end":{"line":14,"column":5},"skip":true},"6":{"start":{"line":13,"column":8},"end":{"line":13,"column":24},"skip":true},"7":{"start":{"line":17,"column":4},"end":{"line":17,"column":32}},"8":{"start":{"line":18,"column":4},"end":{"line":18,"column":63}},"9":{"start":{"line":19,"column":4},"end":{"line":19,"column":61}},"10":{"start":{"line":20,"column":4},"end":{"line":20,"column":27}},"11":{"start":{"line":33,"column":0},"end":{"line":39,"column":1}},"12":{"start":{"line":34,"column":4},"end":{"line":34,"column":57}},"13":{"start":{"line":36,"column":4},"end":{"line":36,"column":47}},"14":{"start":{"line":38,"column":4},"end":{"line":38,"column":26}},"15":{"start":{"line":41,"column":0},"end":{"line":41,"column":64}},"16":{"start":{"line":42,"column":0},"end":{"line":42,"column":38}},"17":{"start":{"line":43,"column":0},"end":{"line":43,"column":50}},"18":{"start":{"line":45,"column":0},"end":{"line":837,"column":2}},"19":{"start":{"line":54,"column":8},"end":{"line":54,"column":57}},"20":{"start":{"line":83,"column":8},"end":{"line":83,"column":24}},"21":{"start":{"line":85,"column":8},"end":{"line":85,"column":15}},"22":{"start":{"line":87,"column":8},"end":{"line":87,"column":30}},"23":{"start":{"line":89,"column":8},"end":{"line":89,"column":47}},"24":{"start":{"line":91,"column":8},"end":{"line":91,"column":33}},"25":{"start":{"line":93,"column":8},"end":{"line":111,"column":9}},"26":{"start":{"line":94,"column":12},"end":{"line":94,"column":19}},"27":{"start":{"line":95,"column":12},"end":{"line":95,"column":42}},"28":{"start":{"line":96,"column":12},"end":{"line":96,"column":49}},"29":{"start":{"line":97,"column":12},"end":{"line":97,"column":36}},"30":{"start":{"line":98,"column":15},"end":{"line":111,"column":9}},"31":{"start":{"line":99,"column":12},"end":{"line":110,"column":13}},"32":{"start":{"line":100,"column":16},"end":{"line":100,"column":23}},"33":{"start":{"line":103,"column":16},"end":{"line":103,"column":53}},"34":{"start":{"line":104,"column":16},"end":{"line":104,"column":46}},"35":{"start":{"line":106,"column":16},"end":{"line":106,"column":23}},"36":{"start":{"line":107,"column":16},"end":{"line":107,"column":44}},"37":{"start":{"line":108,"column":16},"end":{"line":108,"column":46}},"38":{"start":{"line":109,"column":16},"end":{"line":109,"column":40}},"39":{"start":{"line":113,"column":8},"end":{"line":136,"column":9}},"40":{"start":{"line":115,"column":12},"end":{"line":130,"column":14}},"41":{"start":{"line":116,"column":16},"end":{"line":116,"column":57}},"42":{"start":{"line":118,"column":16},"end":{"line":129,"column":17}},"43":{"start":{"line":119,"column":20},"end":{"line":119,"column":86}},"44":{"start":{"line":121,"column":20},"end":{"line":121,"column":54}},"45":{"start":{"line":122,"column":20},"end":{"line":122,"column":63}},"46":{"start":{"line":124,"column":20},"end":{"line":126,"column":21}},"47":{"start":{"line":125,"column":24},"end":{"line":125,"column":90}},"48":{"start":{"line":128,"column":20},"end":{"line":128,"column":83}},"49":{"start":{"line":132,"column":12},"end":{"line":132,"column":52}},"50":{"start":{"line":135,"column":12},"end":{"line":135,"column":69}},"51":{"start":{"line":146,"column":8},"end":{"line":146,"column":63}},"52":{"start":{"line":156,"column":8},"end":{"line":156,"column":52}},"53":{"start":{"line":172,"column":8},"end":{"line":172,"column":24}},"54":{"start":{"line":174,"column":8},"end":{"line":174,"column":15}},"55":{"start":{"line":176,"column":8},"end":{"line":176,"column":28}},"56":{"start":{"line":177,"column":8},"end":{"line":177,"column":14}},"57":{"start":{"line":178,"column":8},"end":{"line":178,"column":20}},"58":{"start":{"line":179,"column":8},"end":{"line":179,"column":28}},"59":{"start":{"line":184,"column":8},"end":{"line":204,"column":9}},"60":{"start":{"line":185,"column":12},"end":{"line":185,"column":35}},"61":{"start":{"line":186,"column":12},"end":{"line":186,"column":87}},"62":{"start":{"line":187,"column":12},"end":{"line":187,"column":87}},"63":{"start":{"line":190,"column":12},"end":{"line":190,"column":25}},"64":{"start":{"line":192,"column":12},"end":{"line":203,"column":13}},"65":{"start":{"line":193,"column":16},"end":{"line":202,"column":17}},"66":{"start":{"line":194,"column":20},"end":{"line":194,"column":46}},"67":{"start":{"line":197,"column":23},"end":{"line":202,"column":17}},"68":{"start":{"line":198,"column":20},"end":{"line":198,"column":51}},"69":{"start":{"line":199,"column":20},"end":{"line":199,"column":124}},"70":{"start":{"line":201,"column":20},"end":{"line":201,"column":26}},"71":{"start":{"line":206,"column":8},"end":{"line":206,"column":15}},"72":{"start":{"line":208,"column":8},"end":{"line":208,"column":51}},"73":{"start":{"line":211,"column":8},"end":{"line":211,"column":60}},"74":{"start":{"line":213,"column":8},"end":{"line":213,"column":15}},"75":{"start":{"line":215,"column":8},"end":{"line":215,"column":26}},"76":{"start":{"line":217,"column":8},"end":{"line":263,"column":11}},"77":{"start":{"line":220,"column":12},"end":{"line":245,"column":23}},"78":{"start":{"line":221,"column":16},"end":{"line":221,"column":23}},"79":{"start":{"line":223,"column":16},"end":{"line":223,"column":54}},"80":{"start":{"line":226,"column":16},"end":{"line":241,"column":17}},"81":{"start":{"line":227,"column":20},"end":{"line":240,"column":51}},"82":{"start":{"line":228,"column":24},"end":{"line":228,"column":74}},"83":{"start":{"line":230,"column":24},"end":{"line":230,"column":86}},"84":{"start":{"line":231,"column":24},"end":{"line":231,"column":57}},"85":{"start":{"line":232,"column":24},"end":{"line":232,"column":60}},"86":{"start":{"line":233,"column":24},"end":{"line":235,"column":27}},"87":{"start":{"line":234,"column":28},"end":{"line":234,"column":74}},"88":{"start":{"line":236,"column":24},"end":{"line":236,"column":48}},"89":{"start":{"line":238,"column":24},"end":{"line":238,"column":31}},"90":{"start":{"line":239,"column":24},"end":{"line":239,"column":38}},"91":{"start":{"line":244,"column":16},"end":{"line":244,"column":70}},"92":{"start":{"line":247,"column":12},"end":{"line":247,"column":19}},"93":{"start":{"line":248,"column":12},"end":{"line":248,"column":40}},"94":{"start":{"line":251,"column":12},"end":{"line":254,"column":13}},"95":{"start":{"line":252,"column":16},"end":{"line":252,"column":90}},"96":{"start":{"line":253,"column":16},"end":{"line":253,"column":78}},"97":{"start":{"line":256,"column":12},"end":{"line":256,"column":19}},"98":{"start":{"line":257,"column":12},"end":{"line":257,"column":40}},"99":{"start":{"line":260,"column":12},"end":{"line":262,"column":13}},"100":{"start":{"line":261,"column":16},"end":{"line":261,"column":61}},"101":{"start":{"line":275,"column":8},"end":{"line":275,"column":24}},"102":{"start":{"line":277,"column":8},"end":{"line":321,"column":11}},"103":{"start":{"line":278,"column":12},"end":{"line":278,"column":73}},"104":{"start":{"line":282,"column":12},"end":{"line":282,"column":55}},"105":{"start":{"line":284,"column":12},"end":{"line":320,"column":13}},"106":{"start":{"line":285,"column":16},"end":{"line":285,"column":75}},"107":{"start":{"line":287,"column":16},"end":{"line":305,"column":17}},"108":{"start":{"line":288,"column":20},"end":{"line":288,"column":43}},"109":{"start":{"line":290,"column":20},"end":{"line":302,"column":22}},"110":{"start":{"line":291,"column":24},"end":{"line":301,"column":25}},"111":{"start":{"line":292,"column":28},"end":{"line":292,"column":69}},"112":{"start":{"line":294,"column":28},"end":{"line":294,"column":87}},"113":{"start":{"line":296,"column":28},"end":{"line":300,"column":29}},"114":{"start":{"line":297,"column":32},"end":{"line":297,"column":55}},"115":{"start":{"line":299,"column":32},"end":{"line":299,"column":134}},"116":{"start":{"line":304,"column":20},"end":{"line":304,"column":60}},"117":{"start":{"line":307,"column":16},"end":{"line":317,"column":18}},"118":{"start":{"line":308,"column":20},"end":{"line":316,"column":21}},"119":{"start":{"line":309,"column":24},"end":{"line":309,"column":69}},"120":{"start":{"line":313,"column":24},"end":{"line":313,"column":60}},"121":{"start":{"line":315,"column":24},"end":{"line":315,"column":44}},"122":{"start":{"line":319,"column":16},"end":{"line":319,"column":60}},"123":{"start":{"line":338,"column":8},"end":{"line":338,"column":34}},"124":{"start":{"line":339,"column":8},"end":{"line":339,"column":51}},"125":{"start":{"line":341,"column":8},"end":{"line":341,"column":51}},"126":{"start":{"line":346,"column":8},"end":{"line":348,"column":11}},"127":{"start":{"line":347,"column":12},"end":{"line":347,"column":62}},"128":{"start":{"line":350,"column":8},"end":{"line":350,"column":27}},"129":{"start":{"line":351,"column":8},"end":{"line":351,"column":43}},"130":{"start":{"line":352,"column":8},"end":{"line":352,"column":54}},"131":{"start":{"line":354,"column":8},"end":{"line":354,"column":39}},"132":{"start":{"line":356,"column":8},"end":{"line":358,"column":9}},"133":{"start":{"line":357,"column":12},"end":{"line":357,"column":49}},"134":{"start":{"line":360,"column":8},"end":{"line":360,"column":42}},"135":{"start":{"line":371,"column":8},"end":{"line":373,"column":9}},"136":{"start":{"line":372,"column":12},"end":{"line":372,"column":71}},"137":{"start":{"line":375,"column":8},"end":{"line":375,"column":34}},"138":{"start":{"line":386,"column":8},"end":{"line":388,"column":9}},"139":{"start":{"line":387,"column":12},"end":{"line":387,"column":92}},"140":{"start":{"line":390,"column":8},"end":{"line":390,"column":39}},"141":{"start":{"line":402,"column":8},"end":{"line":402,"column":42}},"142":{"start":{"line":415,"column":8},"end":{"line":415,"column":51}},"143":{"start":{"line":416,"column":8},"end":{"line":416,"column":58}},"144":{"start":{"line":418,"column":8},"end":{"line":418,"column":54}},"145":{"start":{"line":420,"column":8},"end":{"line":434,"column":9}},"146":{"start":{"line":421,"column":12},"end":{"line":421,"column":59}},"147":{"start":{"line":423,"column":12},"end":{"line":423,"column":81}},"148":{"start":{"line":425,"column":12},"end":{"line":433,"column":13}},"149":{"start":{"line":426,"column":16},"end":{"line":426,"column":55}},"150":{"start":{"line":428,"column":16},"end":{"line":428,"column":69}},"151":{"start":{"line":430,"column":16},"end":{"line":432,"column":17}},"152":{"start":{"line":431,"column":20},"end":{"line":431,"column":56}},"153":{"start":{"line":436,"column":8},"end":{"line":436,"column":48}},"154":{"start":{"line":448,"column":8},"end":{"line":448,"column":39}},"155":{"start":{"line":450,"column":8},"end":{"line":450,"column":59}},"156":{"start":{"line":452,"column":8},"end":{"line":456,"column":9}},"157":{"start":{"line":453,"column":12},"end":{"line":453,"column":61}},"158":{"start":{"line":455,"column":12},"end":{"line":455,"column":99}},"159":{"start":{"line":458,"column":8},"end":{"line":458,"column":37}},"160":{"start":{"line":469,"column":8},"end":{"line":471,"column":9}},"161":{"start":{"line":470,"column":12},"end":{"line":470,"column":59}},"162":{"start":{"line":473,"column":8},"end":{"line":473,"column":34}},"163":{"start":{"line":484,"column":8},"end":{"line":486,"column":9}},"164":{"start":{"line":485,"column":12},"end":{"line":485,"column":78}},"165":{"start":{"line":488,"column":8},"end":{"line":488,"column":32}},"166":{"start":{"line":501,"column":8},"end":{"line":501,"column":34}},"167":{"start":{"line":503,"column":8},"end":{"line":505,"column":9}},"168":{"start":{"line":504,"column":12},"end":{"line":504,"column":36}},"169":{"start":{"line":507,"column":8},"end":{"line":507,"column":32}},"170":{"start":{"line":509,"column":8},"end":{"line":509,"column":69}},"171":{"start":{"line":511,"column":8},"end":{"line":536,"column":9}},"172":{"start":{"line":512,"column":12},"end":{"line":512,"column":44}},"173":{"start":{"line":514,"column":12},"end":{"line":514,"column":69}},"174":{"start":{"line":516,"column":12},"end":{"line":519,"column":13}},"175":{"start":{"line":517,"column":16},"end":{"line":517,"column":48}},"176":{"start":{"line":518,"column":16},"end":{"line":518,"column":25}},"177":{"start":{"line":522,"column":12},"end":{"line":524,"column":13}},"178":{"start":{"line":523,"column":16},"end":{"line":523,"column":25}},"179":{"start":{"line":526,"column":12},"end":{"line":531,"column":13}},"180":{"start":{"line":527,"column":16},"end":{"line":530,"column":17}},"181":{"start":{"line":528,"column":20},"end":{"line":528,"column":33}},"182":{"start":{"line":529,"column":20},"end":{"line":529,"column":26}},"183":{"start":{"line":533,"column":12},"end":{"line":535,"column":13}},"184":{"start":{"line":534,"column":16},"end":{"line":534,"column":48}},"185":{"start":{"line":538,"column":8},"end":{"line":538,"column":30}},"186":{"start":{"line":550,"column":8},"end":{"line":550,"column":24}},"187":{"start":{"line":552,"column":8},"end":{"line":596,"column":11}},"188":{"start":{"line":554,"column":12},"end":{"line":554,"column":119}},"189":{"start":{"line":556,"column":12},"end":{"line":595,"column":13}},"190":{"start":{"line":558,"column":16},"end":{"line":558,"column":80}},"191":{"start":{"line":560,"column":16},"end":{"line":560,"column":40}},"192":{"start":{"line":563,"column":16},"end":{"line":565,"column":17}},"193":{"start":{"line":564,"column":20},"end":{"line":564,"column":73}},"194":{"start":{"line":570,"column":16},"end":{"line":570,"column":23}},"195":{"start":{"line":571,"column":16},"end":{"line":583,"column":23}},"196":{"start":{"line":572,"column":24},"end":{"line":572,"column":65}},"197":{"start":{"line":577,"column":24},"end":{"line":577,"column":47}},"198":{"start":{"line":582,"column":24},"end":{"line":582,"column":38}},"199":{"start":{"line":587,"column":16},"end":{"line":594,"column":23}},"200":{"start":{"line":588,"column":24},"end":{"line":588,"column":47}},"201":{"start":{"line":593,"column":24},"end":{"line":593,"column":38}},"202":{"start":{"line":610,"column":8},"end":{"line":610,"column":24}},"203":{"start":{"line":612,"column":8},"end":{"line":638,"column":11}},"204":{"start":{"line":613,"column":12},"end":{"line":613,"column":58}},"205":{"start":{"line":615,"column":12},"end":{"line":615,"column":40}},"206":{"start":{"line":619,"column":12},"end":{"line":628,"column":14}},"207":{"start":{"line":620,"column":16},"end":{"line":627,"column":17}},"208":{"start":{"line":622,"column":20},"end":{"line":622,"column":69}},"209":{"start":{"line":624,"column":20},"end":{"line":624,"column":36}},"210":{"start":{"line":626,"column":20},"end":{"line":626,"column":66}},"211":{"start":{"line":631,"column":12},"end":{"line":635,"column":14}},"212":{"start":{"line":632,"column":16},"end":{"line":632,"column":50}},"213":{"start":{"line":634,"column":16},"end":{"line":634,"column":31}},"214":{"start":{"line":637,"column":12},"end":{"line":637,"column":46}},"215":{"start":{"line":650,"column":8},"end":{"line":650,"column":24}},"216":{"start":{"line":652,"column":8},"end":{"line":660,"column":11}},"217":{"start":{"line":653,"column":12},"end":{"line":659,"column":13}},"218":{"start":{"line":654,"column":16},"end":{"line":654,"column":93}},"219":{"start":{"line":656,"column":16},"end":{"line":656,"column":38}},"220":{"start":{"line":658,"column":16},"end":{"line":658,"column":30}},"221":{"start":{"line":673,"column":8},"end":{"line":673,"column":74}},"222":{"start":{"line":674,"column":8},"end":{"line":674,"column":72}},"223":{"start":{"line":676,"column":8},"end":{"line":680,"column":9}},"224":{"start":{"line":677,"column":12},"end":{"line":677,"column":42}},"225":{"start":{"line":678,"column":15},"end":{"line":680,"column":9}},"226":{"start":{"line":679,"column":12},"end":{"line":679,"column":61}},"227":{"start":{"line":691,"column":8},"end":{"line":691,"column":69}},"228":{"start":{"line":693,"column":8},"end":{"line":753,"column":9}},"229":{"start":{"line":694,"column":12},"end":{"line":694,"column":36}},"230":{"start":{"line":696,"column":12},"end":{"line":701,"column":13}},"231":{"start":{"line":697,"column":16},"end":{"line":697,"column":25}},"232":{"start":{"line":698,"column":19},"end":{"line":701,"column":13}},"233":{"start":{"line":699,"column":16},"end":{"line":699,"column":110}},"234":{"start":{"line":700,"column":16},"end":{"line":700,"column":25}},"235":{"start":{"line":703,"column":12},"end":{"line":703,"column":47}},"236":{"start":{"line":706,"column":12},"end":{"line":706,"column":28}},"237":{"start":{"line":707,"column":12},"end":{"line":707,"column":55}},"238":{"start":{"line":709,"column":12},"end":{"line":731,"column":13}},"239":{"start":{"line":710,"column":16},"end":{"line":710,"column":56}},"240":{"start":{"line":715,"column":16},"end":{"line":730,"column":17}},"241":{"start":{"line":716,"column":20},"end":{"line":716,"column":37}},"242":{"start":{"line":718,"column":20},"end":{"line":718,"column":64}},"243":{"start":{"line":719,"column":23},"end":{"line":730,"column":17}},"244":{"start":{"line":720,"column":20},"end":{"line":720,"column":50}},"245":{"start":{"line":722,"column":20},"end":{"line":722,"column":64}},"246":{"start":{"line":725,"column":20},"end":{"line":725,"column":97}},"247":{"start":{"line":727,"column":20},"end":{"line":727,"column":63}},"248":{"start":{"line":729,"column":20},"end":{"line":729,"column":57}},"249":{"start":{"line":733,"column":12},"end":{"line":733,"column":23}},"250":{"start":{"line":735,"column":12},"end":{"line":739,"column":13}},"251":{"start":{"line":736,"column":16},"end":{"line":736,"column":117}},"252":{"start":{"line":738,"column":16},"end":{"line":738,"column":54}},"253":{"start":{"line":748,"column":12},"end":{"line":752,"column":13}},"254":{"start":{"line":749,"column":16},"end":{"line":749,"column":47}},"255":{"start":{"line":750,"column":19},"end":{"line":752,"column":13}},"256":{"start":{"line":751,"column":16},"end":{"line":751,"column":75}},"257":{"start":{"line":765,"column":8},"end":{"line":765,"column":24}},"258":{"start":{"line":769,"column":8},"end":{"line":769,"column":57}},"259":{"start":{"line":771,"column":8},"end":{"line":775,"column":9}},"260":{"start":{"line":772,"column":12},"end":{"line":772,"column":66}},"261":{"start":{"line":774,"column":12},"end":{"line":774,"column":57}},"262":{"start":{"line":777,"column":8},"end":{"line":777,"column":29}},"263":{"start":{"line":790,"column":8},"end":{"line":790,"column":24}},"264":{"start":{"line":792,"column":8},"end":{"line":828,"column":11}},"265":{"start":{"line":793,"column":12},"end":{"line":793,"column":37}},"266":{"start":{"line":795,"column":12},"end":{"line":797,"column":13}},"267":{"start":{"line":796,"column":16},"end":{"line":796,"column":74}},"268":{"start":{"line":800,"column":12},"end":{"line":827,"column":23}},"269":{"start":{"line":805,"column":16},"end":{"line":805,"column":77}},"270":{"start":{"line":807,"column":16},"end":{"line":817,"column":18}},"271":{"start":{"line":808,"column":20},"end":{"line":808,"column":44}},"272":{"start":{"line":810,"column":20},"end":{"line":812,"column":21}},"273":{"start":{"line":811,"column":24},"end":{"line":811,"column":79}},"274":{"start":{"line":814,"column":20},"end":{"line":814,"column":66}},"275":{"start":{"line":816,"column":20},"end":{"line":816,"column":44}},"276":{"start":{"line":819,"column":16},"end":{"line":819,"column":83}},"277":{"start":{"line":821,"column":16},"end":{"line":826,"column":17}},"278":{"start":{"line":822,"column":20},"end":{"line":822,"column":27}},"279":{"start":{"line":823,"column":20},"end":{"line":823,"column":77}},"280":{"start":{"line":825,"column":20},"end":{"line":825,"column":36}},"281":{"start":{"line":839,"column":0},"end":{"line":841,"column":3}},"282":{"start":{"line":840,"column":4},"end":{"line":840,"column":52}},"283":{"start":{"line":844,"column":4},"end":{"line":844,"column":18}}},"branchMap":{"1":{"line":7,"type":"if","locations":[{"start":{"line":7,"column":4},"end":{"line":7,"column":4}},{"start":{"line":7,"column":4},"end":{"line":7,"column":4},"skip":true}]},"2":{"line":7,"type":"binary-expr","locations":[{"start":{"line":7,"column":8},"end":{"line":7,"column":34}},{"start":{"line":7,"column":38},"end":{"line":7,"column":44}}]},"3":{"line":12,"type":"if","locations":[{"start":{"line":12,"column":4},"end":{"line":12,"column":4},"skip":true},{"start":{"line":12,"column":4},"end":{"line":12,"column":4},"skip":true}]},"4":{"line":12,"type":"binary-expr","locations":[{"start":{"line":12,"column":8},"end":{"line":12,"column":36},"skip":true},{"start":{"line":12,"column":40},"end":{"line":12,"column":50},"skip":true}]},"5":{"line":21,"type":"cond-expr","locations":[{"start":{"line":21,"column":34},"end":{"line":21,"column":40}},{"start":{"line":21,"column":70},"end":{"line":21,"column":74},"skip":true}]},"6":{"line":36,"type":"binary-expr","locations":[{"start":{"line":36,"column":19},"end":{"line":36,"column":25}},{"start":{"line":36,"column":29},"end":{"line":36,"column":46}}]},"7":{"line":87,"type":"binary-expr","locations":[{"start":{"line":87,"column":17},"end":{"line":87,"column":23}},{"start":{"line":87,"column":27},"end":{"line":87,"column":29}}]},"8":{"line":93,"type":"if","locations":[{"start":{"line":93,"column":8},"end":{"line":93,"column":8}},{"start":{"line":93,"column":8},"end":{"line":93,"column":8}}]},"9":{"line":98,"type":"if","locations":[{"start":{"line":98,"column":15},"end":{"line":98,"column":15}},{"start":{"line":98,"column":15},"end":{"line":98,"column":15}}]},"10":{"line":99,"type":"if","locations":[{"start":{"line":99,"column":12},"end":{"line":99,"column":12}},{"start":{"line":99,"column":12},"end":{"line":99,"column":12}}]},"11":{"line":113,"type":"if","locations":[{"start":{"line":113,"column":8},"end":{"line":113,"column":8}},{"start":{"line":113,"column":8},"end":{"line":113,"column":8}}]},"12":{"line":118,"type":"if","locations":[{"start":{"line":118,"column":16},"end":{"line":118,"column":16}},{"start":{"line":118,"column":16},"end":{"line":118,"column":16}}]},"13":{"line":124,"type":"if","locations":[{"start":{"line":124,"column":20},"end":{"line":124,"column":20}},{"start":{"line":124,"column":20},"end":{"line":124,"column":20}}]},"14":{"line":124,"type":"binary-expr","locations":[{"start":{"line":124,"column":24},"end":{"line":124,"column":30}},{"start":{"line":124,"column":34},"end":{"line":124,"column":62}}]},"15":{"line":184,"type":"if","locations":[{"start":{"line":184,"column":8},"end":{"line":184,"column":8}},{"start":{"line":184,"column":8},"end":{"line":184,"column":8}}]},"16":{"line":186,"type":"cond-expr","locations":[{"start":{"line":186,"column":67},"end":{"line":186,"column":79}},{"start":{"line":186,"column":82},"end":{"line":186,"column":86}}]},"17":{"line":187,"type":"cond-expr","locations":[{"start":{"line":187,"column":67},"end":{"line":187,"column":79}},{"start":{"line":187,"column":82},"end":{"line":187,"column":86}}]},"18":{"line":193,"type":"if","locations":[{"start":{"line":193,"column":16},"end":{"line":193,"column":16}},{"start":{"line":193,"column":16},"end":{"line":193,"column":16}}]},"19":{"line":197,"type":"if","locations":[{"start":{"line":197,"column":23},"end":{"line":197,"column":23}},{"start":{"line":197,"column":23},"end":{"line":197,"column":23},"skip":true}]},"20":{"line":199,"type":"cond-expr","locations":[{"start":{"line":199,"column":77},"end":{"line":199,"column":89}},{"start":{"line":199,"column":119},"end":{"line":199,"column":123},"skip":true}]},"21":{"line":226,"type":"if","locations":[{"start":{"line":226,"column":16},"end":{"line":226,"column":16}},{"start":{"line":226,"column":16},"end":{"line":226,"column":16}}]},"22":{"line":240,"type":"binary-expr","locations":[{"start":{"line":240,"column":23},"end":{"line":240,"column":41}},{"start":{"line":240,"column":45},"end":{"line":240,"column":49}}]},"23":{"line":251,"type":"if","locations":[{"start":{"line":251,"column":12},"end":{"line":251,"column":12}},{"start":{"line":251,"column":12},"end":{"line":251,"column":12},"skip":true}]},"24":{"line":260,"type":"if","locations":[{"start":{"line":260,"column":12},"end":{"line":260,"column":12}},{"start":{"line":260,"column":12},"end":{"line":260,"column":12},"skip":true}]},"25":{"line":284,"type":"if","locations":[{"start":{"line":284,"column":12},"end":{"line":284,"column":12}},{"start":{"line":284,"column":12},"end":{"line":284,"column":12}}]},"26":{"line":287,"type":"if","locations":[{"start":{"line":287,"column":16},"end":{"line":287,"column":16}},{"start":{"line":287,"column":16},"end":{"line":287,"column":16}}]},"27":{"line":291,"type":"if","locations":[{"start":{"line":291,"column":24},"end":{"line":291,"column":24}},{"start":{"line":291,"column":24},"end":{"line":291,"column":24}}]},"28":{"line":296,"type":"if","locations":[{"start":{"line":296,"column":28},"end":{"line":296,"column":28}},{"start":{"line":296,"column":28},"end":{"line":296,"column":28}}]},"29":{"line":308,"type":"if","locations":[{"start":{"line":308,"column":20},"end":{"line":308,"column":20}},{"start":{"line":308,"column":20},"end":{"line":308,"column":20}}]},"30":{"line":338,"type":"binary-expr","locations":[{"start":{"line":338,"column":21},"end":{"line":338,"column":27}},{"start":{"line":338,"column":31},"end":{"line":338,"column":33}}]},"31":{"line":356,"type":"if","locations":[{"start":{"line":356,"column":8},"end":{"line":356,"column":8}},{"start":{"line":356,"column":8},"end":{"line":356,"column":8}}]},"32":{"line":371,"type":"if","locations":[{"start":{"line":371,"column":8},"end":{"line":371,"column":8}},{"start":{"line":371,"column":8},"end":{"line":371,"column":8},"skip":true}]},"33":{"line":386,"type":"if","locations":[{"start":{"line":386,"column":8},"end":{"line":386,"column":8}},{"start":{"line":386,"column":8},"end":{"line":386,"column":8}}]},"34":{"line":430,"type":"if","locations":[{"start":{"line":430,"column":16},"end":{"line":430,"column":16}},{"start":{"line":430,"column":16},"end":{"line":430,"column":16}}]},"35":{"line":430,"type":"binary-expr","locations":[{"start":{"line":430,"column":20},"end":{"line":430,"column":44}},{"start":{"line":430,"column":48},"end":{"line":430,"column":71}},{"start":{"line":430,"column":76},"end":{"line":430,"column":93}},{"start":{"line":430,"column":97},"end":{"line":430,"column":136}}]},"36":{"line":455,"type":"cond-expr","locations":[{"start":{"line":455,"column":56},"end":{"line":455,"column":85}},{"start":{"line":455,"column":88},"end":{"line":455,"column":97}}]},"37":{"line":469,"type":"if","locations":[{"start":{"line":469,"column":8},"end":{"line":469,"column":8}},{"start":{"line":469,"column":8},"end":{"line":469,"column":8}}]},"38":{"line":484,"type":"if","locations":[{"start":{"line":484,"column":8},"end":{"line":484,"column":8}},{"start":{"line":484,"column":8},"end":{"line":484,"column":8},"skip":true}]},"39":{"line":503,"type":"if","locations":[{"start":{"line":503,"column":8},"end":{"line":503,"column":8}},{"start":{"line":503,"column":8},"end":{"line":503,"column":8}}]},"40":{"line":516,"type":"if","locations":[{"start":{"line":516,"column":12},"end":{"line":516,"column":12}},{"start":{"line":516,"column":12},"end":{"line":516,"column":12}}]},"41":{"line":522,"type":"if","locations":[{"start":{"line":522,"column":12},"end":{"line":522,"column":12}},{"start":{"line":522,"column":12},"end":{"line":522,"column":12}}]},"42":{"line":522,"type":"binary-expr","locations":[{"start":{"line":522,"column":16},"end":{"line":522,"column":46}},{"start":{"line":522,"column":50},"end":{"line":522,"column":79}}]},"43":{"line":527,"type":"if","locations":[{"start":{"line":527,"column":16},"end":{"line":527,"column":16}},{"start":{"line":527,"column":16},"end":{"line":527,"column":16}}]},"44":{"line":533,"type":"if","locations":[{"start":{"line":533,"column":12},"end":{"line":533,"column":12}},{"start":{"line":533,"column":12},"end":{"line":533,"column":12}}]},"45":{"line":556,"type":"if","locations":[{"start":{"line":556,"column":12},"end":{"line":556,"column":12}},{"start":{"line":556,"column":12},"end":{"line":556,"column":12}}]},"46":{"line":620,"type":"if","locations":[{"start":{"line":620,"column":16},"end":{"line":620,"column":16}},{"start":{"line":620,"column":16},"end":{"line":620,"column":16},"skip":true}]},"47":{"line":620,"type":"binary-expr","locations":[{"start":{"line":620,"column":20},"end":{"line":620,"column":36}},{"start":{"line":620,"column":67},"end":{"line":620,"column":97},"skip":true},{"start":{"line":620,"column":128},"end":{"line":620,"column":154},"skip":true}]},"48":{"line":676,"type":"if","locations":[{"start":{"line":676,"column":8},"end":{"line":676,"column":8}},{"start":{"line":676,"column":8},"end":{"line":676,"column":8}}]},"49":{"line":676,"type":"binary-expr","locations":[{"start":{"line":676,"column":12},"end":{"line":676,"column":24}},{"start":{"line":676,"column":28},"end":{"line":676,"column":55}}]},"50":{"line":678,"type":"if","locations":[{"start":{"line":678,"column":15},"end":{"line":678,"column":15}},{"start":{"line":678,"column":15},"end":{"line":678,"column":15}}]},"51":{"line":678,"type":"binary-expr","locations":[{"start":{"line":678,"column":19},"end":{"line":678,"column":26}},{"start":{"line":678,"column":30},"end":{"line":678,"column":50}}]},"52":{"line":696,"type":"if","locations":[{"start":{"line":696,"column":12},"end":{"line":696,"column":12}},{"start":{"line":696,"column":12},"end":{"line":696,"column":12}}]},"53":{"line":698,"type":"if","locations":[{"start":{"line":698,"column":19},"end":{"line":698,"column":19}},{"start":{"line":698,"column":19},"end":{"line":698,"column":19}}]},"54":{"line":715,"type":"if","locations":[{"start":{"line":715,"column":16},"end":{"line":715,"column":16}},{"start":{"line":715,"column":16},"end":{"line":715,"column":16}}]},"55":{"line":719,"type":"if","locations":[{"start":{"line":719,"column":23},"end":{"line":719,"column":23}},{"start":{"line":719,"column":23},"end":{"line":719,"column":23}}]},"56":{"line":735,"type":"if","locations":[{"start":{"line":735,"column":12},"end":{"line":735,"column":12}},{"start":{"line":735,"column":12},"end":{"line":735,"column":12}}]},"57":{"line":748,"type":"if","locations":[{"start":{"line":748,"column":12},"end":{"line":748,"column":12}},{"start":{"line":748,"column":12},"end":{"line":748,"column":12}}]},"58":{"line":750,"type":"if","locations":[{"start":{"line":750,"column":19},"end":{"line":750,"column":19}},{"start":{"line":750,"column":19},"end":{"line":750,"column":19}}]},"59":{"line":751,"type":"binary-expr","locations":[{"start":{"line":751,"column":40},"end":{"line":751,"column":59}},{"start":{"line":751,"column":63},"end":{"line":751,"column":74}}]},"60":{"line":771,"type":"if","locations":[{"start":{"line":771,"column":8},"end":{"line":771,"column":8}},{"start":{"line":771,"column":8},"end":{"line":771,"column":8}}]},"61":{"line":821,"type":"if","locations":[{"start":{"line":821,"column":16},"end":{"line":821,"column":16}},{"start":{"line":821,"column":16},"end":{"line":821,"column":16}}]}},"l":{"1":46,"4":46,"7":46,"8":46,"12":46,"13":45,"17":46,"18":46,"19":46,"20":46,"33":1,"34":46,"36":46,"38":46,"41":46,"42":46,"43":46,"45":46,"54":7,"83":194,"85":194,"87":194,"89":194,"91":194,"93":194,"94":139,"95":139,"96":139,"97":139,"98":55,"99":10,"100":2,"103":2,"104":2,"106":8,"107":8,"108":8,"109":8,"113":194,"115":147,"116":10,"118":10,"119":0,"121":10,"122":10,"124":10,"125":1,"128":9,"132":147,"135":47,"146":1,"156":21,"172":43,"174":43,"176":43,"177":43,"178":43,"179":43,"184":43,"185":36,"186":36,"187":36,"190":7,"192":7,"193":15,"194":8,"197":7,"198":6,"199":6,"201":6,"206":43,"208":43,"211":43,"213":43,"215":43,"217":43,"220":43,"221":42,"223":42,"226":42,"227":11,"228":2,"230":2,"231":2,"232":2,"233":2,"234":2,"236":2,"238":2,"239":2,"244":42,"247":37,"248":37,"251":37,"252":36,"253":36,"256":6,"257":6,"260":6,"261":4,"275":9,"277":9,"278":9,"282":9,"284":9,"285":4,"287":4,"288":2,"290":2,"291":5,"292":2,"294":2,"296":2,"297":2,"299":0,"304":2,"307":5,"308":5,"309":4,"313":4,"315":4,"319":5,"338":56,"339":56,"341":56,"346":56,"347":87,"350":56,"351":56,"352":56,"354":56,"356":56,"357":52,"360":56,"371":438,"372":37,"375":438,"386":43,"387":30,"390":43,"402":10,"415":39,"416":39,"418":39,"420":39,"421":63,"423":63,"425":63,"426":87,"428":87,"430":87,"431":8,"436":39,"448":36,"450":36,"452":36,"453":41,"455":41,"458":36,"469":56,"470":28,"473":56,"484":36,"485":28,"488":36,"501":42,"503":42,"504":0,"507":42,"509":42,"511":42,"512":65,"514":65,"516":65,"517":0,"518":0,"522":65,"523":0,"526":65,"527":123,"528":8,"529":8,"533":65,"534":57,"538":42,"550":42,"552":42,"554":42,"556":42,"558":36,"560":36,"563":36,"564":57,"570":36,"571":36,"572":33,"577":32,"582":3,"587":6,"588":6,"593":0,"610":57,"612":57,"613":57,"615":57,"619":57,"620":54,"622":54,"624":54,"626":54,"631":57,"632":4,"634":4,"637":57,"650":43,"652":43,"653":43,"654":43,"656":42,"658":1,"673":1,"674":1,"676":1,"677":1,"678":0,"679":0,"691":38,"693":38,"694":61,"696":61,"697":7,"698":54,"699":4,"700":4,"703":50,"706":50,"707":50,"709":50,"710":79,"715":79,"716":40,"718":40,"719":39,"720":16,"722":16,"725":23,"727":23,"729":23,"733":50,"735":50,"736":49,"738":1,"748":50,"749":12,"750":38,"751":38,"765":62,"769":62,"771":62,"772":9,"774":9,"777":62,"790":39,"792":39,"793":39,"795":39,"796":62,"800":39,"805":38,"807":38,"808":38,"810":38,"811":61,"814":38,"816":38,"819":38,"821":38,"822":6,"823":6,"825":32,"839":46,"840":1012,"844":46}}}
