{
"/Users/iliyan/projects/loader/dist/source/path-resolver.js":{"path":"/Users/iliyan/projects/loader/dist/source/path-resolver.js","s":{"1":1,"2":1,"3":1,"4":1,"5":1,"6":0,"7":1,"8":1,"9":1,"10":68,"11":2,"12":66,"13":66,"14":66,"15":66,"16":66,"17":19,"18":19,"19":6,"20":13,"21":11,"22":10,"23":1,"24":1,"25":2,"26":66,"27":66,"28":1},"b":{"1":[1,0],"2":[1,1],"3":[0,1],"4":[1,0],"5":[1,0],"6":[2,66],"7":[6,13],"8":[11,2],"9":[10,1]},"f":{"1":1,"2":1,"3":10,"4":68},"fnMap":{"1":{"name":"(anonymous_1)","line":1,"loc":{"start":{"line":1,"column":1},"end":{"line":1,"column":28}}},"2":{"name":"(anonymous_2)","line":17,"loc":{"start":{"line":17,"column":76},"end":{"line":17,"column":94}}},"3":{"name":"PathResolver","line":21,"loc":{"start":{"line":21,"column":0},"end":{"line":21,"column":24}}},"4":{"name":"(anonymous_4)","line":26,"loc":{"start":{"line":26,"column":17},"end":{"line":26,"column":46}}}},"statementMap":{"1":{"start":{"line":1,"column":0},"end":{"line":69,"column":4}},"2":{"start":{"line":4,"column":4},"end":{"line":4,"column":32}},"3":{"start":{"line":7,"column":4},"end":{"line":9,"column":5}},"4":{"start":{"line":8,"column":8},"end":{"line":8,"column":31}},"5":{"start":{"line":12,"column":4},"end":{"line":14,"column":5},"skip":true},"6":{"start":{"line":13,"column":8},"end":{"line":13,"column":24},"skip":true},"7":{"start":{"line":16,"column":4},"end":{"line":16,"column":32}},"8":{"start":{"line":21,"column":0},"end":{"line":21,"column":26}},"9":{"start":{"line":23,"column":0},"end":{"line":66,"column":2}},"10":{"start":{"line":27,"column":8},"end":{"line":29,"column":9}},"11":{"start":{"line":28,"column":12},"end":{"line":28,"column":30}},"12":{"start":{"line":32,"column":8},"end":{"line":32,"column":44}},"13":{"start":{"line":34,"column":8},"end":{"line":34,"column":31}},"14":{"start":{"line":37,"column":8},"end":{"line":37,"column":52}},"15":{"start":{"line":39,"column":8},"end":{"line":39,"column":56}},"16":{"start":{"line":41,"column":8},"end":{"line":60,"column":9}},"17":{"start":{"line":42,"column":12},"end":{"line":42,"column":52}},"18":{"start":{"line":44,"column":12},"end":{"line":59,"column":13}},"19":{"start":{"line":45,"column":16},"end":{"line":45,"column":25}},"20":{"start":{"line":47,"column":19},"end":{"line":59,"column":13}},"21":{"start":{"line":48,"column":16},"end":{"line":55,"column":17}},"22":{"start":{"line":49,"column":20},"end":{"line":49,"column":46}},"23":{"start":{"line":52,"column":20},"end":{"line":52,"column":79}},"24":{"start":{"line":54,"column":20},"end":{"line":54,"column":26}},"25":{"start":{"line":58,"column":16},"end":{"line":58,"column":49}},"26":{"start":{"line":62,"column":8},"end":{"line":62,"column":41}},"27":{"start":{"line":64,"column":8},"end":{"line":64,"column":37}},"28":{"start":{"line":68,"column":4},"end":{"line":68,"column":24}}},"branchMap":{"1":{"line":7,"type":"if","locations":[{"start":{"line":7,"column":4},"end":{"line":7,"column":4}},{"start":{"line":7,"column":4},"end":{"line":7,"column":4},"skip":true}]},"2":{"line":7,"type":"binary-expr","locations":[{"start":{"line":7,"column":8},"end":{"line":7,"column":34}},{"start":{"line":7,"column":38},"end":{"line":7,"column":44}}]},"3":{"line":12,"type":"if","locations":[{"start":{"line":12,"column":4},"end":{"line":12,"column":4},"skip":true},{"start":{"line":12,"column":4},"end":{"line":12,"column":4},"skip":true}]},"4":{"line":12,"type":"binary-expr","locations":[{"start":{"line":12,"column":8},"end":{"line":12,"column":36},"skip":true},{"start":{"line":12,"column":40},"end":{"line":12,"column":50},"skip":true}]},"5":{"line":17,"type":"cond-expr","locations":[{"start":{"line":17,"column":34},"end":{"line":17,"column":40}},{"start":{"line":17,"column":70},"end":{"line":17,"column":74},"skip":true}]},"6":{"line":27,"type":"if","locations":[{"start":{"line":27,"column":8},"end":{"line":27,"column":8}},{"start":{"line":27,"column":8},"end":{"line":27,"column":8}}]},"7":{"line":44,"type":"if","locations":[{"start":{"line":44,"column":12},"end":{"line":44,"column":12}},{"start":{"line":44,"column":12},"end":{"line":44,"column":12}}]},"8":{"line":47,"type":"if","locations":[{"start":{"line":47,"column":19},"end":{"line":47,"column":19}},{"start":{"line":47,"column":19},"end":{"line":47,"column":19}}]},"9":{"line":48,"type":"if","locations":[{"start":{"line":48,"column":16},"end":{"line":48,"column":16}},{"start":{"line":48,"column":16},"end":{"line":48,"column":16}}]}},"l":{"1":1,"4":1,"7":1,"8":1,"12":1,"13":1,"16":1,"21":1,"23":1,"27":68,"28":2,"32":66,"34":66,"37":66,"39":66,"41":66,"42":19,"44":19,"45":6,"47":13,"48":11,"49":10,"52":1,"54":1,"58":2,"62":66,"64":66,"68":1}},
"/Users/iliyan/projects/loader/dist/source/event-emitter.js":{"path":"/Users/iliyan/projects/loader/dist/source/event-emitter.js","s":{"1":1,"2":1,"3":1,"4":1,"5":1,"6":0,"7":1,"8":1,"9":6,"10":1,"11":7,"12":7,"13":4,"14":4,"15":3,"16":3,"17":2,"18":1,"19":1,"20":6,"21":6,"22":5,"23":4,"24":4,"25":1,"26":1},"b":{"1":[1,0],"2":[1,1],"3":[0,1],"4":[1,0],"5":[1,0],"6":[7,5],"7":[3,1],"8":[2,1],"9":[5,1]},"f":{"1":1,"2":1,"3":6,"4":7,"5":4,"6":6},"fnMap":{"1":{"name":"(anonymous_1)","line":1,"loc":{"start":{"line":1,"column":1},"end":{"line":1,"column":28}}},"2":{"name":"(anonymous_2)","line":17,"loc":{"start":{"line":17,"column":76},"end":{"line":17,"column":94}}},"3":{"name":"EventEmitter","line":21,"loc":{"start":{"line":21,"column":0},"end":{"line":21,"column":24}}},"4":{"name":"(anonymous_4)","line":28,"loc":{"start":{"line":28,"column":8},"end":{"line":28,"column":35}}},"5":{"name":"(anonymous_5)","line":34,"loc":{"start":{"line":34,"column":9},"end":{"line":34,"column":36}}},"6":{"name":"(anonymous_6)","line":50,"loc":{"start":{"line":50,"column":10},"end":{"line":50,"column":33}}}},"statementMap":{"1":{"start":{"line":1,"column":0},"end":{"line":66,"column":4}},"2":{"start":{"line":4,"column":4},"end":{"line":4,"column":32}},"3":{"start":{"line":7,"column":4},"end":{"line":9,"column":5}},"4":{"start":{"line":8,"column":8},"end":{"line":8,"column":31}},"5":{"start":{"line":12,"column":4},"end":{"line":14,"column":5},"skip":true},"6":{"start":{"line":13,"column":8},"end":{"line":13,"column":24},"skip":true},"7":{"start":{"line":16,"column":4},"end":{"line":16,"column":32}},"8":{"start":{"line":21,"column":0},"end":{"line":23,"column":1}},"9":{"start":{"line":22,"column":4},"end":{"line":22,"column":22}},"10":{"start":{"line":25,"column":0},"end":{"line":63,"column":2}},"11":{"start":{"line":29,"column":8},"end":{"line":29,"column":72}},"12":{"start":{"line":31,"column":8},"end":{"line":31,"column":33}},"13":{"start":{"line":35,"column":8},"end":{"line":35,"column":44}},"14":{"start":{"line":37,"column":8},"end":{"line":47,"column":9}},"15":{"start":{"line":38,"column":12},"end":{"line":38,"column":60}},"16":{"start":{"line":40,"column":12},"end":{"line":44,"column":13}},"17":{"start":{"line":41,"column":16},"end":{"line":41,"column":51}},"18":{"start":{"line":43,"column":16},"end":{"line":43,"column":86}},"19":{"start":{"line":46,"column":12},"end":{"line":46,"column":76}},"20":{"start":{"line":51,"column":8},"end":{"line":51,"column":44}},"21":{"start":{"line":53,"column":8},"end":{"line":61,"column":9}},"22":{"start":{"line":54,"column":12},"end":{"line":58,"column":13}},"23":{"start":{"line":55,"column":16},"end":{"line":55,"column":44}},"24":{"start":{"line":57,"column":16},"end":{"line":57,"column":46}},"25":{"start":{"line":60,"column":12},"end":{"line":60,"column":61}},"26":{"start":{"line":65,"column":4},"end":{"line":65,"column":24}}},"branchMap":{"1":{"line":7,"type":"if","locations":[{"start":{"line":7,"column":4},"end":{"line":7,"column":4}},{"start":{"line":7,"column":4},"end":{"line":7,"column":4},"skip":true}]},"2":{"line":7,"type":"binary-expr","locations":[{"start":{"line":7,"column":8},"end":{"line":7,"column":34}},{"start":{"line":7,"column":38},"end":{"line":7,"column":44}}]},"3":{"line":12,"type":"if","locations":[{"start":{"line":12,"column":4},"end":{"line":12,"column":4},"skip":true},{"start":{"line":12,"column":4},"end":{"line":12,"column":4},"skip":true}]},"4":{"line":12,"type":"binary-expr","locations":[{"start":{"line":12,"column":8},"end":{"line":12,"column":36},"skip":true},{"start":{"line":12,"column":40},"end":{"line":12,"column":50},"skip":true}]},"5":{"line":17,"type":"cond-expr","locations":[{"start":{"line":17,"column":34},"end":{"line":17,"column":40}},{"start":{"line":17,"column":70},"end":{"line":17,"column":74},"skip":true}]},"6":{"line":29,"type":"binary-expr","locations":[{"start":{"line":29,"column":46},"end":{"line":29,"column":65}},{"start":{"line":29,"column":69},"end":{"line":29,"column":71}}]},"7":{"line":37,"type":"if","locations":[{"start":{"line":37,"column":8},"end":{"line":37,"column":8}},{"start":{"line":37,"column":8},"end":{"line":37,"column":8}}]},"8":{"line":40,"type":"if","locations":[{"start":{"line":40,"column":12},"end":{"line":40,"column":12}},{"start":{"line":40,"column":12},"end":{"line":40,"column":12}}]},"9":{"line":53,"type":"if","locations":[{"start":{"line":53,"column":8},"end":{"line":53,"column":8}},{"start":{"line":53,"column":8},"end":{"line":53,"column":8}}]}},"l":{"1":1,"4":1,"7":1,"8":1,"12":1,"13":1,"16":1,"21":1,"22":6,"25":1,"29":7,"31":7,"35":4,"37":4,"38":3,"40":3,"41":2,"43":1,"46":1,"51":6,"53":6,"54":5,"55":4,"57":4,"60":1,"65":1}},
"/Users/iliyan/projects/loader/dist/source/config-parser.js":{"path":"/Users/iliyan/projects/loader/dist/source/config-parser.js","s":{"1":1,"2":1,"3":1,"4":1,"5":1,"6":0,"7":1,"8":1,"9":1,"10":11,"11":11,"12":11,"13":11,"14":1,"15":45,"16":45,"17":45,"18":3,"19":38,"20":54,"21":46,"22":46,"23":58,"24":58,"25":58,"26":7,"27":58,"28":11,"29":16,"30":16,"31":4,"32":12,"33":4,"34":37,"35":37,"36":37,"37":37,"38":45,"39":13,"40":13,"41":10,"42":13,"43":1},"b":{"1":[1,0],"2":[1,1],"3":[0,1],"4":[1,0],"5":[1,0],"6":[7,51],"7":[16,0],"8":[4,12],"9":[37,0],"10":[13,32],"11":[10,3]},"f":{"1":1,"2":1,"3":11,"4":45,"5":3,"6":38,"7":54,"8":46,"9":58,"10":11,"11":4,"12":45},"fnMap":{"1":{"name":"(anonymous_1)","line":1,"loc":{"start":{"line":1,"column":1},"end":{"line":1,"column":28}}},"2":{"name":"(anonymous_2)","line":17,"loc":{"start":{"line":17,"column":76},"end":{"line":17,"column":94}}},"3":{"name":"ConfigParser","line":23,"loc":{"start":{"line":23,"column":0},"end":{"line":23,"column":30}}},"4":{"name":"(anonymous_4)","line":34,"loc":{"start":{"line":34,"column":15},"end":{"line":34,"column":33}}},"5":{"name":"(anonymous_5)","line":42,"loc":{"start":{"line":42,"column":15},"end":{"line":42,"column":26}}},"6":{"name":"(anonymous_6)","line":46,"loc":{"start":{"line":46,"column":27},"end":{"line":46,"column":39}}},"7":{"name":"(anonymous_7)","line":50,"loc":{"start":{"line":50,"column":16},"end":{"line":50,"column":28}}},"8":{"name":"(anonymous_8)","line":54,"loc":{"start":{"line":54,"column":29},"end":{"line":54,"column":46}}},"9":{"name":"(anonymous_9)","line":64,"loc":{"start":{"line":64,"column":22},"end":{"line":64,"column":33}}},"10":{"name":"(anonymous_10)","line":72,"loc":{"start":{"line":72,"column":18},"end":{"line":72,"column":36}}},"11":{"name":"(anonymous_11)","line":85,"loc":{"start":{"line":85,"column":19},"end":{"line":85,"column":38}}},"12":{"name":"(anonymous_12)","line":98,"loc":{"start":{"line":98,"column":32},"end":{"line":98,"column":50}}}},"statementMap":{"1":{"start":{"line":1,"column":0},"end":{"line":113,"column":4}},"2":{"start":{"line":4,"column":4},"end":{"line":4,"column":32}},"3":{"start":{"line":7,"column":4},"end":{"line":9,"column":5}},"4":{"start":{"line":8,"column":8},"end":{"line":8,"column":31}},"5":{"start":{"line":12,"column":4},"end":{"line":14,"column":5},"skip":true},"6":{"start":{"line":13,"column":8},"end":{"line":13,"column":24},"skip":true},"7":{"start":{"line":16,"column":4},"end":{"line":16,"column":32}},"8":{"start":{"line":21,"column":0},"end":{"line":21,"column":53}},"9":{"start":{"line":23,"column":0},"end":{"line":29,"column":1}},"10":{"start":{"line":24,"column":4},"end":{"line":24,"column":22}},"11":{"start":{"line":25,"column":4},"end":{"line":25,"column":23}},"12":{"start":{"line":26,"column":4},"end":{"line":26,"column":34}},"13":{"start":{"line":28,"column":4},"end":{"line":28,"column":30}},"14":{"start":{"line":31,"column":0},"end":{"line":110,"column":2}},"15":{"start":{"line":35,"column":8},"end":{"line":35,"column":44}},"16":{"start":{"line":37,"column":8},"end":{"line":37,"column":45}},"17":{"start":{"line":39,"column":8},"end":{"line":39,"column":48}},"18":{"start":{"line":43,"column":8},"end":{"line":43,"column":28}},"19":{"start":{"line":47,"column":8},"end":{"line":47,"column":40}},"20":{"start":{"line":51,"column":8},"end":{"line":51,"column":29}},"21":{"start":{"line":55,"column":8},"end":{"line":55,"column":47}},"22":{"start":{"line":57,"column":8},"end":{"line":61,"column":9}},"23":{"start":{"line":58,"column":12},"end":{"line":58,"column":103}},"24":{"start":{"line":60,"column":12},"end":{"line":60,"column":49}},"25":{"start":{"line":65,"column":8},"end":{"line":67,"column":9}},"26":{"start":{"line":66,"column":12},"end":{"line":66,"column":59}},"27":{"start":{"line":69,"column":8},"end":{"line":69,"column":34}},"28":{"start":{"line":73,"column":8},"end":{"line":82,"column":9}},"29":{"start":{"line":75,"column":12},"end":{"line":81,"column":13}},"30":{"start":{"line":76,"column":16},"end":{"line":80,"column":17}},"31":{"start":{"line":77,"column":20},"end":{"line":77,"column":52}},"32":{"start":{"line":79,"column":20},"end":{"line":79,"column":52}},"33":{"start":{"line":86,"column":8},"end":{"line":95,"column":9}},"34":{"start":{"line":88,"column":12},"end":{"line":94,"column":13}},"35":{"start":{"line":89,"column":16},"end":{"line":89,"column":42}},"36":{"start":{"line":91,"column":16},"end":{"line":91,"column":34}},"37":{"start":{"line":93,"column":16},"end":{"line":93,"column":39}},"38":{"start":{"line":100,"column":8},"end":{"line":108,"column":9}},"39":{"start":{"line":101,"column":12},"end":{"line":101,"column":85}},"40":{"start":{"line":103,"column":12},"end":{"line":105,"column":13}},"41":{"start":{"line":104,"column":16},"end":{"line":104,"column":90}},"42":{"start":{"line":107,"column":12},"end":{"line":107,"column":46}},"43":{"start":{"line":112,"column":4},"end":{"line":112,"column":24}}},"branchMap":{"1":{"line":7,"type":"if","locations":[{"start":{"line":7,"column":4},"end":{"line":7,"column":4}},{"start":{"line":7,"column":4},"end":{"line":7,"column":4},"skip":true}]},"2":{"line":7,"type":"binary-expr","locations":[{"start":{"line":7,"column":8},"end":{"line":7,"column":34}},{"start":{"line":7,"column":38},"end":{"line":7,"column":44}}]},"3":{"line":12,"type":"if","locations":[{"start":{"line":12,"column":4},"end":{"line":12,"column":4},"skip":true},{"start":{"line":12,"column":4},"end":{"line":12,"column":4},"skip":true}]},"4":{"line":12,"type":"binary-expr","locations":[{"start":{"line":12,"column":8},"end":{"line":12,"column":36},"skip":true},{"start":{"line":12,"column":40},"end":{"line":12,"column":50},"skip":true}]},"5":{"line":17,"type":"cond-expr","locations":[{"start":{"line":17,"column":34},"end":{"line":17,"column":40}},{"start":{"line":17,"column":70},"end":{"line":17,"column":74},"skip":true}]},"6":{"line":65,"type":"if","locations":[{"start":{"line":65,"column":8},"end":{"line":65,"column":8}},{"start":{"line":65,"column":8},"end":{"line":65,"column":8}}]},"7":{"line":75,"type":"if","locations":[{"start":{"line":75,"column":12},"end":{"line":75,"column":12}},{"start":{"line":75,"column":12},"end":{"line":75,"column":12},"skip":true}]},"8":{"line":76,"type":"if","locations":[{"start":{"line":76,"column":16},"end":{"line":76,"column":16}},{"start":{"line":76,"column":16},"end":{"line":76,"column":16}}]},"9":{"line":88,"type":"if","locations":[{"start":{"line":88,"column":12},"end":{"line":88,"column":12}},{"start":{"line":88,"column":12},"end":{"line":88,"column":12},"skip":true}]},"10":{"line":100,"type":"if","locations":[{"start":{"line":100,"column":8},"end":{"line":100,"column":8}},{"start":{"line":100,"column":8},"end":{"line":100,"column":8}}]},"11":{"line":103,"type":"if","locations":[{"start":{"line":103,"column":12},"end":{"line":103,"column":12}},{"start":{"line":103,"column":12},"end":{"line":103,"column":12}}]}},"l":{"1":1,"4":1,"7":1,"8":1,"12":1,"13":1,"16":1,"21":1,"23":1,"24":11,"25":11,"26":11,"28":11,"31":1,"35":45,"37":45,"39":45,"43":3,"47":38,"51":54,"55":46,"57":46,"58":58,"60":58,"65":58,"66":7,"69":58,"73":11,"75":16,"76":16,"77":4,"79":12,"86":4,"88":37,"89":37,"91":37,"93":37,"100":45,"101":13,"103":13,"104":10,"107":13,"112":1}},
"/Users/iliyan/projects/loader/dist/source/dependency-builder.js":{"path":"/Users/iliyan/projects/loader/dist/source/dependency-builder.js","s":{"1":1,"2":1,"3":1,"4":1,"5":1,"6":0,"7":1,"8":1,"9":1,"10":8,"11":8,"12":1,"13":7,"14":7,"15":7,"16":7,"17":5,"18":7,"19":5,"20":7,"21":7,"22":54,"23":54,"24":54,"25":54,"26":54,"27":7,"28":7,"29":37,"30":37,"31":5,"32":5,"33":6,"34":6,"35":4,"36":5,"37":7,"38":7,"39":12,"40":12,"41":11,"42":6,"43":1,"44":5,"45":39,"46":2,"47":37,"48":37,"49":28,"50":28,"51":28,"52":29,"53":29,"54":1,"55":28,"56":28,"57":24,"58":24,"59":24,"60":1},"b":{"1":[1,0],"2":[1,1],"3":[0,1],"4":[1,0],"5":[1,0],"6":[54,0],"7":[5,32],"8":[37,6],"9":[4,2],"10":[6,6],"11":[11,1],"12":[1,5],"13":[2,37],"14":[28,9],"15":[1,28]},"f":{"1":1,"2":1,"3":8,"4":7,"5":7,"6":37,"7":7,"8":6,"9":39},"fnMap":{"1":{"name":"(anonymous_1)","line":1,"loc":{"start":{"line":1,"column":1},"end":{"line":1,"column":28}}},"2":{"name":"(anonymous_2)","line":17,"loc":{"start":{"line":17,"column":76},"end":{"line":17,"column":94}}},"3":{"name":"DependencyBuilder","line":23,"loc":{"start":{"line":23,"column":0},"end":{"line":23,"column":41}}},"4":{"name":"(anonymous_4)","line":32,"loc":{"start":{"line":32,"column":25},"end":{"line":32,"column":44}}},"5":{"name":"(anonymous_5)","line":53,"loc":{"start":{"line":53,"column":14},"end":{"line":53,"column":26}}},"6":{"name":"(anonymous_6)","line":73,"loc":{"start":{"line":73,"column":32},"end":{"line":73,"column":50}}},"7":{"name":"(anonymous_7)","line":94,"loc":{"start":{"line":94,"column":26},"end":{"line":94,"column":38}}},"8":{"name":"(anonymous_8)","line":108,"loc":{"start":{"line":108,"column":28},"end":{"line":108,"column":52}}},"9":{"name":"(anonymous_9)","line":116,"loc":{"start":{"line":116,"column":12},"end":{"line":116,"column":30}}}},"statementMap":{"1":{"start":{"line":1,"column":0},"end":{"line":153,"column":4}},"2":{"start":{"line":4,"column":4},"end":{"line":4,"column":32}},"3":{"start":{"line":7,"column":4},"end":{"line":9,"column":5}},"4":{"start":{"line":8,"column":8},"end":{"line":8,"column":31}},"5":{"start":{"line":12,"column":4},"end":{"line":14,"column":5},"skip":true},"6":{"start":{"line":13,"column":8},"end":{"line":13,"column":24},"skip":true},"7":{"start":{"line":16,"column":4},"end":{"line":16,"column":37}},"8":{"start":{"line":21,"column":0},"end":{"line":21,"column":53}},"9":{"start":{"line":23,"column":0},"end":{"line":27,"column":1}},"10":{"start":{"line":24,"column":4},"end":{"line":24,"column":38}},"11":{"start":{"line":26,"column":4},"end":{"line":26,"column":22}},"12":{"start":{"line":29,"column":0},"end":{"line":150,"column":2}},"13":{"start":{"line":35,"column":8},"end":{"line":35,"column":39}},"14":{"start":{"line":37,"column":8},"end":{"line":37,"column":19}},"15":{"start":{"line":39,"column":8},"end":{"line":48,"column":9}},"16":{"start":{"line":40,"column":12},"end":{"line":40,"column":40}},"17":{"start":{"line":44,"column":12},"end":{"line":44,"column":53}},"18":{"start":{"line":47,"column":12},"end":{"line":47,"column":28}},"19":{"start":{"line":50,"column":8},"end":{"line":50,"column":22}},"20":{"start":{"line":54,"column":8},"end":{"line":54,"column":54}},"21":{"start":{"line":58,"column":8},"end":{"line":67,"column":9}},"22":{"start":{"line":60,"column":12},"end":{"line":66,"column":13}},"23":{"start":{"line":61,"column":16},"end":{"line":61,"column":42}},"24":{"start":{"line":63,"column":16},"end":{"line":63,"column":47}},"25":{"start":{"line":64,"column":16},"end":{"line":64,"column":36}},"26":{"start":{"line":65,"column":16},"end":{"line":65,"column":39}},"27":{"start":{"line":69,"column":8},"end":{"line":69,"column":31}},"28":{"start":{"line":70,"column":8},"end":{"line":70,"column":32}},"29":{"start":{"line":74,"column":8},"end":{"line":74,"column":89}},"30":{"start":{"line":78,"column":8},"end":{"line":91,"column":9}},"31":{"start":{"line":79,"column":12},"end":{"line":79,"column":58}},"32":{"start":{"line":81,"column":12},"end":{"line":88,"column":13}},"33":{"start":{"line":82,"column":16},"end":{"line":82,"column":71}},"34":{"start":{"line":84,"column":16},"end":{"line":87,"column":17}},"35":{"start":{"line":86,"column":20},"end":{"line":86,"column":61}},"36":{"start":{"line":90,"column":12},"end":{"line":90,"column":42}},"37":{"start":{"line":97,"column":8},"end":{"line":97,"column":54}},"38":{"start":{"line":99,"column":8},"end":{"line":105,"column":9}},"39":{"start":{"line":100,"column":12},"end":{"line":100,"column":49}},"40":{"start":{"line":102,"column":12},"end":{"line":104,"column":13}},"41":{"start":{"line":103,"column":16},"end":{"line":103,"column":36}},"42":{"start":{"line":109,"column":8},"end":{"line":113,"column":9}},"43":{"start":{"line":110,"column":12},"end":{"line":110,"column":34}},"44":{"start":{"line":112,"column":12},"end":{"line":112,"column":54}},"45":{"start":{"line":119,"column":8},"end":{"line":121,"column":9}},"46":{"start":{"line":120,"column":12},"end":{"line":120,"column":140}},"47":{"start":{"line":124,"column":8},"end":{"line":124,"column":48}},"48":{"start":{"line":126,"column":8},"end":{"line":148,"column":9}},"49":{"start":{"line":127,"column":12},"end":{"line":127,"column":34}},"50":{"start":{"line":129,"column":12},"end":{"line":129,"column":58}},"51":{"start":{"line":131,"column":12},"end":{"line":141,"column":13}},"52":{"start":{"line":132,"column":16},"end":{"line":132,"column":60}},"53":{"start":{"line":134,"column":16},"end":{"line":136,"column":17}},"54":{"start":{"line":135,"column":20},"end":{"line":135,"column":29}},"55":{"start":{"line":138,"column":16},"end":{"line":138,"column":63}},"56":{"start":{"line":140,"column":16},"end":{"line":140,"column":55}},"57":{"start":{"line":143,"column":12},"end":{"line":143,"column":31}},"58":{"start":{"line":145,"column":12},"end":{"line":145,"column":35}},"59":{"start":{"line":147,"column":12},"end":{"line":147,"column":46}},"60":{"start":{"line":152,"column":4},"end":{"line":152,"column":29}}},"branchMap":{"1":{"line":7,"type":"if","locations":[{"start":{"line":7,"column":4},"end":{"line":7,"column":4}},{"start":{"line":7,"column":4},"end":{"line":7,"column":4},"skip":true}]},"2":{"line":7,"type":"binary-expr","locations":[{"start":{"line":7,"column":8},"end":{"line":7,"column":34}},{"start":{"line":7,"column":38},"end":{"line":7,"column":44}}]},"3":{"line":12,"type":"if","locations":[{"start":{"line":12,"column":4},"end":{"line":12,"column":4},"skip":true},{"start":{"line":12,"column":4},"end":{"line":12,"column":4},"skip":true}]},"4":{"line":12,"type":"binary-expr","locations":[{"start":{"line":12,"column":8},"end":{"line":12,"column":36},"skip":true},{"start":{"line":12,"column":40},"end":{"line":12,"column":50},"skip":true}]},"5":{"line":17,"type":"cond-expr","locations":[{"start":{"line":17,"column":34},"end":{"line":17,"column":40}},{"start":{"line":17,"column":70},"end":{"line":17,"column":74},"skip":true}]},"6":{"line":60,"type":"if","locations":[{"start":{"line":60,"column":12},"end":{"line":60,"column":12}},{"start":{"line":60,"column":12},"end":{"line":60,"column":12},"skip":true}]},"7":{"line":78,"type":"if","locations":[{"start":{"line":78,"column":8},"end":{"line":78,"column":8}},{"start":{"line":78,"column":8},"end":{"line":78,"column":8}}]},"8":{"line":78,"type":"binary-expr","locations":[{"start":{"line":78,"column":12},"end":{"line":78,"column":30}},{"start":{"line":78,"column":34},"end":{"line":78,"column":57}}]},"9":{"line":84,"type":"if","locations":[{"start":{"line":84,"column":16},"end":{"line":84,"column":16}},{"start":{"line":84,"column":16},"end":{"line":84,"column":16}}]},"10":{"line":84,"type":"binary-expr","locations":[{"start":{"line":84,"column":20},"end":{"line":84,"column":70}},{"start":{"line":84,"column":74},"end":{"line":84,"column":135}}]},"11":{"line":102,"type":"if","locations":[{"start":{"line":102,"column":12},"end":{"line":102,"column":12}},{"start":{"line":102,"column":12},"end":{"line":102,"column":12}}]},"12":{"line":109,"type":"if","locations":[{"start":{"line":109,"column":8},"end":{"line":109,"column":8}},{"start":{"line":109,"column":8},"end":{"line":109,"column":8}}]},"13":{"line":119,"type":"if","locations":[{"start":{"line":119,"column":8},"end":{"line":119,"column":8}},{"start":{"line":119,"column":8},"end":{"line":119,"column":8}}]},"14":{"line":126,"type":"if","locations":[{"start":{"line":126,"column":8},"end":{"line":126,"column":8}},{"start":{"line":126,"column":8},"end":{"line":126,"column":8}}]},"15":{"line":134,"type":"if","locations":[{"start":{"line":134,"column":16},"end":{"line":134,"column":16}},{"start":{"line":134,"column":16},"end":{"line":134,"column":16}}]}},"l":{"1":1,"4":1,"7":1,"8":1,"12":1,"13":1,"16":1,"21":1,"23":1,"24":8,"26":8,"29":1,"35":7,"37":7,"39":7,"40":7,"44":5,"47":7,"50":5,"54":7,"58":7,"60":54,"61":54,"63":54,"64":54,"65":54,"69":7,"70":7,"74":37,"78":37,"79":5,"81":5,"82":6,"84":6,"86":4,"90":5,"97":7,"99":7,"100":12,"102":12,"103":11,"109":6,"110":1,"112":5,"119":39,"120":2,"124":37,"126":37,"127":28,"129":28,"131":28,"132":29,"134":29,"135":1,"138":28,"140":28,"143":24,"145":24,"147":24,"152":1}},
"/Users/iliyan/projects/loader/dist/source/url-builder.js":{"path":"/Users/iliyan/projects/loader/dist/source/url-builder.js","s":{"1":1,"2":1,"3":1,"4":1,"5":1,"6":0,"7":1,"8":1,"9":3,"10":1,"11":3,"12":3,"13":3,"14":3,"15":3,"16":3,"17":3,"18":3,"19":3,"20":3,"21":1,"22":2,"23":1,"24":1,"25":3,"26":3,"27":1,"28":1,"29":3,"30":1},"b":{"1":[1,0],"2":[1,1],"3":[0,1],"4":[1,0],"5":[1,0],"6":[3,0],"7":[1,2],"8":[1,1],"9":[1,2]},"f":{"1":1,"2":1,"3":3,"4":3},"fnMap":{"1":{"name":"(anonymous_1)","line":1,"loc":{"start":{"line":1,"column":1},"end":{"line":1,"column":28}}},"2":{"name":"(anonymous_2)","line":17,"loc":{"start":{"line":17,"column":76},"end":{"line":17,"column":94}}},"3":{"name":"URLBuilder","line":21,"loc":{"start":{"line":21,"column":0},"end":{"line":21,"column":34}}},"4":{"name":"(anonymous_4)","line":28,"loc":{"start":{"line":28,"column":11},"end":{"line":28,"column":35}}}},"statementMap":{"1":{"start":{"line":1,"column":0},"end":{"line":74,"column":4}},"2":{"start":{"line":4,"column":4},"end":{"line":4,"column":32}},"3":{"start":{"line":7,"column":4},"end":{"line":9,"column":5}},"4":{"start":{"line":8,"column":8},"end":{"line":8,"column":31}},"5":{"start":{"line":12,"column":4},"end":{"line":14,"column":5},"skip":true},"6":{"start":{"line":13,"column":8},"end":{"line":13,"column":24},"skip":true},"7":{"start":{"line":16,"column":4},"end":{"line":16,"column":30}},"8":{"start":{"line":21,"column":0},"end":{"line":23,"column":1}},"9":{"start":{"line":22,"column":4},"end":{"line":22,"column":38}},"10":{"start":{"line":25,"column":0},"end":{"line":71,"column":2}},"11":{"start":{"line":29,"column":8},"end":{"line":29,"column":24}},"12":{"start":{"line":30,"column":8},"end":{"line":30,"column":24}},"13":{"start":{"line":32,"column":8},"end":{"line":32,"column":54}},"14":{"start":{"line":33,"column":8},"end":{"line":33,"column":52}},"15":{"start":{"line":35,"column":8},"end":{"line":35,"column":39}},"16":{"start":{"line":38,"column":8},"end":{"line":40,"column":9}},"17":{"start":{"line":39,"column":12},"end":{"line":39,"column":28}},"18":{"start":{"line":42,"column":8},"end":{"line":60,"column":9}},"19":{"start":{"line":43,"column":12},"end":{"line":43,"column":50}},"20":{"start":{"line":46,"column":12},"end":{"line":57,"column":13}},"21":{"start":{"line":47,"column":16},"end":{"line":47,"column":45}},"22":{"start":{"line":50,"column":19},"end":{"line":57,"column":13}},"23":{"start":{"line":51,"column":16},"end":{"line":51,"column":65}},"24":{"start":{"line":56,"column":16},"end":{"line":56,"column":41}},"25":{"start":{"line":59,"column":12},"end":{"line":59,"column":31}},"26":{"start":{"line":63,"column":8},"end":{"line":67,"column":9}},"27":{"start":{"line":64,"column":12},"end":{"line":64,"column":83}},"28":{"start":{"line":66,"column":12},"end":{"line":66,"column":30}},"29":{"start":{"line":69,"column":8},"end":{"line":69,"column":22}},"30":{"start":{"line":73,"column":4},"end":{"line":73,"column":22}}},"branchMap":{"1":{"line":7,"type":"if","locations":[{"start":{"line":7,"column":4},"end":{"line":7,"column":4}},{"start":{"line":7,"column":4},"end":{"line":7,"column":4},"skip":true}]},"2":{"line":7,"type":"binary-expr","locations":[{"start":{"line":7,"column":8},"end":{"line":7,"column":34}},{"start":{"line":7,"column":38},"end":{"line":7,"column":44}}]},"3":{"line":12,"type":"if","locations":[{"start":{"line":12,"column":4},"end":{"line":12,"column":4},"skip":true},{"start":{"line":12,"column":4},"end":{"line":12,"column":4},"skip":true}]},"4":{"line":12,"type":"binary-expr","locations":[{"start":{"line":12,"column":8},"end":{"line":12,"column":36},"skip":true},{"start":{"line":12,"column":40},"end":{"line":12,"column":50},"skip":true}]},"5":{"line":17,"type":"cond-expr","locations":[{"start":{"line":17,"column":34},"end":{"line":17,"column":40}},{"start":{"line":17,"column":70},"end":{"line":17,"column":74},"skip":true}]},"6":{"line":38,"type":"if","locations":[{"start":{"line":38,"column":8},"end":{"line":38,"column":8}},{"start":{"line":38,"column":8},"end":{"line":38,"column":8},"skip":true}]},"7":{"line":46,"type":"if","locations":[{"start":{"line":46,"column":12},"end":{"line":46,"column":12}},{"start":{"line":46,"column":12},"end":{"line":46,"column":12}}]},"8":{"line":50,"type":"if","locations":[{"start":{"line":50,"column":19},"end":{"line":50,"column":19}},{"start":{"line":50,"column":19},"end":{"line":50,"column":19}}]},"9":{"line":63,"type":"if","locations":[{"start":{"line":63,"column":8},"end":{"line":63,"column":8}},{"start":{"line":63,"column":8},"end":{"line":63,"column":8}}]}},"l":{"1":1,"4":1,"7":1,"8":1,"12":1,"13":1,"16":1,"21":1,"22":3,"25":1,"29":3,"30":3,"32":3,"33":3,"35":3,"38":3,"39":3,"42":3,"43":3,"46":3,"47":1,"50":2,"51":1,"56":1,"59":3,"63":3,"64":1,"66":1,"69":3,"73":1}},
"/Users/iliyan/projects/loader/dist/source/script-loader.js":{"path":"/Users/iliyan/projects/loader/dist/source/script-loader.js","s":{"1":1,"2":1,"3":1,"4":1,"5":1,"6":0,"7":1,"8":1,"9":1,"10":1,"11":1,"12":1,"13":1,"14":1,"15":1,"16":1,"17":1,"18":1,"19":1,"20":1,"21":0,"22":0,"23":0,"24":0,"25":0,"26":0,"27":0,"28":0,"29":0,"30":0,"31":0,"32":0,"33":0,"34":0,"35":0,"36":0,"37":0,"38":0,"39":0,"40":0,"41":0,"42":0,"43":0,"44":0,"45":0,"46":0,"47":0,"48":0,"49":0,"50":0,"51":0,"52":0,"53":0,"54":0,"55":0,"56":0,"57":0,"58":0,"59":0,"60":0,"61":0,"62":0,"63":0,"64":0,"65":0,"66":0,"67":0,"68":0,"69":0,"70":0,"71":0,"72":0,"73":0,"74":0,"75":0,"76":1,"77":1,"78":1,"79":0,"80":0,"81":0,"82":0,"83":0,"84":0,"85":0,"86":0,"87":0,"88":0,"89":0,"90":0,"91":0,"92":0,"93":0,"94":0,"95":0,"96":0,"97":0,"98":0,"99":0,"100":0,"101":0,"102":0,"103":0,"104":0,"105":0,"106":0,"107":0,"108":0,"109":0,"110":0,"111":0,"112":0,"113":0,"114":0,"115":0,"116":0,"117":0,"118":0,"119":0,"120":0,"121":0,"122":0,"123":0,"124":0,"125":0,"126":0,"127":0,"128":0,"129":0,"130":0,"131":0,"132":0,"133":0,"134":0,"135":0,"136":0,"137":0,"138":0,"139":0,"140":0,"141":0,"142":0,"143":0,"144":0,"145":0,"146":0,"147":0,"148":0,"149":0,"150":0,"151":0,"152":0,"153":0,"154":0,"155":0,"156":0,"157":0,"158":0,"159":0,"160":0,"161":0,"162":0,"163":0,"164":0,"165":0,"166":0,"167":0,"168":0,"169":0,"170":0,"171":0,"172":0,"173":0,"174":0,"175":0,"176":0,"177":0,"178":1,"179":1,"180":0,"181":1,"182":1,"183":1,"184":1,"185":1,"186":0,"187":1,"188":1,"189":1,"190":1,"191":1,"192":1,"193":16,"194":16,"195":1,"196":1},"b":{"1":[1,0],"2":[1,1],"3":[0,1],"4":[1,0],"5":[1,0],"6":[1,1],"7":[1,1],"8":[0,0],"9":[0,0],"10":[0,0],"11":[0,0],"12":[0,0],"13":[0,0],"14":[0,0],"15":[0,0],"16":[0,0],"17":[0,0],"18":[0,0],"19":[0,0],"20":[0,0],"21":[0,0],"22":[0,0],"23":[1,0],"24":[0,0],"25":[0,0],"26":[0,0],"27":[0,0],"28":[0,0,0],"29":[0,0],"30":[0,0,0,0],"31":[0,0],"32":[0,0],"33":[0,0],"34":[0,0],"35":[0,0],"36":[0,0,0],"37":[0,0],"38":[0,0],"39":[0,0],"40":[0,1],"41":[1,1],"42":[0,1],"43":[1,1],"44":[1,0],"45":[16,0]},"f":{"1":1,"2":1,"3":1,"4":1,"5":1,"6":0,"7":0,"8":0,"9":0,"10":0,"11":0,"12":0,"13":1,"14":0,"15":0,"16":0,"17":0,"18":0,"19":0,"20":0,"21":0,"22":0,"23":0,"24":0,"25":0,"26":0,"27":0,"28":0,"29":0,"30":0,"31":0,"32":0,"33":0,"34":0,"35":0,"36":0,"37":0,"38":0,"39":1,"40":1},"fnMap":{"1":{"name":"(anonymous_1)","line":1,"loc":{"start":{"line":1,"column":1},"end":{"line":1,"column":28}}},"2":{"name":"(anonymous_2)","line":20,"loc":{"start":{"line":20,"column":76},"end":{"line":20,"column":94}}},"3":{"name":"Loader","line":24,"loc":{"start":{"line":24,"column":0},"end":{"line":24,"column":24}}},"4":{"name":"(anonymous_4)","line":31,"loc":{"start":{"line":31,"column":12},"end":{"line":31,"column":66}}},"5":{"name":"(anonymous_5)","line":34,"loc":{"start":{"line":34,"column":27},"end":{"line":34,"column":54}}},"6":{"name":"(anonymous_6)","line":53,"loc":{"start":{"line":53,"column":26},"end":{"line":53,"column":43}}},"7":{"name":"(anonymous_7)","line":60,"loc":{"start":{"line":60,"column":13},"end":{"line":60,"column":25}}},"8":{"name":"(anonymous_8)","line":92,"loc":{"start":{"line":92,"column":48},"end":{"line":92,"column":72}}},"9":{"name":"(anonymous_9)","line":94,"loc":{"start":{"line":94,"column":16},"end":{"line":94,"column":41}}},"10":{"name":"(anonymous_10)","line":100,"loc":{"start":{"line":100,"column":11},"end":{"line":100,"column":28}}},"11":{"name":"(anonymous_11)","line":112,"loc":{"start":{"line":112,"column":31},"end":{"line":112,"column":58}}},"12":{"name":"(anonymous_12)","line":126,"loc":{"start":{"line":126,"column":30},"end":{"line":126,"column":48}}},"13":{"name":"(anonymous_13)","line":159,"loc":{"start":{"line":159,"column":22},"end":{"line":159,"column":34}}},"14":{"name":"(anonymous_14)","line":168,"loc":{"start":{"line":168,"column":27},"end":{"line":168,"column":39}}},"15":{"name":"(anonymous_15)","line":176,"loc":{"start":{"line":176,"column":22},"end":{"line":176,"column":33}}},"16":{"name":"(anonymous_16)","line":184,"loc":{"start":{"line":184,"column":20},"end":{"line":184,"column":32}}},"17":{"name":"(anonymous_17)","line":192,"loc":{"start":{"line":192,"column":26},"end":{"line":192,"column":44}}},"18":{"name":"(anonymous_18)","line":211,"loc":{"start":{"line":211,"column":29},"end":{"line":211,"column":48}}},"19":{"name":"(anonymous_19)","line":230,"loc":{"start":{"line":230,"column":18},"end":{"line":230,"column":37}}},"20":{"name":"(anonymous_20)","line":233,"loc":{"start":{"line":233,"column":27},"end":{"line":233,"column":54}}},"21":{"name":"(anonymous_21)","line":245,"loc":{"start":{"line":245,"column":49},"end":{"line":245,"column":74}}},"22":{"name":"(anonymous_22)","line":248,"loc":{"start":{"line":248,"column":22},"end":{"line":248,"column":40}}},"23":{"name":"(anonymous_23)","line":251,"loc":{"start":{"line":251,"column":24},"end":{"line":251,"column":41}}},"24":{"name":"(anonymous_24)","line":256,"loc":{"start":{"line":256,"column":26},"end":{"line":256,"column":44}}},"25":{"name":"(anonymous_25)","line":259,"loc":{"start":{"line":259,"column":28},"end":{"line":259,"column":45}}},"26":{"name":"(anonymous_26)","line":266,"loc":{"start":{"line":266,"column":21},"end":{"line":266,"column":39}}},"27":{"name":"(anonymous_27)","line":313,"loc":{"start":{"line":313,"column":26},"end":{"line":313,"column":45}}},"28":{"name":"(anonymous_28)","line":316,"loc":{"start":{"line":316,"column":27},"end":{"line":316,"column":54}}},"29":{"name":"(anonymous_29)","line":337,"loc":{"start":{"line":337,"column":17},"end":{"line":337,"column":32}}},"30":{"name":"(anonymous_30)","line":338,"loc":{"start":{"line":338,"column":27},"end":{"line":338,"column":54}}},"31":{"name":"(anonymous_31)","line":345,"loc":{"start":{"line":345,"column":56},"end":{"line":345,"column":68}}},"32":{"name":"(anonymous_32)","line":354,"loc":{"start":{"line":354,"column":29},"end":{"line":354,"column":41}}},"33":{"name":"(anonymous_33)","line":364,"loc":{"start":{"line":364,"column":28},"end":{"line":364,"column":45}}},"34":{"name":"(anonymous_34)","line":367,"loc":{"start":{"line":367,"column":27},"end":{"line":367,"column":53}}},"35":{"name":"(anonymous_35)","line":372,"loc":{"start":{"line":372,"column":39},"end":{"line":372,"column":67}}},"36":{"name":"(anonymous_36)","line":387,"loc":{"start":{"line":387,"column":29},"end":{"line":387,"column":47}}},"37":{"name":"(anonymous_37)","line":390,"loc":{"start":{"line":390,"column":27},"end":{"line":390,"column":53}}},"38":{"name":"(anonymous_38)","line":405,"loc":{"start":{"line":405,"column":26},"end":{"line":405,"column":44}}},"39":{"name":"extend","line":414,"loc":{"start":{"line":414,"column":0},"end":{"line":414,"column":26}}},"40":{"name":"mix","line":439,"loc":{"start":{"line":439,"column":0},"end":{"line":439,"column":34}}}},"statementMap":{"1":{"start":{"line":1,"column":0},"end":{"line":453,"column":4}},"2":{"start":{"line":4,"column":4},"end":{"line":4,"column":32}},"3":{"start":{"line":7,"column":4},"end":{"line":9,"column":5}},"4":{"start":{"line":8,"column":8},"end":{"line":8,"column":31}},"5":{"start":{"line":12,"column":4},"end":{"line":14,"column":5},"skip":true},"6":{"start":{"line":13,"column":8},"end":{"line":13,"column":24},"skip":true},"7":{"start":{"line":17,"column":4},"end":{"line":17,"column":32}},"8":{"start":{"line":18,"column":4},"end":{"line":18,"column":63}},"9":{"start":{"line":19,"column":4},"end":{"line":19,"column":61}},"10":{"start":{"line":24,"column":0},"end":{"line":28,"column":1}},"11":{"start":{"line":25,"column":4},"end":{"line":25,"column":57}},"12":{"start":{"line":27,"column":4},"end":{"line":27,"column":47}},"13":{"start":{"line":30,"column":0},"end":{"line":411,"column":3}},"14":{"start":{"line":32,"column":8},"end":{"line":32,"column":24}},"15":{"start":{"line":34,"column":8},"end":{"line":57,"column":11}},"16":{"start":{"line":37,"column":12},"end":{"line":37,"column":38}},"17":{"start":{"line":39,"column":12},"end":{"line":39,"column":31}},"18":{"start":{"line":40,"column":12},"end":{"line":40,"column":47}},"19":{"start":{"line":41,"column":12},"end":{"line":41,"column":58}},"20":{"start":{"line":43,"column":12},"end":{"line":43,"column":68}},"21":{"start":{"line":45,"column":12},"end":{"line":45,"column":76}},"22":{"start":{"line":47,"column":12},"end":{"line":56,"column":13}},"23":{"start":{"line":48,"column":16},"end":{"line":48,"column":45}},"24":{"start":{"line":50,"column":16},"end":{"line":50,"column":32}},"25":{"start":{"line":52,"column":16},"end":{"line":55,"column":23}},"26":{"start":{"line":54,"column":24},"end":{"line":54,"column":53}},"27":{"start":{"line":61,"column":8},"end":{"line":61,"column":24}},"28":{"start":{"line":63,"column":8},"end":{"line":63,"column":28}},"29":{"start":{"line":64,"column":8},"end":{"line":64,"column":20}},"30":{"start":{"line":65,"column":8},"end":{"line":65,"column":28}},"31":{"start":{"line":67,"column":8},"end":{"line":67,"column":138}},"32":{"start":{"line":69,"column":8},"end":{"line":90,"column":9}},"33":{"start":{"line":70,"column":12},"end":{"line":70,"column":35}},"34":{"start":{"line":71,"column":12},"end":{"line":71,"column":87}},"35":{"start":{"line":72,"column":12},"end":{"line":72,"column":87}},"36":{"start":{"line":75,"column":12},"end":{"line":75,"column":25}},"37":{"start":{"line":77,"column":12},"end":{"line":89,"column":13}},"38":{"start":{"line":78,"column":16},"end":{"line":88,"column":17}},"39":{"start":{"line":79,"column":20},"end":{"line":79,"column":46}},"40":{"start":{"line":81,"column":23},"end":{"line":88,"column":17}},"41":{"start":{"line":82,"column":20},"end":{"line":82,"column":51}},"42":{"start":{"line":83,"column":20},"end":{"line":83,"column":97}},"43":{"start":{"line":85,"column":20},"end":{"line":85,"column":26}},"44":{"start":{"line":87,"column":20},"end":{"line":87,"column":26}},"45":{"start":{"line":92,"column":8},"end":{"line":109,"column":11}},"46":{"start":{"line":93,"column":12},"end":{"line":93,"column":51}},"47":{"start":{"line":95,"column":12},"end":{"line":95,"column":80}},"48":{"start":{"line":97,"column":12},"end":{"line":99,"column":13}},"49":{"start":{"line":98,"column":16},"end":{"line":98,"column":78}},"50":{"start":{"line":101,"column":12},"end":{"line":108,"column":13}},"51":{"start":{"line":102,"column":16},"end":{"line":102,"column":61}},"52":{"start":{"line":104,"column":19},"end":{"line":108,"column":13}},"53":{"start":{"line":105,"column":16},"end":{"line":105,"column":84}},"54":{"start":{"line":107,"column":16},"end":{"line":107,"column":78}},"55":{"start":{"line":113,"column":8},"end":{"line":113,"column":39}},"56":{"start":{"line":115,"column":8},"end":{"line":115,"column":59}},"57":{"start":{"line":117,"column":8},"end":{"line":121,"column":9}},"58":{"start":{"line":118,"column":12},"end":{"line":118,"column":61}},"59":{"start":{"line":120,"column":12},"end":{"line":120,"column":99}},"60":{"start":{"line":123,"column":8},"end":{"line":123,"column":37}},"61":{"start":{"line":127,"column":8},"end":{"line":127,"column":59}},"62":{"start":{"line":129,"column":8},"end":{"line":129,"column":25}},"63":{"start":{"line":131,"column":8},"end":{"line":131,"column":47}},"64":{"start":{"line":133,"column":8},"end":{"line":154,"column":9}},"65":{"start":{"line":134,"column":12},"end":{"line":134,"column":49}},"66":{"start":{"line":136,"column":12},"end":{"line":139,"column":13}},"67":{"start":{"line":137,"column":16},"end":{"line":137,"column":25}},"68":{"start":{"line":141,"column":12},"end":{"line":141,"column":59}},"69":{"start":{"line":143,"column":12},"end":{"line":145,"column":13}},"70":{"start":{"line":144,"column":16},"end":{"line":144,"column":85}},"71":{"start":{"line":147,"column":12},"end":{"line":147,"column":71}},"72":{"start":{"line":149,"column":12},"end":{"line":153,"column":13}},"73":{"start":{"line":150,"column":16},"end":{"line":150,"column":30}},"74":{"start":{"line":152,"column":16},"end":{"line":152,"column":22}},"75":{"start":{"line":156,"column":8},"end":{"line":156,"column":21}},"76":{"start":{"line":161,"column":8},"end":{"line":163,"column":9}},"77":{"start":{"line":162,"column":12},"end":{"line":162,"column":71}},"78":{"start":{"line":165,"column":8},"end":{"line":165,"column":34}},"79":{"start":{"line":169,"column":8},"end":{"line":171,"column":9}},"80":{"start":{"line":170,"column":12},"end":{"line":170,"column":92}},"81":{"start":{"line":173,"column":8},"end":{"line":173,"column":39}},"82":{"start":{"line":177,"column":8},"end":{"line":179,"column":9}},"83":{"start":{"line":178,"column":12},"end":{"line":178,"column":59}},"84":{"start":{"line":181,"column":8},"end":{"line":181,"column":34}},"85":{"start":{"line":185,"column":8},"end":{"line":187,"column":9}},"86":{"start":{"line":186,"column":12},"end":{"line":186,"column":78}},"87":{"start":{"line":189,"column":8},"end":{"line":189,"column":32}},"88":{"start":{"line":193,"column":8},"end":{"line":193,"column":32}},"89":{"start":{"line":195,"column":8},"end":{"line":195,"column":69}},"90":{"start":{"line":197,"column":8},"end":{"line":206,"column":9}},"91":{"start":{"line":198,"column":12},"end":{"line":198,"column":65}},"92":{"start":{"line":201,"column":12},"end":{"line":205,"column":13}},"93":{"start":{"line":204,"column":16},"end":{"line":204,"column":48}},"94":{"start":{"line":208,"column":8},"end":{"line":208,"column":30}},"95":{"start":{"line":212,"column":8},"end":{"line":212,"column":32}},"96":{"start":{"line":214,"column":8},"end":{"line":214,"column":69}},"97":{"start":{"line":216,"column":8},"end":{"line":225,"column":9}},"98":{"start":{"line":217,"column":12},"end":{"line":217,"column":65}},"99":{"start":{"line":220,"column":12},"end":{"line":224,"column":13}},"100":{"start":{"line":223,"column":16},"end":{"line":223,"column":48}},"101":{"start":{"line":227,"column":8},"end":{"line":227,"column":30}},"102":{"start":{"line":231,"column":8},"end":{"line":231,"column":24}},"103":{"start":{"line":233,"column":8},"end":{"line":263,"column":11}},"104":{"start":{"line":234,"column":12},"end":{"line":234,"column":71}},"105":{"start":{"line":236,"column":12},"end":{"line":262,"column":13}},"106":{"start":{"line":237,"column":16},"end":{"line":237,"column":71}},"107":{"start":{"line":239,"column":16},"end":{"line":239,"column":40}},"108":{"start":{"line":241,"column":16},"end":{"line":243,"column":17}},"109":{"start":{"line":242,"column":20},"end":{"line":242,"column":67}},"110":{"start":{"line":245,"column":16},"end":{"line":253,"column":19}},"111":{"start":{"line":246,"column":20},"end":{"line":246,"column":65}},"112":{"start":{"line":249,"column":20},"end":{"line":249,"column":37}},"113":{"start":{"line":252,"column":20},"end":{"line":252,"column":34}},"114":{"start":{"line":255,"column":16},"end":{"line":261,"column":23}},"115":{"start":{"line":257,"column":24},"end":{"line":257,"column":41}},"116":{"start":{"line":260,"column":24},"end":{"line":260,"column":38}},"117":{"start":{"line":267,"column":8},"end":{"line":267,"column":43}},"118":{"start":{"line":269,"column":8},"end":{"line":269,"column":59}},"119":{"start":{"line":272,"column":8},"end":{"line":272,"column":24}},"120":{"start":{"line":274,"column":8},"end":{"line":296,"column":9}},"121":{"start":{"line":275,"column":12},"end":{"line":275,"column":52}},"122":{"start":{"line":277,"column":12},"end":{"line":277,"column":21}},"123":{"start":{"line":282,"column":12},"end":{"line":295,"column":13}},"124":{"start":{"line":283,"column":16},"end":{"line":283,"column":33}},"125":{"start":{"line":285,"column":16},"end":{"line":285,"column":60}},"126":{"start":{"line":290,"column":16},"end":{"line":290,"column":59}},"127":{"start":{"line":292,"column":16},"end":{"line":292,"column":55}},"128":{"start":{"line":294,"column":16},"end":{"line":294,"column":53}},"129":{"start":{"line":298,"column":8},"end":{"line":298,"column":113}},"130":{"start":{"line":304,"column":8},"end":{"line":304,"column":54}},"131":{"start":{"line":306,"column":8},"end":{"line":306,"column":55}},"132":{"start":{"line":308,"column":8},"end":{"line":308,"column":50}},"133":{"start":{"line":310,"column":8},"end":{"line":310,"column":44}},"134":{"start":{"line":314,"column":8},"end":{"line":314,"column":24}},"135":{"start":{"line":316,"column":8},"end":{"line":334,"column":11}},"136":{"start":{"line":317,"column":12},"end":{"line":333,"column":13}},"137":{"start":{"line":318,"column":16},"end":{"line":318,"column":77}},"138":{"start":{"line":319,"column":16},"end":{"line":319,"column":38}},"139":{"start":{"line":322,"column":16},"end":{"line":326,"column":17}},"140":{"start":{"line":323,"column":20},"end":{"line":325,"column":21}},"141":{"start":{"line":324,"column":24},"end":{"line":324,"column":54}},"142":{"start":{"line":328,"column":16},"end":{"line":328,"column":98}},"143":{"start":{"line":330,"column":16},"end":{"line":330,"column":38}},"144":{"start":{"line":332,"column":16},"end":{"line":332,"column":30}},"145":{"start":{"line":338,"column":8},"end":{"line":361,"column":11}},"146":{"start":{"line":339,"column":12},"end":{"line":339,"column":58}},"147":{"start":{"line":341,"column":12},"end":{"line":341,"column":29}},"148":{"start":{"line":343,"column":12},"end":{"line":343,"column":29}},"149":{"start":{"line":345,"column":12},"end":{"line":352,"column":14}},"150":{"start":{"line":346,"column":16},"end":{"line":351,"column":17}},"151":{"start":{"line":348,"column":20},"end":{"line":348,"column":69}},"152":{"start":{"line":350,"column":20},"end":{"line":350,"column":36}},"153":{"start":{"line":354,"column":12},"end":{"line":358,"column":14}},"154":{"start":{"line":355,"column":16},"end":{"line":355,"column":50}},"155":{"start":{"line":357,"column":16},"end":{"line":357,"column":31}},"156":{"start":{"line":360,"column":12},"end":{"line":360,"column":46}},"157":{"start":{"line":365,"column":8},"end":{"line":365,"column":24}},"158":{"start":{"line":367,"column":8},"end":{"line":384,"column":11}},"159":{"start":{"line":368,"column":12},"end":{"line":383,"column":13}},"160":{"start":{"line":369,"column":16},"end":{"line":369,"column":32}},"161":{"start":{"line":372,"column":16},"end":{"line":380,"column":18}},"162":{"start":{"line":373,"column":20},"end":{"line":373,"column":85}},"163":{"start":{"line":375,"column":20},"end":{"line":379,"column":21}},"164":{"start":{"line":376,"column":24},"end":{"line":376,"column":69}},"165":{"start":{"line":378,"column":24},"end":{"line":378,"column":40}},"166":{"start":{"line":382,"column":16},"end":{"line":382,"column":60}},"167":{"start":{"line":388,"column":8},"end":{"line":388,"column":24}},"168":{"start":{"line":390,"column":8},"end":{"line":409,"column":11}},"169":{"start":{"line":391,"column":12},"end":{"line":391,"column":68}},"170":{"start":{"line":393,"column":12},"end":{"line":408,"column":13}},"171":{"start":{"line":394,"column":16},"end":{"line":394,"column":33}},"172":{"start":{"line":396,"column":16},"end":{"line":396,"column":41}},"173":{"start":{"line":398,"column":16},"end":{"line":398,"column":77}},"174":{"start":{"line":400,"column":16},"end":{"line":402,"column":17}},"175":{"start":{"line":401,"column":20},"end":{"line":401,"column":101}},"176":{"start":{"line":404,"column":16},"end":{"line":407,"column":23}},"177":{"start":{"line":406,"column":24},"end":{"line":406,"column":41}},"178":{"start":{"line":414,"column":0},"end":{"line":437,"column":1}},"179":{"start":{"line":415,"column":4},"end":{"line":417,"column":5}},"180":{"start":{"line":416,"column":8},"end":{"line":416,"column":53}},"181":{"start":{"line":419,"column":4},"end":{"line":420,"column":31}},"182":{"start":{"line":421,"column":4},"end":{"line":421,"column":21}},"183":{"start":{"line":423,"column":4},"end":{"line":423,"column":23}},"184":{"start":{"line":424,"column":4},"end":{"line":424,"column":22}},"185":{"start":{"line":427,"column":4},"end":{"line":429,"column":5}},"186":{"start":{"line":428,"column":8},"end":{"line":428,"column":27}},"187":{"start":{"line":432,"column":4},"end":{"line":434,"column":5}},"188":{"start":{"line":433,"column":8},"end":{"line":433,"column":20}},"189":{"start":{"line":436,"column":4},"end":{"line":436,"column":13}},"190":{"start":{"line":439,"column":0},"end":{"line":450,"column":1}},"191":{"start":{"line":440,"column":4},"end":{"line":440,"column":57}},"192":{"start":{"line":442,"column":4},"end":{"line":447,"column":5}},"193":{"start":{"line":444,"column":8},"end":{"line":446,"column":9}},"194":{"start":{"line":445,"column":12},"end":{"line":445,"column":39}},"195":{"start":{"line":449,"column":4},"end":{"line":449,"column":23}},"196":{"start":{"line":452,"column":4},"end":{"line":452,"column":18}}},"branchMap":{"1":{"line":7,"type":"if","locations":[{"start":{"line":7,"column":4},"end":{"line":7,"column":4}},{"start":{"line":7,"column":4},"end":{"line":7,"column":4},"skip":true}]},"2":{"line":7,"type":"binary-expr","locations":[{"start":{"line":7,"column":8},"end":{"line":7,"column":34}},{"start":{"line":7,"column":38},"end":{"line":7,"column":44}}]},"3":{"line":12,"type":"if","locations":[{"start":{"line":12,"column":4},"end":{"line":12,"column":4},"skip":true},{"start":{"line":12,"column":4},"end":{"line":12,"column":4},"skip":true}]},"4":{"line":12,"type":"binary-expr","locations":[{"start":{"line":12,"column":8},"end":{"line":12,"column":36},"skip":true},{"start":{"line":12,"column":40},"end":{"line":12,"column":50},"skip":true}]},"5":{"line":20,"type":"cond-expr","locations":[{"start":{"line":20,"column":34},"end":{"line":20,"column":40}},{"start":{"line":20,"column":70},"end":{"line":20,"column":74},"skip":true}]},"6":{"line":27,"type":"binary-expr","locations":[{"start":{"line":27,"column":19},"end":{"line":27,"column":25}},{"start":{"line":27,"column":29},"end":{"line":27,"column":46}}]},"7":{"line":37,"type":"binary-expr","locations":[{"start":{"line":37,"column":25},"end":{"line":37,"column":31}},{"start":{"line":37,"column":35},"end":{"line":37,"column":37}}]},"8":{"line":47,"type":"if","locations":[{"start":{"line":47,"column":12},"end":{"line":47,"column":12}},{"start":{"line":47,"column":12},"end":{"line":47,"column":12}}]},"9":{"line":67,"type":"cond-expr","locations":[{"start":{"line":67,"column":42},"end":{"line":67,"column":69}},{"start":{"line":67,"column":72},"end":{"line":67,"column":137}}]},"10":{"line":69,"type":"if","locations":[{"start":{"line":69,"column":8},"end":{"line":69,"column":8}},{"start":{"line":69,"column":8},"end":{"line":69,"column":8}}]},"11":{"line":71,"type":"cond-expr","locations":[{"start":{"line":71,"column":67},"end":{"line":71,"column":79}},{"start":{"line":71,"column":82},"end":{"line":71,"column":86}}]},"12":{"line":72,"type":"cond-expr","locations":[{"start":{"line":72,"column":67},"end":{"line":72,"column":79}},{"start":{"line":72,"column":82},"end":{"line":72,"column":86}}]},"13":{"line":78,"type":"if","locations":[{"start":{"line":78,"column":16},"end":{"line":78,"column":16}},{"start":{"line":78,"column":16},"end":{"line":78,"column":16}}]},"14":{"line":81,"type":"if","locations":[{"start":{"line":81,"column":23},"end":{"line":81,"column":23}},{"start":{"line":81,"column":23},"end":{"line":81,"column":23}}]},"15":{"line":83,"type":"cond-expr","locations":[{"start":{"line":83,"column":77},"end":{"line":83,"column":89}},{"start":{"line":83,"column":92},"end":{"line":83,"column":96}}]},"16":{"line":97,"type":"if","locations":[{"start":{"line":97,"column":12},"end":{"line":97,"column":12}},{"start":{"line":97,"column":12},"end":{"line":97,"column":12}}]},"17":{"line":101,"type":"if","locations":[{"start":{"line":101,"column":12},"end":{"line":101,"column":12}},{"start":{"line":101,"column":12},"end":{"line":101,"column":12}}]},"18":{"line":104,"type":"if","locations":[{"start":{"line":104,"column":19},"end":{"line":104,"column":19}},{"start":{"line":104,"column":19},"end":{"line":104,"column":19}}]},"19":{"line":120,"type":"cond-expr","locations":[{"start":{"line":120,"column":56},"end":{"line":120,"column":85}},{"start":{"line":120,"column":88},"end":{"line":120,"column":97}}]},"20":{"line":136,"type":"if","locations":[{"start":{"line":136,"column":12},"end":{"line":136,"column":12}},{"start":{"line":136,"column":12},"end":{"line":136,"column":12}}]},"21":{"line":143,"type":"if","locations":[{"start":{"line":143,"column":12},"end":{"line":143,"column":12}},{"start":{"line":143,"column":12},"end":{"line":143,"column":12}}]},"22":{"line":149,"type":"if","locations":[{"start":{"line":149,"column":12},"end":{"line":149,"column":12}},{"start":{"line":149,"column":12},"end":{"line":149,"column":12}}]},"23":{"line":161,"type":"if","locations":[{"start":{"line":161,"column":8},"end":{"line":161,"column":8}},{"start":{"line":161,"column":8},"end":{"line":161,"column":8},"skip":true}]},"24":{"line":169,"type":"if","locations":[{"start":{"line":169,"column":8},"end":{"line":169,"column":8}},{"start":{"line":169,"column":8},"end":{"line":169,"column":8}}]},"25":{"line":177,"type":"if","locations":[{"start":{"line":177,"column":8},"end":{"line":177,"column":8}},{"start":{"line":177,"column":8},"end":{"line":177,"column":8}}]},"26":{"line":185,"type":"if","locations":[{"start":{"line":185,"column":8},"end":{"line":185,"column":8}},{"start":{"line":185,"column":8},"end":{"line":185,"column":8}}]},"27":{"line":201,"type":"if","locations":[{"start":{"line":201,"column":12},"end":{"line":201,"column":12}},{"start":{"line":201,"column":12},"end":{"line":201,"column":12}}]},"28":{"line":201,"type":"binary-expr","locations":[{"start":{"line":201,"column":16},"end":{"line":201,"column":46}},{"start":{"line":202,"column":17},"end":{"line":202,"column":34}},{"start":{"line":202,"column":38},"end":{"line":202,"column":70}}]},"29":{"line":220,"type":"if","locations":[{"start":{"line":220,"column":12},"end":{"line":220,"column":12}},{"start":{"line":220,"column":12},"end":{"line":220,"column":12}}]},"30":{"line":220,"type":"binary-expr","locations":[{"start":{"line":220,"column":16},"end":{"line":220,"column":46}},{"start":{"line":221,"column":17},"end":{"line":221,"column":34}},{"start":{"line":221,"column":39},"end":{"line":221,"column":71}},{"start":{"line":221,"column":75},"end":{"line":221,"column":97}}]},"31":{"line":236,"type":"if","locations":[{"start":{"line":236,"column":12},"end":{"line":236,"column":12}},{"start":{"line":236,"column":12},"end":{"line":236,"column":12}}]},"32":{"line":282,"type":"if","locations":[{"start":{"line":282,"column":12},"end":{"line":282,"column":12}},{"start":{"line":282,"column":12},"end":{"line":282,"column":12}}]},"33":{"line":304,"type":"binary-expr","locations":[{"start":{"line":304,"column":32},"end":{"line":304,"column":38}},{"start":{"line":304,"column":42},"end":{"line":304,"column":53}}]},"34":{"line":323,"type":"if","locations":[{"start":{"line":323,"column":20},"end":{"line":323,"column":20}},{"start":{"line":323,"column":20},"end":{"line":323,"column":20}}]},"35":{"line":346,"type":"if","locations":[{"start":{"line":346,"column":16},"end":{"line":346,"column":16}},{"start":{"line":346,"column":16},"end":{"line":346,"column":16}}]},"36":{"line":346,"type":"binary-expr","locations":[{"start":{"line":346,"column":20},"end":{"line":346,"column":36}},{"start":{"line":346,"column":40},"end":{"line":346,"column":70}},{"start":{"line":346,"column":74},"end":{"line":346,"column":100}}]},"37":{"line":368,"type":"if","locations":[{"start":{"line":368,"column":12},"end":{"line":368,"column":12}},{"start":{"line":368,"column":12},"end":{"line":368,"column":12}}]},"38":{"line":375,"type":"if","locations":[{"start":{"line":375,"column":20},"end":{"line":375,"column":20}},{"start":{"line":375,"column":20},"end":{"line":375,"column":20}}]},"39":{"line":393,"type":"if","locations":[{"start":{"line":393,"column":12},"end":{"line":393,"column":12}},{"start":{"line":393,"column":12},"end":{"line":393,"column":12}}]},"40":{"line":415,"type":"if","locations":[{"start":{"line":415,"column":4},"end":{"line":415,"column":4}},{"start":{"line":415,"column":4},"end":{"line":415,"column":4}}]},"41":{"line":415,"type":"binary-expr","locations":[{"start":{"line":415,"column":8},"end":{"line":415,"column":10}},{"start":{"line":415,"column":14},"end":{"line":415,"column":16}}]},"42":{"line":427,"type":"if","locations":[{"start":{"line":427,"column":4},"end":{"line":427,"column":4}},{"start":{"line":427,"column":4},"end":{"line":427,"column":4}}]},"43":{"line":427,"type":"binary-expr","locations":[{"start":{"line":427,"column":8},"end":{"line":427,"column":19}},{"start":{"line":427,"column":23},"end":{"line":427,"column":69}}]},"44":{"line":432,"type":"if","locations":[{"start":{"line":432,"column":4},"end":{"line":432,"column":4}},{"start":{"line":432,"column":4},"end":{"line":432,"column":4}}]},"45":{"line":444,"type":"if","locations":[{"start":{"line":444,"column":8},"end":{"line":444,"column":8}},{"start":{"line":444,"column":8},"end":{"line":444,"column":8},"skip":true}]}},"l":{"1":1,"4":1,"7":1,"8":1,"12":1,"13":1,"17":1,"18":1,"19":1,"24":1,"25":1,"27":1,"30":1,"32":1,"34":1,"37":1,"39":1,"40":1,"41":1,"43":1,"45":0,"47":0,"48":0,"50":0,"52":0,"54":0,"61":0,"63":0,"64":0,"65":0,"67":0,"69":0,"70":0,"71":0,"72":0,"75":0,"77":0,"78":0,"79":0,"81":0,"82":0,"83":0,"85":0,"87":0,"92":0,"93":0,"95":0,"97":0,"98":0,"101":0,"102":0,"104":0,"105":0,"107":0,"113":0,"115":0,"117":0,"118":0,"120":0,"123":0,"127":0,"129":0,"131":0,"133":0,"134":0,"136":0,"137":0,"141":0,"143":0,"144":0,"147":0,"149":0,"150":0,"152":0,"156":0,"161":1,"162":1,"165":1,"169":0,"170":0,"173":0,"177":0,"178":0,"181":0,"185":0,"186":0,"189":0,"193":0,"195":0,"197":0,"198":0,"201":0,"204":0,"208":0,"212":0,"214":0,"216":0,"217":0,"220":0,"223":0,"227":0,"231":0,"233":0,"234":0,"236":0,"237":0,"239":0,"241":0,"242":0,"245":0,"246":0,"249":0,"252":0,"255":0,"257":0,"260":0,"267":0,"269":0,"272":0,"274":0,"275":0,"277":0,"282":0,"283":0,"285":0,"290":0,"292":0,"294":0,"298":0,"304":0,"306":0,"308":0,"310":0,"314":0,"316":0,"317":0,"318":0,"319":0,"322":0,"323":0,"324":0,"328":0,"330":0,"332":0,"338":0,"339":0,"341":0,"343":0,"345":0,"346":0,"348":0,"350":0,"354":0,"355":0,"357":0,"360":0,"365":0,"367":0,"368":0,"369":0,"372":0,"373":0,"375":0,"376":0,"378":0,"382":0,"388":0,"390":0,"391":0,"393":0,"394":0,"396":0,"398":0,"400":0,"401":0,"404":0,"406":0,"414":1,"415":1,"416":0,"419":1,"421":1,"423":1,"424":1,"427":1,"428":0,"432":1,"433":1,"436":1,"439":1,"440":1,"442":1,"444":16,"445":16,"449":1,"452":1}}}
