TN:
SF:/Users/iliyan/projects/liferay-amd-loader/umd/event-emitter.js
FN:1,(anonymous_1)
FN:17,(anonymous_2)
FN:27,EventEmitter
FN:40,(anonymous_4)
FN:52,(anonymous_5)
FN:75,(anonymous_6)
FNF:6
FNH:6
FNDA:33,(anonymous_1)
FNDA:33,(anonymous_2)
FNDA:38,EventEmitter
FNDA:17,(anonymous_4)
FNDA:13,(anonymous_5)
FNDA:89,(anonymous_6)
DA:1,33
DA:4,33
DA:7,33
DA:8,33
DA:12,33
DA:13,31
DA:16,33
DA:27,1
DA:28,38
DA:31,33
DA:41,17
DA:43,17
DA:53,13
DA:55,13
DA:56,9
DA:58,9
DA:59,8
DA:61,1
DA:64,4
DA:76,89
DA:78,89
DA:83,17
DA:85,17
DA:86,17
DA:88,17
DA:91,72
DA:96,33
LF:27
LH:27
BRDA:7,1,0,33
BRDA:7,1,1,0
BRDA:7,2,0,33
BRDA:7,2,1,33
BRDA:12,3,0,31
BRDA:12,3,1,2
BRDA:12,4,0,33
BRDA:12,4,1,31
BRDA:17,5,0,33
BRDA:17,5,1,0
BRDA:41,6,0,17
BRDA:41,6,1,12
BRDA:55,7,0,9
BRDA:55,7,1,4
BRDA:58,8,0,8
BRDA:58,8,1,1
BRDA:78,9,0,17
BRDA:78,9,1,72
BRF:18
BRH:18
end_of_record
TN:
SF:/Users/iliyan/projects/liferay-amd-loader/umd/config-parser.js
FN:1,(anonymous_1)
FN:17,(anonymous_2)
FN:28,ConfigParser
FN:54,(anonymous_4)
FN:81,(anonymous_5)
FN:90,(anonymous_6)
FN:99,(anonymous_7)
FN:118,(anonymous_8)
FN:165,(anonymous_9)
FN:186,(anonymous_10)
FN:206,(anonymous_11)
FNF:11
FNH:11
FNDA:33,(anonymous_1)
FNDA:33,(anonymous_2)
FNDA:53,ConfigParser
FNDA:698,(anonymous_4)
FNDA:129,(anonymous_5)
FNDA:100,(anonymous_6)
FNDA:371,(anonymous_7)
FNDA:155,(anonymous_8)
FNDA:53,(anonymous_9)
FNDA:40,(anonymous_10)
FNDA:698,(anonymous_11)
DA:1,33
DA:4,33
DA:7,33
DA:8,33
DA:12,33
DA:13,31
DA:16,33
DA:28,1
DA:29,53
DA:30,53
DA:31,53
DA:33,53
DA:36,33
DA:59,698
DA:61,698
DA:62,37
DA:63,110
DA:64,110
DA:68,661
DA:71,698
DA:73,698
DA:82,129
DA:91,100
DA:100,371
DA:119,155
DA:120,7
DA:123,148
DA:125,148
DA:126,82
DA:128,66
DA:131,148
DA:132,183
DA:134,183
DA:136,183
DA:138,330
DA:139,330
DA:140,16
DA:141,16
DA:143,16
DA:144,16
DA:150,183
DA:151,3
DA:155,148
DA:166,53
DA:167,222
DA:168,222
DA:169,40
DA:171,182
DA:176,53
DA:187,40
DA:188,623
DA:189,623
DA:191,623
DA:193,623
DA:197,40
DA:208,698
DA:209,17
DA:211,17
DA:212,13
DA:215,17
DA:220,33
LF:61
LH:61
BRDA:7,1,0,33
BRDA:7,1,1,0
BRDA:7,2,0,33
BRDA:7,2,1,33
BRDA:12,3,0,31
BRDA:12,3,1,2
BRDA:12,4,0,33
BRDA:12,4,1,31
BRDA:17,5,0,33
BRDA:17,5,1,0
BRDA:61,6,0,37
BRDA:61,6,1,661
BRDA:63,7,0,110
BRDA:63,7,1,0
BRDA:119,8,0,7
BRDA:119,8,1,148
BRDA:125,9,0,82
BRDA:125,9,1,66
BRDA:138,10,0,330
BRDA:138,10,1,0
BRDA:139,11,0,16
BRDA:139,11,1,314
BRDA:139,12,0,330
BRDA:139,12,1,316
BRDA:150,13,0,3
BRDA:150,13,1,180
BRDA:150,14,0,183
BRDA:150,14,1,167
BRDA:155,15,0,82
BRDA:155,15,1,66
BRDA:167,16,0,222
BRDA:167,16,1,0
BRDA:168,17,0,40
BRDA:168,17,1,182
BRDA:188,18,0,623
BRDA:188,18,1,0
BRDA:208,19,0,17
BRDA:208,19,1,681
BRDA:211,20,0,13
BRDA:211,20,1,4
BRF:40
BRH:39
end_of_record
TN:
SF:/Users/iliyan/projects/liferay-amd-loader/umd/dependency-builder.js
FN:1,(anonymous_1)
FN:17,(anonymous_2)
FN:30,DependencyBuilder
FN:46,(anonymous_4)
FN:72,(anonymous_5)
FN:98,(anonymous_6)
FN:127,(anonymous_7)
FN:157,(anonymous_8)
FN:173,(anonymous_9)
FNF:9
FNH:9
FNDA:1,(anonymous_1)
FNDA:1,(anonymous_2)
FNDA:35,DependencyBuilder
FNDA:42,(anonymous_4)
FNDA:42,(anonymous_5)
FNDA:98,(anonymous_6)
FNDA:42,(anonymous_7)
FNDA:6,(anonymous_8)
FNDA:101,(anonymous_9)
DA:1,1
DA:4,1
DA:7,1
DA:8,1
DA:12,1
DA:13,1
DA:16,1
DA:21,1
DA:30,1
DA:31,35
DA:32,35
DA:34,35
DA:37,1
DA:49,42
DA:51,42
DA:53,42
DA:54,42
DA:58,39
DA:61,42
DA:64,39
DA:73,42
DA:77,42
DA:78,675
DA:79,675
DA:81,675
DA:82,675
DA:83,675
DA:87,42
DA:88,42
DA:99,98
DA:103,98
DA:104,5
DA:106,5
DA:107,6
DA:109,6
DA:111,4
DA:115,5
DA:130,42
DA:132,42
DA:133,49
DA:137,49
DA:138,8
DA:144,49
DA:145,48
DA:158,6
DA:159,1
DA:161,5
DA:175,101
DA:176,3
DA:180,98
DA:182,98
DA:183,87
DA:185,87
DA:187,87
DA:188,89
DA:190,89
DA:191,36
DA:195,53
DA:198,53
DA:199,53
DA:202,53
DA:203,3
DA:209,53
DA:212,81
DA:214,81
DA:216,81
DA:232,1
LF:67
LH:67
BRDA:7,1,0,1
BRDA:7,1,1,0
BRDA:7,2,0,1
BRDA:7,2,1,1
BRDA:12,3,0,0
BRDA:12,3,1,1
BRDA:12,4,0,1
BRDA:12,4,1,0
BRDA:17,5,0,1
BRDA:17,5,1,0
BRDA:78,6,0,675
BRDA:78,6,1,0
BRDA:103,7,0,5
BRDA:103,7,1,93
BRDA:103,8,0,98
BRDA:103,8,1,6
BRDA:109,9,0,4
BRDA:109,9,1,2
BRDA:109,10,0,6
BRDA:109,10,1,6
BRDA:137,11,0,8
BRDA:137,11,1,41
BRDA:144,12,0,48
BRDA:144,12,1,1
BRDA:158,13,0,1
BRDA:158,13,1,5
BRDA:175,14,0,3
BRDA:175,14,1,98
BRDA:182,15,0,87
BRDA:182,15,1,11
BRDA:190,16,0,36
BRDA:190,16,1,53
BRDA:190,17,0,89
BRDA:190,17,1,63
BRDA:202,18,0,3
BRDA:202,18,1,50
BRF:36
BRH:36
end_of_record
TN:
SF:/Users/iliyan/projects/liferay-amd-loader/umd/path-resolver.js
FN:1,(anonymous_1)
FN:17,(anonymous_2)
FN:26,PathResolver
FN:38,(anonymous_4)
FNF:4
FNH:4
FNDA:1,(anonymous_1)
FNDA:1,(anonymous_2)
FNDA:59,PathResolver
FNDA:141,(anonymous_4)
DA:1,1
DA:4,1
DA:7,1
DA:8,1
DA:12,1
DA:13,1
DA:16,1
DA:26,1
DA:28,1
DA:39,141
DA:42,118
DA:46,23
DA:48,23
DA:51,23
DA:53,23
DA:55,23
DA:56,38
DA:58,38
DA:59,14
DA:61,24
DA:62,18
DA:63,17
DA:66,1
DA:68,1
DA:72,6
DA:76,23
DA:78,23
DA:82,1
LF:28
LH:28
BRDA:7,1,0,1
BRDA:7,1,1,0
BRDA:7,2,0,1
BRDA:7,2,1,1
BRDA:12,3,0,0
BRDA:12,3,1,1
BRDA:12,4,0,1
BRDA:12,4,1,0
BRDA:17,5,0,1
BRDA:17,5,1,0
BRDA:39,6,0,118
BRDA:39,6,1,23
BRDA:39,7,0,141
BRDA:39,7,1,102
BRDA:39,7,2,85
BRDA:40,8,0,85
BRDA:40,8,1,62
BRDA:58,9,0,14
BRDA:58,9,1,24
BRDA:61,10,0,18
BRDA:61,10,1,6
BRDA:62,11,0,17
BRDA:62,11,1,1
BRF:23
BRH:23
end_of_record
TN:
SF:/Users/iliyan/projects/liferay-amd-loader/umd/url-builder.js
FN:1,(anonymous_1)
FN:17,(anonymous_2)
FN:32,URLBuilder
FN:45,(anonymous_4)
FN:138,(anonymous_5)
FNF:5
FNH:5
FNDA:1,(anonymous_1)
FNDA:1,(anonymous_2)
FNDA:31,URLBuilder
FNDA:34,(anonymous_4)
FNDA:65,(anonymous_5)
DA:1,1
DA:4,1
DA:7,1
DA:8,1
DA:12,1
DA:13,1
DA:16,1
DA:23,1
DA:32,1
DA:33,31
DA:36,1
DA:46,34
DA:47,34
DA:48,34
DA:49,34
DA:51,34
DA:53,34
DA:55,34
DA:56,34
DA:59,34
DA:60,32
DA:63,34
DA:64,66
DA:67,66
DA:68,1
DA:74,65
DA:75,65
DA:78,65
DA:79,5
DA:86,60
DA:87,51
DA:96,9
DA:97,4
DA:98,4
DA:100,5
DA:101,5
DA:106,66
DA:110,34
DA:111,3
DA:115,3
DA:119,34
DA:120,2
DA:124,2
DA:127,34
DA:139,65
DA:141,65
DA:143,65
DA:145,18
DA:146,18
DA:147,7
DA:152,65
DA:153,28
DA:156,65
DA:160,1
LF:54
LH:54
BRDA:7,1,0,1
BRDA:7,1,1,0
BRDA:7,2,0,1
BRDA:7,2,1,1
BRDA:12,3,0,0
BRDA:12,3,1,1
BRDA:12,4,0,1
BRDA:12,4,1,0
BRDA:17,5,0,1
BRDA:17,5,1,0
BRDA:55,6,0,34
BRDA:55,6,1,2
BRDA:59,7,0,32
BRDA:59,7,1,2
BRDA:59,8,0,34
BRDA:59,8,1,32
BRDA:67,9,0,1
BRDA:67,9,1,65
BRDA:78,10,0,5
BRDA:78,10,1,60
BRDA:86,11,0,51
BRDA:86,11,1,9
BRDA:89,12,0,9
BRDA:89,12,1,42
BRDA:96,13,0,4
BRDA:96,13,1,5
BRDA:110,14,0,3
BRDA:110,14,1,31
BRDA:119,15,0,2
BRDA:119,15,1,32
BRDA:139,16,0,65
BRDA:139,16,1,31
BRDA:145,17,0,18
BRDA:145,17,1,0
BRDA:146,18,0,7
BRDA:146,18,1,11
BRDA:146,19,0,18
BRDA:146,19,1,12
BRDA:152,20,0,28
BRDA:152,20,1,37
BRDA:152,21,0,65
BRDA:152,21,1,60
BRF:42
BRH:42
end_of_record
TN:
SF:/Users/iliyan/projects/liferay-amd-loader/umd/script-loader.js
FN:1,(anonymous_1)
FN:21,(anonymous_2)
FN:33,Loader
FN:53,(anonymous_4)
FN:83,(anonymous_5)
FN:115,(anonymous_6)
FN:138,(anonymous_7)
FN:148,(anonymous_8)
FN:164,(anonymous_9)
FN:210,(anonymous_10)
FN:213,(anonymous_11)
FN:220,(anonymous_12)
FN:226,(anonymous_13)
FN:239,(anonymous_14)
FN:248,(anonymous_15)
FN:267,(anonymous_16)
FN:270,(anonymous_17)
FN:283,(anonymous_18)
FN:300,(anonymous_19)
FN:324,(anonymous_20)
FN:339,(anonymous_21)
FN:355,(anonymous_22)
FN:368,(anonymous_23)
FN:401,(anonymous_24)
FN:422,(anonymous_25)
FN:437,(anonymous_26)
FN:453,(anonymous_27)
FN:479,(anonymous_28)
FN:482,(anonymous_29)
FN:501,(anonymous_30)
FN:506,(anonymous_31)
FN:511,(anonymous_32)
FN:517,(anonymous_33)
FN:522,(anonymous_34)
FN:539,(anonymous_35)
FN:542,(anonymous_36)
FN:549,(anonymous_37)
FN:561,(anonymous_38)
FN:579,(anonymous_39)
FN:582,(anonymous_40)
FN:600,(anonymous_41)
FN:674,(anonymous_42)
FN:699,(anonymous_43)
FN:702,(anonymous_44)
FN:710,(anonymous_45)
FN:717,(anonymous_46)
FN:749,(anonymous_47)
FNF:47
FNH:46
FNDA:32,(anonymous_1)
FNDA:32,(anonymous_2)
FNDA:32,Loader
FNDA:6,(anonymous_4)
FNDA:136,(anonymous_5)
FNDA:76,(anonymous_6)
FNDA:1,(anonymous_7)
FNDA:9,(anonymous_8)
FNDA:31,(anonymous_9)
FNDA:31,(anonymous_10)
FNDA:30,(anonymous_11)
FNDA:2,(anonymous_12)
FNDA:2,(anonymous_13)
FNDA:25,(anonymous_14)
FNDA:6,(anonymous_15)
FNDA:9,(anonymous_16)
FNDA:9,(anonymous_17)
FNDA:5,(anonymous_18)
FNDA:5,(anonymous_19)
FNDA:311,(anonymous_20)
FNDA:31,(anonymous_21)
FNDA:10,(anonymous_22)
FNDA:27,(anonymous_23)
FNDA:24,(anonymous_24)
FNDA:41,(anonymous_25)
FNDA:25,(anonymous_26)
FNDA:30,(anonymous_27)
FNDA:30,(anonymous_28)
FNDA:30,(anonymous_29)
FNDA:22,(anonymous_30)
FNDA:21,(anonymous_31)
FNDA:3,(anonymous_32)
FNDA:5,(anonymous_33)
FNDA:0,(anonymous_34)
FNDA:44,(anonymous_35)
FNDA:44,(anonymous_36)
FNDA:41,(anonymous_37)
FNDA:3,(anonymous_38)
FNDA:31,(anonymous_39)
FNDA:31,(anonymous_40)
FNDA:26,(anonymous_41)
FNDA:47,(anonymous_42)
FNDA:27,(anonymous_43)
FNDA:27,(anonymous_44)
FNDA:26,(anonymous_45)
FNDA:26,(anonymous_46)
FNDA:640,(anonymous_47)
DA:1,32
DA:4,32
DA:7,32
DA:8,32
DA:12,32
DA:13,31
DA:17,32
DA:18,32
DA:19,32
DA:20,32
DA:33,1
DA:34,32
DA:36,32
DA:38,32
DA:41,32
DA:42,32
DA:43,32
DA:45,32
DA:54,6
DA:84,136
DA:86,136
DA:88,136
DA:89,94
DA:91,94
DA:92,42
DA:93,3
DA:94,2
DA:97,2
DA:98,2
DA:101,1
DA:107,41
DA:108,41
DA:110,41
DA:115,41
DA:116,76
DA:119,41
DA:120,41
DA:121,41
DA:123,41
DA:125,41
DA:126,37
DA:129,41
DA:139,1
DA:149,9
DA:165,31
DA:167,31
DA:169,31
DA:170,31
DA:171,31
DA:172,31
DA:177,31
DA:178,25
DA:179,25
DA:180,25
DA:183,6
DA:185,6
DA:186,13
DA:187,7
DA:190,6
DA:191,5
DA:192,5
DA:194,5
DA:199,31
DA:201,31
DA:204,31
DA:206,31
DA:208,31
DA:210,31
DA:213,31
DA:214,30
DA:216,30
DA:219,30
DA:220,2
DA:221,2
DA:223,2
DA:224,2
DA:225,2
DA:226,2
DA:227,2
DA:229,2
DA:231,2
DA:232,2
DA:237,30
DA:240,25
DA:241,25
DA:244,25
DA:245,24
DA:246,24
DA:249,6
DA:250,6
DA:253,6
DA:254,4
DA:268,9
DA:270,9
DA:271,9
DA:275,9
DA:277,9
DA:278,4
DA:280,4
DA:281,2
DA:283,2
DA:284,5
DA:285,2
DA:287,2
DA:289,2
DA:290,2
DA:292,0
DA:297,2
DA:300,5
DA:301,5
DA:302,4
DA:306,4
DA:308,4
DA:312,5
DA:325,311
DA:326,29
DA:329,311
DA:340,31
DA:341,23
DA:344,31
DA:356,10
DA:369,27
DA:370,27
DA:372,27
DA:374,27
DA:375,48
DA:377,48
DA:379,48
DA:380,77
DA:382,77
DA:384,77
DA:385,4
DA:390,27
DA:402,24
DA:404,24
DA:406,24
DA:407,26
DA:409,26
DA:412,24
DA:423,41
DA:424,20
DA:427,41
DA:438,25
DA:439,22
DA:442,25
DA:454,30
DA:456,30
DA:458,30
DA:459,50
DA:463,50
DA:464,44
DA:468,30
DA:480,30
DA:482,30
DA:484,30
DA:486,30
DA:488,25
DA:490,25
DA:493,25
DA:494,44
DA:500,25
DA:501,25
DA:502,22
DA:507,21
DA:512,3
DA:517,5
DA:518,5
DA:523,0
DA:540,44
DA:542,44
DA:543,44
DA:545,44
DA:549,44
DA:550,41
DA:552,41
DA:554,41
DA:556,41
DA:561,44
DA:562,3
DA:564,3
DA:567,44
DA:580,31
DA:582,31
DA:583,31
DA:584,31
DA:586,30
DA:588,1
DA:601,26
DA:603,26
DA:604,46
DA:606,46
DA:607,6
DA:608,40
DA:609,4
DA:610,4
DA:613,36
DA:616,36
DA:617,36
DA:619,36
DA:620,70
DA:625,70
DA:626,36
DA:628,36
DA:629,34
DA:630,15
DA:632,15
DA:635,19
DA:637,19
DA:639,19
DA:643,36
DA:645,36
DA:646,35
DA:648,1
DA:658,36
DA:659,1
DA:660,35
DA:661,35
DA:675,47
DA:679,47
DA:681,47
DA:682,9
DA:684,9
DA:687,47
DA:700,27
DA:702,27
DA:703,27
DA:705,27
DA:706,47
DA:710,27
DA:715,26
DA:717,26
DA:718,26
DA:720,26
DA:721,46
DA:724,26
DA:726,26
DA:729,26
DA:731,26
DA:732,2
DA:733,2
DA:735,24
DA:749,32
DA:750,640
DA:753,32
LF:244
LH:242
BRDA:7,1,0,32
BRDA:7,1,1,0
BRDA:7,2,0,32
BRDA:7,2,1,32
BRDA:12,3,0,31
BRDA:12,3,1,1
BRDA:12,4,0,32
BRDA:12,4,1,31
BRDA:21,5,0,32
BRDA:21,5,1,0
BRDA:36,6,0,32
BRDA:36,6,1,32
BRDA:88,7,0,94
BRDA:88,7,1,42
BRDA:92,8,0,3
BRDA:92,8,1,39
BRDA:93,9,0,2
BRDA:93,9,1,1
BRDA:107,10,0,41
BRDA:107,10,1,41
BRDA:125,11,0,37
BRDA:125,11,1,4
BRDA:177,12,0,25
BRDA:177,12,1,6
BRDA:179,13,0,24
BRDA:179,13,1,1
BRDA:180,14,0,24
BRDA:180,14,1,1
BRDA:186,15,0,7
BRDA:186,15,1,6
BRDA:190,16,0,5
BRDA:190,16,1,1
BRDA:192,17,0,4
BRDA:192,17,1,1
BRDA:219,18,0,2
BRDA:219,18,1,28
BRDA:233,19,0,2
BRDA:233,19,1,0
BRDA:244,20,0,24
BRDA:244,20,1,1
BRDA:253,21,0,4
BRDA:253,21,1,2
BRDA:277,22,0,4
BRDA:277,22,1,5
BRDA:280,23,0,2
BRDA:280,23,1,2
BRDA:284,24,0,2
BRDA:284,24,1,3
BRDA:289,25,0,2
BRDA:289,25,1,0
BRDA:301,26,0,4
BRDA:301,26,1,1
BRDA:325,27,0,29
BRDA:325,27,1,282
BRDA:340,28,0,23
BRDA:340,28,1,8
BRDA:384,29,0,4
BRDA:384,29,1,73
BRDA:384,30,0,77
BRDA:384,30,1,37
BRDA:384,30,2,22
BRDA:384,30,3,18
BRDA:409,31,0,26
BRDA:409,31,1,0
BRDA:423,32,0,20
BRDA:423,32,1,21
BRDA:438,33,0,22
BRDA:438,33,1,3
BRDA:463,34,0,44
BRDA:463,34,1,6
BRDA:463,35,0,50
BRDA:463,35,1,50
BRDA:463,35,2,50
BRDA:463,35,3,50
BRDA:486,36,0,25
BRDA:486,36,1,5
BRDA:550,37,0,41
BRDA:550,37,1,0
BRDA:550,38,0,41
BRDA:550,38,1,0
BRDA:550,38,2,0
BRDA:606,39,0,6
BRDA:606,39,1,40
BRDA:608,40,0,4
BRDA:608,40,1,36
BRDA:625,41,0,36
BRDA:625,41,1,34
BRDA:629,42,0,15
BRDA:629,42,1,19
BRDA:645,43,0,35
BRDA:645,43,1,1
BRDA:658,44,0,1
BRDA:658,44,1,35
BRDA:660,45,0,35
BRDA:660,45,1,0
BRDA:661,46,0,35
BRDA:661,46,1,21
BRDA:681,47,0,9
BRDA:681,47,1,38
BRDA:731,48,0,2
BRDA:731,48,1,24
BRF:101
BRH:97
end_of_record
