TN:
SF:/Users/iliyan/projects/loader/dist/source/path-resolver.js
FN:1,(anonymous_1)
FN:17,(anonymous_2)
FN:21,PathResolver
FN:26,(anonymous_4)
FNF:4
FNH:4
FNDA:1,(anonymous_1)
FNDA:1,(anonymous_2)
FNDA:10,PathResolver
FNDA:68,(anonymous_4)
DA:1,1
DA:4,1
DA:7,1
DA:8,1
DA:12,1
DA:13,1
DA:16,1
DA:21,1
DA:23,1
DA:27,68
DA:28,2
DA:32,66
DA:34,66
DA:37,66
DA:39,66
DA:41,66
DA:42,19
DA:44,19
DA:45,6
DA:47,13
DA:48,11
DA:49,10
DA:52,1
DA:54,1
DA:58,2
DA:62,66
DA:64,66
DA:68,1
LF:28
LH:28
BRDA:7,1,0,1
BRDA:7,1,1,0
BRDA:7,2,0,1
BRDA:7,2,1,1
BRDA:12,3,0,0
BRDA:12,3,1,1
BRDA:12,4,0,1
BRDA:12,4,1,0
BRDA:17,5,0,1
BRDA:17,5,1,0
BRDA:27,6,0,2
BRDA:27,6,1,66
BRDA:44,7,0,6
BRDA:44,7,1,13
BRDA:47,8,0,11
BRDA:47,8,1,2
BRDA:48,9,0,10
BRDA:48,9,1,1
BRF:18
BRH:18
end_of_record
TN:
SF:/Users/iliyan/projects/loader/dist/source/event-emitter.js
FN:1,(anonymous_1)
FN:17,(anonymous_2)
FN:21,EventEmitter
FN:28,(anonymous_4)
FN:34,(anonymous_5)
FN:50,(anonymous_6)
FNF:6
FNH:6
FNDA:1,(anonymous_1)
FNDA:1,(anonymous_2)
FNDA:6,EventEmitter
FNDA:7,(anonymous_4)
FNDA:4,(anonymous_5)
FNDA:6,(anonymous_6)
DA:1,1
DA:4,1
DA:7,1
DA:8,1
DA:12,1
DA:13,1
DA:16,1
DA:21,1
DA:22,6
DA:25,1
DA:29,7
DA:31,7
DA:35,4
DA:37,4
DA:38,3
DA:40,3
DA:41,2
DA:43,1
DA:46,1
DA:51,6
DA:53,6
DA:54,5
DA:55,4
DA:57,4
DA:60,1
DA:65,1
LF:26
LH:26
BRDA:7,1,0,1
BRDA:7,1,1,0
BRDA:7,2,0,1
BRDA:7,2,1,1
BRDA:12,3,0,0
BRDA:12,3,1,1
BRDA:12,4,0,1
BRDA:12,4,1,0
BRDA:17,5,0,1
BRDA:17,5,1,0
BRDA:29,6,0,7
BRDA:29,6,1,5
BRDA:37,7,0,3
BRDA:37,7,1,1
BRDA:40,8,0,2
BRDA:40,8,1,1
BRDA:53,9,0,5
BRDA:53,9,1,1
BRF:18
BRH:18
end_of_record
TN:
SF:/Users/iliyan/projects/loader/dist/source/config-parser.js
FN:1,(anonymous_1)
FN:17,(anonymous_2)
FN:23,ConfigParser
FN:34,(anonymous_4)
FN:42,(anonymous_5)
FN:46,(anonymous_6)
FN:50,(anonymous_7)
FN:54,(anonymous_8)
FN:64,(anonymous_9)
FN:72,(anonymous_10)
FN:85,(anonymous_11)
FN:98,(anonymous_12)
FNF:12
FNH:12
FNDA:1,(anonymous_1)
FNDA:1,(anonymous_2)
FNDA:11,ConfigParser
FNDA:45,(anonymous_4)
FNDA:3,(anonymous_5)
FNDA:38,(anonymous_6)
FNDA:54,(anonymous_7)
FNDA:46,(anonymous_8)
FNDA:58,(anonymous_9)
FNDA:11,(anonymous_10)
FNDA:4,(anonymous_11)
FNDA:45,(anonymous_12)
DA:1,1
DA:4,1
DA:7,1
DA:8,1
DA:12,1
DA:13,1
DA:16,1
DA:21,1
DA:23,1
DA:24,11
DA:25,11
DA:26,11
DA:28,11
DA:31,1
DA:35,45
DA:37,45
DA:39,45
DA:43,3
DA:47,38
DA:51,54
DA:55,46
DA:57,46
DA:58,58
DA:60,58
DA:65,58
DA:66,7
DA:69,58
DA:73,11
DA:75,16
DA:76,16
DA:77,4
DA:79,12
DA:86,4
DA:88,37
DA:89,37
DA:91,37
DA:93,37
DA:100,45
DA:101,13
DA:103,13
DA:104,10
DA:107,13
DA:112,1
LF:43
LH:43
BRDA:7,1,0,1
BRDA:7,1,1,0
BRDA:7,2,0,1
BRDA:7,2,1,1
BRDA:12,3,0,0
BRDA:12,3,1,1
BRDA:12,4,0,1
BRDA:12,4,1,0
BRDA:17,5,0,1
BRDA:17,5,1,0
BRDA:65,6,0,7
BRDA:65,6,1,51
BRDA:75,7,0,16
BRDA:75,7,1,0
BRDA:76,8,0,4
BRDA:76,8,1,12
BRDA:88,9,0,37
BRDA:88,9,1,0
BRDA:100,10,0,13
BRDA:100,10,1,32
BRDA:103,11,0,10
BRDA:103,11,1,3
BRF:22
BRH:22
end_of_record
TN:
SF:/Users/iliyan/projects/loader/dist/source/dependency-builder.js
FN:1,(anonymous_1)
FN:17,(anonymous_2)
FN:23,DependencyBuilder
FN:32,(anonymous_4)
FN:53,(anonymous_5)
FN:73,(anonymous_6)
FN:94,(anonymous_7)
FN:108,(anonymous_8)
FN:116,(anonymous_9)
FNF:9
FNH:9
FNDA:1,(anonymous_1)
FNDA:1,(anonymous_2)
FNDA:8,DependencyBuilder
FNDA:7,(anonymous_4)
FNDA:7,(anonymous_5)
FNDA:37,(anonymous_6)
FNDA:7,(anonymous_7)
FNDA:6,(anonymous_8)
FNDA:39,(anonymous_9)
DA:1,1
DA:4,1
DA:7,1
DA:8,1
DA:12,1
DA:13,1
DA:16,1
DA:21,1
DA:23,1
DA:24,8
DA:26,8
DA:29,1
DA:35,7
DA:37,7
DA:39,7
DA:40,7
DA:44,5
DA:47,7
DA:50,5
DA:54,7
DA:58,7
DA:60,54
DA:61,54
DA:63,54
DA:64,54
DA:65,54
DA:69,7
DA:70,7
DA:74,37
DA:78,37
DA:79,5
DA:81,5
DA:82,6
DA:84,6
DA:86,4
DA:90,5
DA:97,7
DA:99,7
DA:100,12
DA:102,12
DA:103,11
DA:109,6
DA:110,1
DA:112,5
DA:119,39
DA:120,2
DA:124,37
DA:126,37
DA:127,28
DA:129,28
DA:131,28
DA:132,29
DA:134,29
DA:135,1
DA:138,28
DA:140,28
DA:143,24
DA:145,24
DA:147,24
DA:152,1
LF:60
LH:60
BRDA:7,1,0,1
BRDA:7,1,1,0
BRDA:7,2,0,1
BRDA:7,2,1,1
BRDA:12,3,0,0
BRDA:12,3,1,1
BRDA:12,4,0,1
BRDA:12,4,1,0
BRDA:17,5,0,1
BRDA:17,5,1,0
BRDA:60,6,0,54
BRDA:60,6,1,0
BRDA:78,7,0,5
BRDA:78,7,1,32
BRDA:78,8,0,37
BRDA:78,8,1,6
BRDA:84,9,0,4
BRDA:84,9,1,2
BRDA:84,10,0,6
BRDA:84,10,1,6
BRDA:102,11,0,11
BRDA:102,11,1,1
BRDA:109,12,0,1
BRDA:109,12,1,5
BRDA:119,13,0,2
BRDA:119,13,1,37
BRDA:126,14,0,28
BRDA:126,14,1,9
BRDA:134,15,0,1
BRDA:134,15,1,28
BRF:30
BRH:30
end_of_record
TN:
SF:/Users/iliyan/projects/loader/dist/source/url-builder.js
FN:1,(anonymous_1)
FN:17,(anonymous_2)
FN:21,URLBuilder
FN:28,(anonymous_4)
FNF:4
FNH:4
FNDA:1,(anonymous_1)
FNDA:1,(anonymous_2)
FNDA:3,URLBuilder
FNDA:3,(anonymous_4)
DA:1,1
DA:4,1
DA:7,1
DA:8,1
DA:12,1
DA:13,1
DA:16,1
DA:21,1
DA:22,3
DA:25,1
DA:29,3
DA:30,3
DA:32,3
DA:33,3
DA:35,3
DA:38,3
DA:39,3
DA:42,3
DA:43,3
DA:46,3
DA:47,1
DA:50,2
DA:51,1
DA:56,1
DA:59,3
DA:63,3
DA:64,1
DA:66,1
DA:69,3
DA:73,1
LF:30
LH:30
BRDA:7,1,0,1
BRDA:7,1,1,0
BRDA:7,2,0,1
BRDA:7,2,1,1
BRDA:12,3,0,0
BRDA:12,3,1,1
BRDA:12,4,0,1
BRDA:12,4,1,0
BRDA:17,5,0,1
BRDA:17,5,1,0
BRDA:38,6,0,3
BRDA:38,6,1,0
BRDA:46,7,0,1
BRDA:46,7,1,2
BRDA:50,8,0,1
BRDA:50,8,1,1
BRDA:63,9,0,1
BRDA:63,9,1,2
BRF:18
BRH:18
end_of_record
TN:
SF:/Users/iliyan/projects/loader/dist/source/script-loader.js
FN:1,(anonymous_1)
FN:20,(anonymous_2)
FN:24,Loader
FN:31,(anonymous_4)
FN:34,(anonymous_5)
FN:53,(anonymous_6)
FN:60,(anonymous_7)
FN:92,(anonymous_8)
FN:94,(anonymous_9)
FN:100,(anonymous_10)
FN:112,(anonymous_11)
FN:126,(anonymous_12)
FN:159,(anonymous_13)
FN:168,(anonymous_14)
FN:176,(anonymous_15)
FN:184,(anonymous_16)
FN:192,(anonymous_17)
FN:211,(anonymous_18)
FN:230,(anonymous_19)
FN:233,(anonymous_20)
FN:245,(anonymous_21)
FN:248,(anonymous_22)
FN:251,(anonymous_23)
FN:256,(anonymous_24)
FN:259,(anonymous_25)
FN:266,(anonymous_26)
FN:313,(anonymous_27)
FN:316,(anonymous_28)
FN:337,(anonymous_29)
FN:338,(anonymous_30)
FN:345,(anonymous_31)
FN:354,(anonymous_32)
FN:364,(anonymous_33)
FN:367,(anonymous_34)
FN:372,(anonymous_35)
FN:387,(anonymous_36)
FN:390,(anonymous_37)
FN:405,(anonymous_38)
FN:414,extend
FN:439,mix
FNF:40
FNH:8
FNDA:1,(anonymous_1)
FNDA:1,(anonymous_2)
FNDA:1,Loader
FNDA:1,(anonymous_4)
FNDA:1,(anonymous_5)
FNDA:0,(anonymous_6)
FNDA:0,(anonymous_7)
FNDA:0,(anonymous_8)
FNDA:0,(anonymous_9)
FNDA:0,(anonymous_10)
FNDA:0,(anonymous_11)
FNDA:0,(anonymous_12)
FNDA:1,(anonymous_13)
FNDA:0,(anonymous_14)
FNDA:0,(anonymous_15)
FNDA:0,(anonymous_16)
FNDA:0,(anonymous_17)
FNDA:0,(anonymous_18)
FNDA:0,(anonymous_19)
FNDA:0,(anonymous_20)
FNDA:0,(anonymous_21)
FNDA:0,(anonymous_22)
FNDA:0,(anonymous_23)
FNDA:0,(anonymous_24)
FNDA:0,(anonymous_25)
FNDA:0,(anonymous_26)
FNDA:0,(anonymous_27)
FNDA:0,(anonymous_28)
FNDA:0,(anonymous_29)
FNDA:0,(anonymous_30)
FNDA:0,(anonymous_31)
FNDA:0,(anonymous_32)
FNDA:0,(anonymous_33)
FNDA:0,(anonymous_34)
FNDA:0,(anonymous_35)
FNDA:0,(anonymous_36)
FNDA:0,(anonymous_37)
FNDA:0,(anonymous_38)
FNDA:1,extend
FNDA:1,mix
DA:1,1
DA:4,1
DA:7,1
DA:8,1
DA:12,1
DA:13,1
DA:17,1
DA:18,1
DA:19,1
DA:24,1
DA:25,1
DA:27,1
DA:30,1
DA:32,1
DA:34,1
DA:37,1
DA:39,1
DA:40,1
DA:41,1
DA:43,1
DA:45,0
DA:47,0
DA:48,0
DA:50,0
DA:52,0
DA:54,0
DA:61,0
DA:63,0
DA:64,0
DA:65,0
DA:67,0
DA:69,0
DA:70,0
DA:71,0
DA:72,0
DA:75,0
DA:77,0
DA:78,0
DA:79,0
DA:81,0
DA:82,0
DA:83,0
DA:85,0
DA:87,0
DA:92,0
DA:93,0
DA:95,0
DA:97,0
DA:98,0
DA:101,0
DA:102,0
DA:104,0
DA:105,0
DA:107,0
DA:113,0
DA:115,0
DA:117,0
DA:118,0
DA:120,0
DA:123,0
DA:127,0
DA:129,0
DA:131,0
DA:133,0
DA:134,0
DA:136,0
DA:137,0
DA:141,0
DA:143,0
DA:144,0
DA:147,0
DA:149,0
DA:150,0
DA:152,0
DA:156,0
DA:161,1
DA:162,1
DA:165,1
DA:169,0
DA:170,0
DA:173,0
DA:177,0
DA:178,0
DA:181,0
DA:185,0
DA:186,0
DA:189,0
DA:193,0
DA:195,0
DA:197,0
DA:198,0
DA:201,0
DA:204,0
DA:208,0
DA:212,0
DA:214,0
DA:216,0
DA:217,0
DA:220,0
DA:223,0
DA:227,0
DA:231,0
DA:233,0
DA:234,0
DA:236,0
DA:237,0
DA:239,0
DA:241,0
DA:242,0
DA:245,0
DA:246,0
DA:249,0
DA:252,0
DA:255,0
DA:257,0
DA:260,0
DA:267,0
DA:269,0
DA:272,0
DA:274,0
DA:275,0
DA:277,0
DA:282,0
DA:283,0
DA:285,0
DA:290,0
DA:292,0
DA:294,0
DA:298,0
DA:304,0
DA:306,0
DA:308,0
DA:310,0
DA:314,0
DA:316,0
DA:317,0
DA:318,0
DA:319,0
DA:322,0
DA:323,0
DA:324,0
DA:328,0
DA:330,0
DA:332,0
DA:338,0
DA:339,0
DA:341,0
DA:343,0
DA:345,0
DA:346,0
DA:348,0
DA:350,0
DA:354,0
DA:355,0
DA:357,0
DA:360,0
DA:365,0
DA:367,0
DA:368,0
DA:369,0
DA:372,0
DA:373,0
DA:375,0
DA:376,0
DA:378,0
DA:382,0
DA:388,0
DA:390,0
DA:391,0
DA:393,0
DA:394,0
DA:396,0
DA:398,0
DA:400,0
DA:401,0
DA:404,0
DA:406,0
DA:414,1
DA:415,1
DA:416,0
DA:419,1
DA:421,1
DA:423,1
DA:424,1
DA:427,1
DA:428,0
DA:432,1
DA:433,1
DA:436,1
DA:439,1
DA:440,1
DA:442,1
DA:444,16
DA:445,16
DA:449,1
DA:452,1
LF:196
LH:40
BRDA:7,1,0,1
BRDA:7,1,1,0
BRDA:7,2,0,1
BRDA:7,2,1,1
BRDA:12,3,0,0
BRDA:12,3,1,1
BRDA:12,4,0,1
BRDA:12,4,1,0
BRDA:20,5,0,1
BRDA:20,5,1,0
BRDA:27,6,0,1
BRDA:27,6,1,1
BRDA:37,7,0,1
BRDA:37,7,1,1
BRDA:47,8,0,0
BRDA:47,8,1,0
BRDA:67,9,0,0
BRDA:67,9,1,0
BRDA:69,10,0,0
BRDA:69,10,1,0
BRDA:71,11,0,0
BRDA:71,11,1,0
BRDA:72,12,0,0
BRDA:72,12,1,0
BRDA:78,13,0,0
BRDA:78,13,1,0
BRDA:81,14,0,0
BRDA:81,14,1,0
BRDA:83,15,0,0
BRDA:83,15,1,0
BRDA:97,16,0,0
BRDA:97,16,1,0
BRDA:101,17,0,0
BRDA:101,17,1,0
BRDA:104,18,0,0
BRDA:104,18,1,0
BRDA:120,19,0,0
BRDA:120,19,1,0
BRDA:136,20,0,0
BRDA:136,20,1,0
BRDA:143,21,0,0
BRDA:143,21,1,0
BRDA:149,22,0,0
BRDA:149,22,1,0
BRDA:161,23,0,1
BRDA:161,23,1,0
BRDA:169,24,0,0
BRDA:169,24,1,0
BRDA:177,25,0,0
BRDA:177,25,1,0
BRDA:185,26,0,0
BRDA:185,26,1,0
BRDA:201,27,0,0
BRDA:201,27,1,0
BRDA:201,28,0,0
BRDA:201,28,1,0
BRDA:201,28,2,0
BRDA:220,29,0,0
BRDA:220,29,1,0
BRDA:220,30,0,0
BRDA:220,30,1,0
BRDA:220,30,2,0
BRDA:220,30,3,0
BRDA:236,31,0,0
BRDA:236,31,1,0
BRDA:282,32,0,0
BRDA:282,32,1,0
BRDA:304,33,0,0
BRDA:304,33,1,0
BRDA:323,34,0,0
BRDA:323,34,1,0
BRDA:346,35,0,0
BRDA:346,35,1,0
BRDA:346,36,0,0
BRDA:346,36,1,0
BRDA:346,36,2,0
BRDA:368,37,0,0
BRDA:368,37,1,0
BRDA:375,38,0,0
BRDA:375,38,1,0
BRDA:393,39,0,0
BRDA:393,39,1,0
BRDA:415,40,0,0
BRDA:415,40,1,1
BRDA:415,41,0,1
BRDA:415,41,1,1
BRDA:427,42,0,0
BRDA:427,42,1,1
BRDA:427,43,0,1
BRDA:427,43,1,1
BRDA:432,44,0,1
BRDA:432,44,1,0
BRDA:444,45,0,16
BRDA:444,45,1,0
BRF:94
BRH:25
end_of_record
